2025-03-11 13:04:24 - fatura_bot - INFO - Encontrados 1 e-mails não lidos
2025-03-11 13:04:24 - fatura_bot - INFO - Encontrados 1 e-mails não lidos
2025-03-11 13:04:24 - fatura_bot - INFO - Encontrados 1 e-mails não lidos
2025-03-11 13:04:26 - fatura_bot - INFO - Baixando anexo: https://lrvseguros.com.br:2096/cpsess3573155973/3rdparty/roundcube/?_task=mail&_action=get&_mbox=INBOX&_uid=2420&_token=iuoFa6iMAwmJIxwJ5n2fhglFJoEThKRQ&_part=2
2025-03-11 13:04:26 - fatura_bot - INFO - Baixando anexo: https://lrvseguros.com.br:2096/cpsess3573155973/3rdparty/roundcube/?_task=mail&_action=get&_mbox=INBOX&_uid=2420&_token=iuoFa6iMAwmJIxwJ5n2fhglFJoEThKRQ&_part=2
2025-03-11 13:04:26 - fatura_bot - INFO - Baixando anexo: https://lrvseguros.com.br:2096/cpsess3573155973/3rdparty/roundcube/?_task=mail&_action=get&_mbox=INBOX&_uid=2420&_token=iuoFa6iMAwmJIxwJ5n2fhglFJoEThKRQ&_part=2
2025-03-11 13:04:28 - fatura_bot - INFO - Arquivo salvo como: resumo de embarques - jfs transportes e comercio ltda - rctr-c - janeiro - 2025.pdf
2025-03-11 13:04:28 - fatura_bot - INFO - Arquivo salvo como: resumo de embarques - jfs transportes e comercio ltda - rctr-c - janeiro - 2025.pdf
2025-03-11 13:04:28 - fatura_bot - INFO - Arquivo salvo como: resumo de embarques - jfs transportes e comercio ltda - rctr-c - janeiro - 2025.pdf
2025-03-11 13:04:28 - fatura_bot - INFO - Baixando anexo: https://lrvseguros.com.br:2096/cpsess3573155973/3rdparty/roundcube/?_task=mail&_action=get&_mbox=INBOX&_uid=2420&_token=iuoFa6iMAwmJIxwJ5n2fhglFJoEThKRQ&_part=3
2025-03-11 13:04:28 - fatura_bot - INFO - Baixando anexo: https://lrvseguros.com.br:2096/cpsess3573155973/3rdparty/roundcube/?_task=mail&_action=get&_mbox=INBOX&_uid=2420&_token=iuoFa6iMAwmJIxwJ5n2fhglFJoEThKRQ&_part=3
2025-03-11 13:04:28 - fatura_bot - INFO - Baixando anexo: https://lrvseguros.com.br:2096/cpsess3573155973/3rdparty/roundcube/?_task=mail&_action=get&_mbox=INBOX&_uid=2420&_token=iuoFa6iMAwmJIxwJ5n2fhglFJoEThKRQ&_part=3
2025-03-11 13:04:29 - fatura_bot - INFO - Arquivo salvo como: endosso de fatura e boleto - jfs transportes e comercio ltda - rctr-c - janeiro - 2025.pdf
2025-03-11 13:04:29 - fatura_bot - INFO - Arquivo salvo como: endosso de fatura e boleto - jfs transportes e comercio ltda - rctr-c - janeiro - 2025.pdf
2025-03-11 13:04:29 - fatura_bot - INFO - Arquivo salvo como: endosso de fatura e boleto - jfs transportes e comercio ltda - rctr-c - janeiro - 2025.pdf
2025-03-11 13:04:32 - fatura_bot - INFO - E-mails arquivados com sucesso
2025-03-11 13:04:32 - fatura_bot - INFO - E-mails arquivados com sucesso
2025-03-11 13:04:32 - fatura_bot - INFO - E-mails arquivados com sucesso
2025-03-11 13:04:34 - fatura_bot - INFO - Processando documento: endosso de fatura e boleto - jfs transportes e comercio ltda - rctr-c - janeiro - 2025.pdf
2025-03-11 13:04:34 - fatura_bot - INFO - Processando documento: endosso de fatura e boleto - jfs transportes e comercio ltda - rctr-c - janeiro - 2025.pdf
2025-03-11 13:04:34 - fatura_bot - INFO - Processando documento: endosso de fatura e boleto - jfs transportes e comercio ltda - rctr-c - janeiro - 2025.pdf
2025-03-11 13:04:53 - fatura_bot - INFO - Iniciando processo de automação
2025-03-11 13:04:53 - fatura_bot - INFO - Iniciando processo de automação
2025-03-11 13:04:53 - fatura_bot - INFO - Iniciando processo de automação
2025-03-11 13:07:57 - fatura_bot - INFO - Encontrados 1 e-mails não lidos
2025-03-11 13:07:57 - fatura_bot - INFO - Encontrados 1 e-mails não lidos
2025-03-11 13:07:57 - fatura_bot - INFO - Encontrados 1 e-mails não lidos
2025-03-11 13:07:58 - fatura_bot - INFO - Baixando anexo: https://lrvseguros.com.br:2096/cpsess4620689540/3rdparty/roundcube/?_task=mail&_action=get&_mbox=INBOX&_uid=2421&_token=8qy9uk2e2Ohfm2Y8UtEzZeSzmtsBv0aU&_part=2
2025-03-11 13:07:58 - fatura_bot - INFO - Baixando anexo: https://lrvseguros.com.br:2096/cpsess4620689540/3rdparty/roundcube/?_task=mail&_action=get&_mbox=INBOX&_uid=2421&_token=8qy9uk2e2Ohfm2Y8UtEzZeSzmtsBv0aU&_part=2
2025-03-11 13:07:58 - fatura_bot - INFO - Baixando anexo: https://lrvseguros.com.br:2096/cpsess4620689540/3rdparty/roundcube/?_task=mail&_action=get&_mbox=INBOX&_uid=2421&_token=8qy9uk2e2Ohfm2Y8UtEzZeSzmtsBv0aU&_part=2
2025-03-11 13:07:59 - fatura_bot - INFO - Arquivo salvo como: resumo de embarques - jfs transportes e comercio ltda - rctr-c - janeiro - 2025.pdf
2025-03-11 13:07:59 - fatura_bot - INFO - Arquivo salvo como: resumo de embarques - jfs transportes e comercio ltda - rctr-c - janeiro - 2025.pdf
2025-03-11 13:07:59 - fatura_bot - INFO - Arquivo salvo como: resumo de embarques - jfs transportes e comercio ltda - rctr-c - janeiro - 2025.pdf
2025-03-11 13:07:59 - fatura_bot - INFO - Baixando anexo: https://lrvseguros.com.br:2096/cpsess4620689540/3rdparty/roundcube/?_task=mail&_action=get&_mbox=INBOX&_uid=2421&_token=8qy9uk2e2Ohfm2Y8UtEzZeSzmtsBv0aU&_part=3
2025-03-11 13:07:59 - fatura_bot - INFO - Baixando anexo: https://lrvseguros.com.br:2096/cpsess4620689540/3rdparty/roundcube/?_task=mail&_action=get&_mbox=INBOX&_uid=2421&_token=8qy9uk2e2Ohfm2Y8UtEzZeSzmtsBv0aU&_part=3
2025-03-11 13:07:59 - fatura_bot - INFO - Baixando anexo: https://lrvseguros.com.br:2096/cpsess4620689540/3rdparty/roundcube/?_task=mail&_action=get&_mbox=INBOX&_uid=2421&_token=8qy9uk2e2Ohfm2Y8UtEzZeSzmtsBv0aU&_part=3
2025-03-11 13:08:01 - fatura_bot - INFO - Arquivo salvo como: endosso de fatura e boleto - jfs transportes e comercio ltda - rctr-c - janeiro - 2025.pdf
2025-03-11 13:08:01 - fatura_bot - INFO - Arquivo salvo como: endosso de fatura e boleto - jfs transportes e comercio ltda - rctr-c - janeiro - 2025.pdf
2025-03-11 13:08:01 - fatura_bot - INFO - Arquivo salvo como: endosso de fatura e boleto - jfs transportes e comercio ltda - rctr-c - janeiro - 2025.pdf
2025-03-11 13:08:04 - fatura_bot - INFO - E-mails arquivados com sucesso
2025-03-11 13:08:04 - fatura_bot - INFO - E-mails arquivados com sucesso
2025-03-11 13:08:04 - fatura_bot - INFO - E-mails arquivados com sucesso
2025-03-11 13:08:06 - fatura_bot - INFO - Processando documento: endosso de fatura e boleto - jfs transportes e comercio ltda - rctr-c - janeiro - 2025.pdf
2025-03-11 13:08:06 - fatura_bot - INFO - Processando documento: endosso de fatura e boleto - jfs transportes e comercio ltda - rctr-c - janeiro - 2025.pdf
2025-03-11 13:08:06 - fatura_bot - INFO - Processando documento: endosso de fatura e boleto - jfs transportes e comercio ltda - rctr-c - janeiro - 2025.pdf
2025-03-11 13:08:23 - fatura_bot - INFO - Iniciando processo de automação
2025-03-11 13:08:23 - fatura_bot - INFO - Iniciando processo de automação
2025-03-11 13:08:23 - fatura_bot - INFO - Iniciando processo de automação
2025-03-11 13:19:42 - fatura_bot - INFO - Encontrados 1 e-mails não lidos
2025-03-11 13:19:42 - fatura_bot - INFO - Encontrados 1 e-mails não lidos
2025-03-11 13:19:42 - fatura_bot - INFO - Encontrados 1 e-mails não lidos
2025-03-11 13:19:44 - fatura_bot - INFO - Baixando anexo: https://lrvseguros.com.br:2096/cpsess0412036348/3rdparty/roundcube/?_task=mail&_action=get&_mbox=INBOX&_uid=2422&_token=tAZI3lM0MM345vnzDdPLDQbw8K5Ti6Db&_part=2
2025-03-11 13:19:44 - fatura_bot - INFO - Baixando anexo: https://lrvseguros.com.br:2096/cpsess0412036348/3rdparty/roundcube/?_task=mail&_action=get&_mbox=INBOX&_uid=2422&_token=tAZI3lM0MM345vnzDdPLDQbw8K5Ti6Db&_part=2
2025-03-11 13:19:44 - fatura_bot - INFO - Baixando anexo: https://lrvseguros.com.br:2096/cpsess0412036348/3rdparty/roundcube/?_task=mail&_action=get&_mbox=INBOX&_uid=2422&_token=tAZI3lM0MM345vnzDdPLDQbw8K5Ti6Db&_part=2
2025-03-11 13:19:46 - fatura_bot - INFO - Arquivo salvo como: resumo de embarques - jfs transportes e comercio ltda - rctr-c - janeiro - 2025.pdf
2025-03-11 13:19:46 - fatura_bot - INFO - Arquivo salvo como: resumo de embarques - jfs transportes e comercio ltda - rctr-c - janeiro - 2025.pdf
2025-03-11 13:19:46 - fatura_bot - INFO - Arquivo salvo como: resumo de embarques - jfs transportes e comercio ltda - rctr-c - janeiro - 2025.pdf
2025-03-11 13:19:46 - fatura_bot - INFO - Baixando anexo: https://lrvseguros.com.br:2096/cpsess0412036348/3rdparty/roundcube/?_task=mail&_action=get&_mbox=INBOX&_uid=2422&_token=tAZI3lM0MM345vnzDdPLDQbw8K5Ti6Db&_part=3
2025-03-11 13:19:46 - fatura_bot - INFO - Baixando anexo: https://lrvseguros.com.br:2096/cpsess0412036348/3rdparty/roundcube/?_task=mail&_action=get&_mbox=INBOX&_uid=2422&_token=tAZI3lM0MM345vnzDdPLDQbw8K5Ti6Db&_part=3
2025-03-11 13:19:46 - fatura_bot - INFO - Baixando anexo: https://lrvseguros.com.br:2096/cpsess0412036348/3rdparty/roundcube/?_task=mail&_action=get&_mbox=INBOX&_uid=2422&_token=tAZI3lM0MM345vnzDdPLDQbw8K5Ti6Db&_part=3
2025-03-11 13:19:47 - fatura_bot - INFO - Arquivo salvo como: endosso de fatura e boleto - jfs transportes e comercio ltda - rctr-c - janeiro - 2025.pdf
2025-03-11 13:19:47 - fatura_bot - INFO - Arquivo salvo como: endosso de fatura e boleto - jfs transportes e comercio ltda - rctr-c - janeiro - 2025.pdf
2025-03-11 13:19:47 - fatura_bot - INFO - Arquivo salvo como: endosso de fatura e boleto - jfs transportes e comercio ltda - rctr-c - janeiro - 2025.pdf
2025-03-11 13:19:50 - fatura_bot - INFO - E-mails arquivados com sucesso
2025-03-11 13:19:50 - fatura_bot - INFO - E-mails arquivados com sucesso
2025-03-11 13:19:50 - fatura_bot - INFO - E-mails arquivados com sucesso
2025-03-11 13:19:52 - fatura_bot - INFO - Processando documento: endosso de fatura e boleto - jfs transportes e comercio ltda - rctr-c - janeiro - 2025.pdf
2025-03-11 13:19:52 - fatura_bot - INFO - Processando documento: endosso de fatura e boleto - jfs transportes e comercio ltda - rctr-c - janeiro - 2025.pdf
2025-03-11 13:19:52 - fatura_bot - INFO - Processando documento: endosso de fatura e boleto - jfs transportes e comercio ltda - rctr-c - janeiro - 2025.pdf
2025-03-11 13:20:09 - fatura_bot - INFO - Iniciando processo de automação
2025-03-11 13:20:09 - fatura_bot - INFO - Iniciando processo de automação
2025-03-11 13:20:09 - fatura_bot - INFO - Iniciando processo de automação
2025-03-11 13:20:30 - fatura_bot - ERROR - Erro ao processar documento Chubb: list index out of range
Traceback (most recent call last):
  File "c:\Users\ESTAGIARIO\Desktop\bots\Bot-Faturas\main.py", line 192, in <module>
    quiver(dados, documento, tipo_seguradora=TIPO_SEGURADORA['chubb'])
    ~~~~~~^^^^^^^^^^^^^^^^^^^^^^^^^^^^^^^^^^^^^^^^^^^^^^^^^^^^^^^^^^^^
  File "c:\Users\ESTAGIARIO\Desktop\bots\Bot-Faturas\src\services\web_automation.py", line 222, in quiver
    driver.execute_script("arguments[0].value = arguments[1];", campo_data_emissao, dados[data_emissao_idx])
                                                                                    ~~~~~^^^^^^^^^^^^^^^^^^
IndexError: list index out of range
2025-03-11 13:20:30 - fatura_bot - ERROR - Erro ao processar documento Chubb: list index out of range
Traceback (most recent call last):
  File "c:\Users\ESTAGIARIO\Desktop\bots\Bot-Faturas\main.py", line 192, in <module>
    quiver(dados, documento, tipo_seguradora=TIPO_SEGURADORA['chubb'])
    ~~~~~~^^^^^^^^^^^^^^^^^^^^^^^^^^^^^^^^^^^^^^^^^^^^^^^^^^^^^^^^^^^^
  File "c:\Users\ESTAGIARIO\Desktop\bots\Bot-Faturas\src\services\web_automation.py", line 222, in quiver
    driver.execute_script("arguments[0].value = arguments[1];", campo_data_emissao, dados[data_emissao_idx])
                                                                                    ~~~~~^^^^^^^^^^^^^^^^^^
IndexError: list index out of range
2025-03-11 13:20:30 - fatura_bot - ERROR - Erro ao processar documento Chubb: list index out of range
Traceback (most recent call last):
  File "c:\Users\ESTAGIARIO\Desktop\bots\Bot-Faturas\main.py", line 192, in <module>
    quiver(dados, documento, tipo_seguradora=TIPO_SEGURADORA['chubb'])
    ~~~~~~^^^^^^^^^^^^^^^^^^^^^^^^^^^^^^^^^^^^^^^^^^^^^^^^^^^^^^^^^^^^
  File "c:\Users\ESTAGIARIO\Desktop\bots\Bot-Faturas\src\services\web_automation.py", line 222, in quiver
    driver.execute_script("arguments[0].value = arguments[1];", campo_data_emissao, dados[data_emissao_idx])
                                                                                    ~~~~~^^^^^^^^^^^^^^^^^^
IndexError: list index out of range
2025-03-11 13:20:30 - fatura_bot - INFO - Processamento concluído
2025-03-11 13:20:30 - fatura_bot - INFO - Processamento concluído
2025-03-11 13:20:30 - fatura_bot - INFO - Processamento concluído
2025-03-11 13:21:50 - fatura_bot - INFO - Encontrados 1 e-mails não lidos
2025-03-11 13:21:50 - fatura_bot - INFO - Encontrados 1 e-mails não lidos
2025-03-11 13:21:50 - fatura_bot - INFO - Encontrados 1 e-mails não lidos
2025-03-11 13:21:53 - fatura_bot - INFO - Baixando anexo: https://lrvseguros.com.br:2096/cpsess2260491225/3rdparty/roundcube/?_task=mail&_action=get&_mbox=INBOX&_uid=2423&_token=tAht2OF45TuKpPYeMrCWMpfZx4pkA5xw&_part=2
2025-03-11 13:21:53 - fatura_bot - INFO - Baixando anexo: https://lrvseguros.com.br:2096/cpsess2260491225/3rdparty/roundcube/?_task=mail&_action=get&_mbox=INBOX&_uid=2423&_token=tAht2OF45TuKpPYeMrCWMpfZx4pkA5xw&_part=2
2025-03-11 13:21:53 - fatura_bot - INFO - Baixando anexo: https://lrvseguros.com.br:2096/cpsess2260491225/3rdparty/roundcube/?_task=mail&_action=get&_mbox=INBOX&_uid=2423&_token=tAht2OF45TuKpPYeMrCWMpfZx4pkA5xw&_part=2
2025-03-11 13:21:54 - fatura_bot - INFO - Arquivo salvo como: resumo de embarques - jfs transportes e comercio ltda - rctr-c - janeiro - 2025.pdf
2025-03-11 13:21:54 - fatura_bot - INFO - Arquivo salvo como: resumo de embarques - jfs transportes e comercio ltda - rctr-c - janeiro - 2025.pdf
2025-03-11 13:21:54 - fatura_bot - INFO - Arquivo salvo como: resumo de embarques - jfs transportes e comercio ltda - rctr-c - janeiro - 2025.pdf
2025-03-11 13:21:54 - fatura_bot - INFO - Baixando anexo: https://lrvseguros.com.br:2096/cpsess2260491225/3rdparty/roundcube/?_task=mail&_action=get&_mbox=INBOX&_uid=2423&_token=tAht2OF45TuKpPYeMrCWMpfZx4pkA5xw&_part=3
2025-03-11 13:21:54 - fatura_bot - INFO - Baixando anexo: https://lrvseguros.com.br:2096/cpsess2260491225/3rdparty/roundcube/?_task=mail&_action=get&_mbox=INBOX&_uid=2423&_token=tAht2OF45TuKpPYeMrCWMpfZx4pkA5xw&_part=3
2025-03-11 13:21:54 - fatura_bot - INFO - Baixando anexo: https://lrvseguros.com.br:2096/cpsess2260491225/3rdparty/roundcube/?_task=mail&_action=get&_mbox=INBOX&_uid=2423&_token=tAht2OF45TuKpPYeMrCWMpfZx4pkA5xw&_part=3
2025-03-11 13:21:55 - fatura_bot - INFO - Arquivo salvo como: endosso de fatura e boleto - jfs transportes e comercio ltda - rctr-c - janeiro - 2025.pdf
2025-03-11 13:21:55 - fatura_bot - INFO - Arquivo salvo como: endosso de fatura e boleto - jfs transportes e comercio ltda - rctr-c - janeiro - 2025.pdf
2025-03-11 13:21:55 - fatura_bot - INFO - Arquivo salvo como: endosso de fatura e boleto - jfs transportes e comercio ltda - rctr-c - janeiro - 2025.pdf
2025-03-11 13:21:58 - fatura_bot - INFO - E-mails arquivados com sucesso
2025-03-11 13:21:58 - fatura_bot - INFO - E-mails arquivados com sucesso
2025-03-11 13:21:58 - fatura_bot - INFO - E-mails arquivados com sucesso
2025-03-11 13:22:01 - fatura_bot - INFO - Processando documento: endosso de fatura e boleto - jfs transportes e comercio ltda - rctr-c - janeiro - 2025.pdf
2025-03-11 13:22:01 - fatura_bot - INFO - Processando documento: endosso de fatura e boleto - jfs transportes e comercio ltda - rctr-c - janeiro - 2025.pdf
2025-03-11 13:22:01 - fatura_bot - INFO - Processando documento: endosso de fatura e boleto - jfs transportes e comercio ltda - rctr-c - janeiro - 2025.pdf
2025-03-11 13:22:19 - fatura_bot - INFO - Iniciando processo de automação
2025-03-11 13:22:19 - fatura_bot - INFO - Iniciando processo de automação
2025-03-11 13:22:19 - fatura_bot - INFO - Iniciando processo de automação
2025-03-11 13:22:43 - fatura_bot - ERROR - Erro ao processar documento Chubb: Message: element click intercepted: Element <iframe id="ZonaInterna" name="ZonaInterna" scrolling="no" onload="CloseCarrega();" frameborder="0" style="z-index: 1; overflow: hidden; height: 1367px;" width="100%" src="FrmConsultaFast.aspx?pagina=ConsultaEmissaoERecusa&amp;modulo=Professional&amp;tituloOpc=Propostas/Apólices&amp;idOpcao=EMISSOESRECUSAS&amp;Formulario=FastBoot/FrmCadastroNovo.aspx?pagina=Documento&amp;IDSESSAO=bDloSkJMODlDYWYzT25BQnlqUU5TcndCRGoyc2tpRG1EODc0UWtIWGZCakhJeWY4K1V4aUdpNUVPK3A1V2tWaQ==&amp;IDSESSAOABA=105624015" cd_frame_id_="462092f3169e32cbd25bc8a4071dc7ad"></iframe> is not clickable at point (673, 434). Other element would receive the click: <button type="button" class="swal2-confirm btn btn-success" aria-label="">...</button>
  (Session info: chrome=133.0.6943.142)
Stacktrace:
	GetHandleVerifier [0x00007FF67646C6A5+28789]
	(No symbol) [0x00007FF6763D5B20]
	(No symbol) [0x00007FF676268F9A]
	(No symbol) [0x00007FF6762C71E9]
	(No symbol) [0x00007FF6762C4BA2]
	(No symbol) [0x00007FF6762C23CF]
	(No symbol) [0x00007FF6762C0B51]
	(No symbol) [0x00007FF6762B2314]
	(No symbol) [0x00007FF6762E732A]
	(No symbol) [0x00007FF6762B1BC6]
	(No symbol) [0x00007FF6762E7540]
	(No symbol) [0x00007FF67630F7E3]
	(No symbol) [0x00007FF6762E7103]
	(No symbol) [0x00007FF6762AFFC0]
	(No symbol) [0x00007FF6762B1273]
	GetHandleVerifier [0x00007FF6767B1AED+3458237]
	GetHandleVerifier [0x00007FF6767C829C+3550316]
	GetHandleVerifier [0x00007FF6767BDB9D+3507565]
	GetHandleVerifier [0x00007FF676532C6A+841274]
	(No symbol) [0x00007FF6763E09EF]
	(No symbol) [0x00007FF6763DCB34]
	(No symbol) [0x00007FF6763DCCD6]
	(No symbol) [0x00007FF6763CC119]
	BaseThreadInitThunk [0x00007FFCE356259D+29]
	RtlUserThreadStart [0x00007FFCE3B0AF38+40]
Traceback (most recent call last):
  File "c:\Users\ESTAGIARIO\Desktop\bots\Bot-Faturas\main.py", line 192, in <module>
    quiver(dados, documento, tipo_seguradora=TIPO_SEGURADORA['chubb'])
    ~~~~~~^^^^^^^^^^^^^^^^^^^^^^^^^^^^^^^^^^^^^^^^^^^^^^^^^^^^^^^^^^^^
  File "c:\Users\ESTAGIARIO\Desktop\bots\Bot-Faturas\src\services\web_automation.py", line 236, in quiver
    botao_gravar.click()
    ~~~~~~~~~~~~~~~~~~^^
  File "C:\Users\ESTAGIARIO\AppData\Roaming\Python\Python313\site-packages\selenium\webdriver\remote\webelement.py", line 119, in click
    self._execute(Command.CLICK_ELEMENT)
    ~~~~~~~~~~~~~^^^^^^^^^^^^^^^^^^^^^^^
  File "C:\Users\ESTAGIARIO\AppData\Roaming\Python\Python313\site-packages\selenium\webdriver\remote\webelement.py", line 570, in _execute
    return self._parent.execute(command, params)
           ~~~~~~~~~~~~~~~~~~~~^^^^^^^^^^^^^^^^^
  File "C:\Users\ESTAGIARIO\AppData\Roaming\Python\Python313\site-packages\selenium\webdriver\remote\webdriver.py", line 429, in execute
    self.error_handler.check_response(response)
    ~~~~~~~~~~~~~~~~~~~~~~~~~~~~~~~~~^^^^^^^^^^
  File "C:\Users\ESTAGIARIO\AppData\Roaming\Python\Python313\site-packages\selenium\webdriver\remote\errorhandler.py", line 232, in check_response
    raise exception_class(message, screen, stacktrace)
selenium.common.exceptions.ElementClickInterceptedException: Message: element click intercepted: Element <iframe id="ZonaInterna" name="ZonaInterna" scrolling="no" onload="CloseCarrega();" frameborder="0" style="z-index: 1; overflow: hidden; height: 1367px;" width="100%" src="FrmConsultaFast.aspx?pagina=ConsultaEmissaoERecusa&amp;modulo=Professional&amp;tituloOpc=Propostas/Apólices&amp;idOpcao=EMISSOESRECUSAS&amp;Formulario=FastBoot/FrmCadastroNovo.aspx?pagina=Documento&amp;IDSESSAO=bDloSkJMODlDYWYzT25BQnlqUU5TcndCRGoyc2tpRG1EODc0UWtIWGZCakhJeWY4K1V4aUdpNUVPK3A1V2tWaQ==&amp;IDSESSAOABA=105624015" cd_frame_id_="462092f3169e32cbd25bc8a4071dc7ad"></iframe> is not clickable at point (673, 434). Other element would receive the click: <button type="button" class="swal2-confirm btn btn-success" aria-label="">...</button>
  (Session info: chrome=133.0.6943.142)
Stacktrace:
	GetHandleVerifier [0x00007FF67646C6A5+28789]
	(No symbol) [0x00007FF6763D5B20]
	(No symbol) [0x00007FF676268F9A]
	(No symbol) [0x00007FF6762C71E9]
	(No symbol) [0x00007FF6762C4BA2]
	(No symbol) [0x00007FF6762C23CF]
	(No symbol) [0x00007FF6762C0B51]
	(No symbol) [0x00007FF6762B2314]
	(No symbol) [0x00007FF6762E732A]
	(No symbol) [0x00007FF6762B1BC6]
	(No symbol) [0x00007FF6762E7540]
	(No symbol) [0x00007FF67630F7E3]
	(No symbol) [0x00007FF6762E7103]
	(No symbol) [0x00007FF6762AFFC0]
	(No symbol) [0x00007FF6762B1273]
	GetHandleVerifier [0x00007FF6767B1AED+3458237]
	GetHandleVerifier [0x00007FF6767C829C+3550316]
	GetHandleVerifier [0x00007FF6767BDB9D+3507565]
	GetHandleVerifier [0x00007FF676532C6A+841274]
	(No symbol) [0x00007FF6763E09EF]
	(No symbol) [0x00007FF6763DCB34]
	(No symbol) [0x00007FF6763DCCD6]
	(No symbol) [0x00007FF6763CC119]
	BaseThreadInitThunk [0x00007FFCE356259D+29]
	RtlUserThreadStart [0x00007FFCE3B0AF38+40]

2025-03-11 13:22:43 - fatura_bot - ERROR - Erro ao processar documento Chubb: Message: element click intercepted: Element <iframe id="ZonaInterna" name="ZonaInterna" scrolling="no" onload="CloseCarrega();" frameborder="0" style="z-index: 1; overflow: hidden; height: 1367px;" width="100%" src="FrmConsultaFast.aspx?pagina=ConsultaEmissaoERecusa&amp;modulo=Professional&amp;tituloOpc=Propostas/Apólices&amp;idOpcao=EMISSOESRECUSAS&amp;Formulario=FastBoot/FrmCadastroNovo.aspx?pagina=Documento&amp;IDSESSAO=bDloSkJMODlDYWYzT25BQnlqUU5TcndCRGoyc2tpRG1EODc0UWtIWGZCakhJeWY4K1V4aUdpNUVPK3A1V2tWaQ==&amp;IDSESSAOABA=105624015" cd_frame_id_="462092f3169e32cbd25bc8a4071dc7ad"></iframe> is not clickable at point (673, 434). Other element would receive the click: <button type="button" class="swal2-confirm btn btn-success" aria-label="">...</button>
  (Session info: chrome=133.0.6943.142)
Stacktrace:
	GetHandleVerifier [0x00007FF67646C6A5+28789]
	(No symbol) [0x00007FF6763D5B20]
	(No symbol) [0x00007FF676268F9A]
	(No symbol) [0x00007FF6762C71E9]
	(No symbol) [0x00007FF6762C4BA2]
	(No symbol) [0x00007FF6762C23CF]
	(No symbol) [0x00007FF6762C0B51]
	(No symbol) [0x00007FF6762B2314]
	(No symbol) [0x00007FF6762E732A]
	(No symbol) [0x00007FF6762B1BC6]
	(No symbol) [0x00007FF6762E7540]
	(No symbol) [0x00007FF67630F7E3]
	(No symbol) [0x00007FF6762E7103]
	(No symbol) [0x00007FF6762AFFC0]
	(No symbol) [0x00007FF6762B1273]
	GetHandleVerifier [0x00007FF6767B1AED+3458237]
	GetHandleVerifier [0x00007FF6767C829C+3550316]
	GetHandleVerifier [0x00007FF6767BDB9D+3507565]
	GetHandleVerifier [0x00007FF676532C6A+841274]
	(No symbol) [0x00007FF6763E09EF]
	(No symbol) [0x00007FF6763DCB34]
	(No symbol) [0x00007FF6763DCCD6]
	(No symbol) [0x00007FF6763CC119]
	BaseThreadInitThunk [0x00007FFCE356259D+29]
	RtlUserThreadStart [0x00007FFCE3B0AF38+40]
Traceback (most recent call last):
  File "c:\Users\ESTAGIARIO\Desktop\bots\Bot-Faturas\main.py", line 192, in <module>
    quiver(dados, documento, tipo_seguradora=TIPO_SEGURADORA['chubb'])
    ~~~~~~^^^^^^^^^^^^^^^^^^^^^^^^^^^^^^^^^^^^^^^^^^^^^^^^^^^^^^^^^^^^
  File "c:\Users\ESTAGIARIO\Desktop\bots\Bot-Faturas\src\services\web_automation.py", line 236, in quiver
    botao_gravar.click()
    ~~~~~~~~~~~~~~~~~~^^
  File "C:\Users\ESTAGIARIO\AppData\Roaming\Python\Python313\site-packages\selenium\webdriver\remote\webelement.py", line 119, in click
    self._execute(Command.CLICK_ELEMENT)
    ~~~~~~~~~~~~~^^^^^^^^^^^^^^^^^^^^^^^
  File "C:\Users\ESTAGIARIO\AppData\Roaming\Python\Python313\site-packages\selenium\webdriver\remote\webelement.py", line 570, in _execute
    return self._parent.execute(command, params)
           ~~~~~~~~~~~~~~~~~~~~^^^^^^^^^^^^^^^^^
  File "C:\Users\ESTAGIARIO\AppData\Roaming\Python\Python313\site-packages\selenium\webdriver\remote\webdriver.py", line 429, in execute
    self.error_handler.check_response(response)
    ~~~~~~~~~~~~~~~~~~~~~~~~~~~~~~~~~^^^^^^^^^^
  File "C:\Users\ESTAGIARIO\AppData\Roaming\Python\Python313\site-packages\selenium\webdriver\remote\errorhandler.py", line 232, in check_response
    raise exception_class(message, screen, stacktrace)
selenium.common.exceptions.ElementClickInterceptedException: Message: element click intercepted: Element <iframe id="ZonaInterna" name="ZonaInterna" scrolling="no" onload="CloseCarrega();" frameborder="0" style="z-index: 1; overflow: hidden; height: 1367px;" width="100%" src="FrmConsultaFast.aspx?pagina=ConsultaEmissaoERecusa&amp;modulo=Professional&amp;tituloOpc=Propostas/Apólices&amp;idOpcao=EMISSOESRECUSAS&amp;Formulario=FastBoot/FrmCadastroNovo.aspx?pagina=Documento&amp;IDSESSAO=bDloSkJMODlDYWYzT25BQnlqUU5TcndCRGoyc2tpRG1EODc0UWtIWGZCakhJeWY4K1V4aUdpNUVPK3A1V2tWaQ==&amp;IDSESSAOABA=105624015" cd_frame_id_="462092f3169e32cbd25bc8a4071dc7ad"></iframe> is not clickable at point (673, 434). Other element would receive the click: <button type="button" class="swal2-confirm btn btn-success" aria-label="">...</button>
  (Session info: chrome=133.0.6943.142)
Stacktrace:
	GetHandleVerifier [0x00007FF67646C6A5+28789]
	(No symbol) [0x00007FF6763D5B20]
	(No symbol) [0x00007FF676268F9A]
	(No symbol) [0x00007FF6762C71E9]
	(No symbol) [0x00007FF6762C4BA2]
	(No symbol) [0x00007FF6762C23CF]
	(No symbol) [0x00007FF6762C0B51]
	(No symbol) [0x00007FF6762B2314]
	(No symbol) [0x00007FF6762E732A]
	(No symbol) [0x00007FF6762B1BC6]
	(No symbol) [0x00007FF6762E7540]
	(No symbol) [0x00007FF67630F7E3]
	(No symbol) [0x00007FF6762E7103]
	(No symbol) [0x00007FF6762AFFC0]
	(No symbol) [0x00007FF6762B1273]
	GetHandleVerifier [0x00007FF6767B1AED+3458237]
	GetHandleVerifier [0x00007FF6767C829C+3550316]
	GetHandleVerifier [0x00007FF6767BDB9D+3507565]
	GetHandleVerifier [0x00007FF676532C6A+841274]
	(No symbol) [0x00007FF6763E09EF]
	(No symbol) [0x00007FF6763DCB34]
	(No symbol) [0x00007FF6763DCCD6]
	(No symbol) [0x00007FF6763CC119]
	BaseThreadInitThunk [0x00007FFCE356259D+29]
	RtlUserThreadStart [0x00007FFCE3B0AF38+40]

2025-03-11 13:22:43 - fatura_bot - ERROR - Erro ao processar documento Chubb: Message: element click intercepted: Element <iframe id="ZonaInterna" name="ZonaInterna" scrolling="no" onload="CloseCarrega();" frameborder="0" style="z-index: 1; overflow: hidden; height: 1367px;" width="100%" src="FrmConsultaFast.aspx?pagina=ConsultaEmissaoERecusa&amp;modulo=Professional&amp;tituloOpc=Propostas/Apólices&amp;idOpcao=EMISSOESRECUSAS&amp;Formulario=FastBoot/FrmCadastroNovo.aspx?pagina=Documento&amp;IDSESSAO=bDloSkJMODlDYWYzT25BQnlqUU5TcndCRGoyc2tpRG1EODc0UWtIWGZCakhJeWY4K1V4aUdpNUVPK3A1V2tWaQ==&amp;IDSESSAOABA=105624015" cd_frame_id_="462092f3169e32cbd25bc8a4071dc7ad"></iframe> is not clickable at point (673, 434). Other element would receive the click: <button type="button" class="swal2-confirm btn btn-success" aria-label="">...</button>
  (Session info: chrome=133.0.6943.142)
Stacktrace:
	GetHandleVerifier [0x00007FF67646C6A5+28789]
	(No symbol) [0x00007FF6763D5B20]
	(No symbol) [0x00007FF676268F9A]
	(No symbol) [0x00007FF6762C71E9]
	(No symbol) [0x00007FF6762C4BA2]
	(No symbol) [0x00007FF6762C23CF]
	(No symbol) [0x00007FF6762C0B51]
	(No symbol) [0x00007FF6762B2314]
	(No symbol) [0x00007FF6762E732A]
	(No symbol) [0x00007FF6762B1BC6]
	(No symbol) [0x00007FF6762E7540]
	(No symbol) [0x00007FF67630F7E3]
	(No symbol) [0x00007FF6762E7103]
	(No symbol) [0x00007FF6762AFFC0]
	(No symbol) [0x00007FF6762B1273]
	GetHandleVerifier [0x00007FF6767B1AED+3458237]
	GetHandleVerifier [0x00007FF6767C829C+3550316]
	GetHandleVerifier [0x00007FF6767BDB9D+3507565]
	GetHandleVerifier [0x00007FF676532C6A+841274]
	(No symbol) [0x00007FF6763E09EF]
	(No symbol) [0x00007FF6763DCB34]
	(No symbol) [0x00007FF6763DCCD6]
	(No symbol) [0x00007FF6763CC119]
	BaseThreadInitThunk [0x00007FFCE356259D+29]
	RtlUserThreadStart [0x00007FFCE3B0AF38+40]
Traceback (most recent call last):
  File "c:\Users\ESTAGIARIO\Desktop\bots\Bot-Faturas\main.py", line 192, in <module>
    quiver(dados, documento, tipo_seguradora=TIPO_SEGURADORA['chubb'])
    ~~~~~~^^^^^^^^^^^^^^^^^^^^^^^^^^^^^^^^^^^^^^^^^^^^^^^^^^^^^^^^^^^^
  File "c:\Users\ESTAGIARIO\Desktop\bots\Bot-Faturas\src\services\web_automation.py", line 236, in quiver
    botao_gravar.click()
    ~~~~~~~~~~~~~~~~~~^^
  File "C:\Users\ESTAGIARIO\AppData\Roaming\Python\Python313\site-packages\selenium\webdriver\remote\webelement.py", line 119, in click
    self._execute(Command.CLICK_ELEMENT)
    ~~~~~~~~~~~~~^^^^^^^^^^^^^^^^^^^^^^^
  File "C:\Users\ESTAGIARIO\AppData\Roaming\Python\Python313\site-packages\selenium\webdriver\remote\webelement.py", line 570, in _execute
    return self._parent.execute(command, params)
           ~~~~~~~~~~~~~~~~~~~~^^^^^^^^^^^^^^^^^
  File "C:\Users\ESTAGIARIO\AppData\Roaming\Python\Python313\site-packages\selenium\webdriver\remote\webdriver.py", line 429, in execute
    self.error_handler.check_response(response)
    ~~~~~~~~~~~~~~~~~~~~~~~~~~~~~~~~~^^^^^^^^^^
  File "C:\Users\ESTAGIARIO\AppData\Roaming\Python\Python313\site-packages\selenium\webdriver\remote\errorhandler.py", line 232, in check_response
    raise exception_class(message, screen, stacktrace)
selenium.common.exceptions.ElementClickInterceptedException: Message: element click intercepted: Element <iframe id="ZonaInterna" name="ZonaInterna" scrolling="no" onload="CloseCarrega();" frameborder="0" style="z-index: 1; overflow: hidden; height: 1367px;" width="100%" src="FrmConsultaFast.aspx?pagina=ConsultaEmissaoERecusa&amp;modulo=Professional&amp;tituloOpc=Propostas/Apólices&amp;idOpcao=EMISSOESRECUSAS&amp;Formulario=FastBoot/FrmCadastroNovo.aspx?pagina=Documento&amp;IDSESSAO=bDloSkJMODlDYWYzT25BQnlqUU5TcndCRGoyc2tpRG1EODc0UWtIWGZCakhJeWY4K1V4aUdpNUVPK3A1V2tWaQ==&amp;IDSESSAOABA=105624015" cd_frame_id_="462092f3169e32cbd25bc8a4071dc7ad"></iframe> is not clickable at point (673, 434). Other element would receive the click: <button type="button" class="swal2-confirm btn btn-success" aria-label="">...</button>
  (Session info: chrome=133.0.6943.142)
Stacktrace:
	GetHandleVerifier [0x00007FF67646C6A5+28789]
	(No symbol) [0x00007FF6763D5B20]
	(No symbol) [0x00007FF676268F9A]
	(No symbol) [0x00007FF6762C71E9]
	(No symbol) [0x00007FF6762C4BA2]
	(No symbol) [0x00007FF6762C23CF]
	(No symbol) [0x00007FF6762C0B51]
	(No symbol) [0x00007FF6762B2314]
	(No symbol) [0x00007FF6762E732A]
	(No symbol) [0x00007FF6762B1BC6]
	(No symbol) [0x00007FF6762E7540]
	(No symbol) [0x00007FF67630F7E3]
	(No symbol) [0x00007FF6762E7103]
	(No symbol) [0x00007FF6762AFFC0]
	(No symbol) [0x00007FF6762B1273]
	GetHandleVerifier [0x00007FF6767B1AED+3458237]
	GetHandleVerifier [0x00007FF6767C829C+3550316]
	GetHandleVerifier [0x00007FF6767BDB9D+3507565]
	GetHandleVerifier [0x00007FF676532C6A+841274]
	(No symbol) [0x00007FF6763E09EF]
	(No symbol) [0x00007FF6763DCB34]
	(No symbol) [0x00007FF6763DCCD6]
	(No symbol) [0x00007FF6763CC119]
	BaseThreadInitThunk [0x00007FFCE356259D+29]
	RtlUserThreadStart [0x00007FFCE3B0AF38+40]

2025-03-11 13:22:43 - fatura_bot - INFO - Processamento concluído
2025-03-11 13:22:43 - fatura_bot - INFO - Processamento concluído
2025-03-11 13:22:43 - fatura_bot - INFO - Processamento concluído
2025-03-11 13:30:55 - fatura_bot - INFO - Encontrados 1 e-mails não lidos
2025-03-11 13:30:55 - fatura_bot - INFO - Encontrados 1 e-mails não lidos
2025-03-11 13:30:55 - fatura_bot - INFO - Encontrados 1 e-mails não lidos
2025-03-11 13:30:57 - fatura_bot - INFO - Baixando anexo: https://lrvseguros.com.br:2096/cpsess5279940502/3rdparty/roundcube/?_task=mail&_action=get&_mbox=INBOX&_uid=2424&_token=byUKeggYBiceHN2G17OJ1Kp52qKa3HpS&_part=2
2025-03-11 13:30:57 - fatura_bot - INFO - Baixando anexo: https://lrvseguros.com.br:2096/cpsess5279940502/3rdparty/roundcube/?_task=mail&_action=get&_mbox=INBOX&_uid=2424&_token=byUKeggYBiceHN2G17OJ1Kp52qKa3HpS&_part=2
2025-03-11 13:30:57 - fatura_bot - INFO - Baixando anexo: https://lrvseguros.com.br:2096/cpsess5279940502/3rdparty/roundcube/?_task=mail&_action=get&_mbox=INBOX&_uid=2424&_token=byUKeggYBiceHN2G17OJ1Kp52qKa3HpS&_part=2
2025-03-11 13:30:58 - fatura_bot - INFO - Arquivo salvo como: resumo de embarques - jfs transportes e comercio ltda - rctr-c - janeiro - 2025.pdf
2025-03-11 13:30:58 - fatura_bot - INFO - Arquivo salvo como: resumo de embarques - jfs transportes e comercio ltda - rctr-c - janeiro - 2025.pdf
2025-03-11 13:30:58 - fatura_bot - INFO - Arquivo salvo como: resumo de embarques - jfs transportes e comercio ltda - rctr-c - janeiro - 2025.pdf
2025-03-11 13:30:58 - fatura_bot - INFO - Baixando anexo: https://lrvseguros.com.br:2096/cpsess5279940502/3rdparty/roundcube/?_task=mail&_action=get&_mbox=INBOX&_uid=2424&_token=byUKeggYBiceHN2G17OJ1Kp52qKa3HpS&_part=3
2025-03-11 13:30:58 - fatura_bot - INFO - Baixando anexo: https://lrvseguros.com.br:2096/cpsess5279940502/3rdparty/roundcube/?_task=mail&_action=get&_mbox=INBOX&_uid=2424&_token=byUKeggYBiceHN2G17OJ1Kp52qKa3HpS&_part=3
2025-03-11 13:30:58 - fatura_bot - INFO - Baixando anexo: https://lrvseguros.com.br:2096/cpsess5279940502/3rdparty/roundcube/?_task=mail&_action=get&_mbox=INBOX&_uid=2424&_token=byUKeggYBiceHN2G17OJ1Kp52qKa3HpS&_part=3
2025-03-11 13:30:59 - fatura_bot - INFO - Arquivo salvo como: endosso de fatura e boleto - jfs transportes e comercio ltda - rctr-c - janeiro - 2025.pdf
2025-03-11 13:30:59 - fatura_bot - INFO - Arquivo salvo como: endosso de fatura e boleto - jfs transportes e comercio ltda - rctr-c - janeiro - 2025.pdf
2025-03-11 13:30:59 - fatura_bot - INFO - Arquivo salvo como: endosso de fatura e boleto - jfs transportes e comercio ltda - rctr-c - janeiro - 2025.pdf
2025-03-11 13:31:02 - fatura_bot - INFO - E-mails arquivados com sucesso
2025-03-11 13:31:02 - fatura_bot - INFO - E-mails arquivados com sucesso
2025-03-11 13:31:02 - fatura_bot - INFO - E-mails arquivados com sucesso
2025-03-11 13:31:06 - fatura_bot - INFO - Processando documento: endosso de fatura e boleto - jfs transportes e comercio ltda - rctr-c - janeiro - 2025.pdf
2025-03-11 13:31:06 - fatura_bot - INFO - Processando documento: endosso de fatura e boleto - jfs transportes e comercio ltda - rctr-c - janeiro - 2025.pdf
2025-03-11 13:31:06 - fatura_bot - INFO - Processando documento: endosso de fatura e boleto - jfs transportes e comercio ltda - rctr-c - janeiro - 2025.pdf
2025-03-11 13:31:23 - fatura_bot - INFO - Iniciando processo de automação
2025-03-11 13:31:23 - fatura_bot - INFO - Iniciando processo de automação
2025-03-11 13:31:23 - fatura_bot - INFO - Iniciando processo de automação
2025-03-11 13:34:51 - fatura_bot - INFO - Encontrados 1 e-mails não lidos
2025-03-11 13:34:51 - fatura_bot - INFO - Encontrados 1 e-mails não lidos
2025-03-11 13:34:51 - fatura_bot - INFO - Encontrados 1 e-mails não lidos
2025-03-11 13:34:52 - fatura_bot - INFO - Baixando anexo: https://lrvseguros.com.br:2096/cpsess8137977322/3rdparty/roundcube/?_task=mail&_action=get&_mbox=INBOX&_uid=2425&_token=Jin2hYT8vpkzan96Edt5sVaNbaa5DjVz&_part=2
2025-03-11 13:34:52 - fatura_bot - INFO - Baixando anexo: https://lrvseguros.com.br:2096/cpsess8137977322/3rdparty/roundcube/?_task=mail&_action=get&_mbox=INBOX&_uid=2425&_token=Jin2hYT8vpkzan96Edt5sVaNbaa5DjVz&_part=2
2025-03-11 13:34:52 - fatura_bot - INFO - Baixando anexo: https://lrvseguros.com.br:2096/cpsess8137977322/3rdparty/roundcube/?_task=mail&_action=get&_mbox=INBOX&_uid=2425&_token=Jin2hYT8vpkzan96Edt5sVaNbaa5DjVz&_part=2
2025-03-11 13:34:53 - fatura_bot - INFO - Arquivo salvo como: resumo de embarques - jfs transportes e comercio ltda - rctr-c - janeiro - 2025.pdf
2025-03-11 13:34:53 - fatura_bot - INFO - Arquivo salvo como: resumo de embarques - jfs transportes e comercio ltda - rctr-c - janeiro - 2025.pdf
2025-03-11 13:34:53 - fatura_bot - INFO - Arquivo salvo como: resumo de embarques - jfs transportes e comercio ltda - rctr-c - janeiro - 2025.pdf
2025-03-11 13:34:53 - fatura_bot - INFO - Baixando anexo: https://lrvseguros.com.br:2096/cpsess8137977322/3rdparty/roundcube/?_task=mail&_action=get&_mbox=INBOX&_uid=2425&_token=Jin2hYT8vpkzan96Edt5sVaNbaa5DjVz&_part=3
2025-03-11 13:34:53 - fatura_bot - INFO - Baixando anexo: https://lrvseguros.com.br:2096/cpsess8137977322/3rdparty/roundcube/?_task=mail&_action=get&_mbox=INBOX&_uid=2425&_token=Jin2hYT8vpkzan96Edt5sVaNbaa5DjVz&_part=3
2025-03-11 13:34:53 - fatura_bot - INFO - Baixando anexo: https://lrvseguros.com.br:2096/cpsess8137977322/3rdparty/roundcube/?_task=mail&_action=get&_mbox=INBOX&_uid=2425&_token=Jin2hYT8vpkzan96Edt5sVaNbaa5DjVz&_part=3
2025-03-11 13:34:55 - fatura_bot - INFO - Arquivo salvo como: endosso de fatura e boleto - jfs transportes e comercio ltda - rctr-c - janeiro - 2025.pdf
2025-03-11 13:34:55 - fatura_bot - INFO - Arquivo salvo como: endosso de fatura e boleto - jfs transportes e comercio ltda - rctr-c - janeiro - 2025.pdf
2025-03-11 13:34:55 - fatura_bot - INFO - Arquivo salvo como: endosso de fatura e boleto - jfs transportes e comercio ltda - rctr-c - janeiro - 2025.pdf
2025-03-11 13:34:58 - fatura_bot - INFO - E-mails arquivados com sucesso
2025-03-11 13:34:58 - fatura_bot - INFO - E-mails arquivados com sucesso
2025-03-11 13:34:58 - fatura_bot - INFO - E-mails arquivados com sucesso
2025-03-11 13:35:01 - fatura_bot - INFO - Processando documento: endosso de fatura e boleto - jfs transportes e comercio ltda - rctr-c - janeiro - 2025.pdf
2025-03-11 13:35:01 - fatura_bot - INFO - Processando documento: endosso de fatura e boleto - jfs transportes e comercio ltda - rctr-c - janeiro - 2025.pdf
2025-03-11 13:35:01 - fatura_bot - INFO - Processando documento: endosso de fatura e boleto - jfs transportes e comercio ltda - rctr-c - janeiro - 2025.pdf
2025-03-11 13:35:18 - fatura_bot - INFO - Iniciando processo de automação
2025-03-11 13:35:18 - fatura_bot - INFO - Iniciando processo de automação
2025-03-11 13:35:18 - fatura_bot - INFO - Iniciando processo de automação
2025-03-11 13:35:42 - fatura_bot - ERROR - Erro ao processar documento Chubb: Message: element click intercepted: Element <iframe id="ZonaInterna" name="ZonaInterna" scrolling="no" onload="CloseCarrega();" frameborder="0" style="z-index: 1; overflow: hidden; height: 1367px;" width="100%" src="FrmConsultaFast.aspx?pagina=ConsultaEmissaoERecusa&amp;modulo=Professional&amp;tituloOpc=Propostas/Apólices&amp;idOpcao=EMISSOESRECUSAS&amp;Formulario=FastBoot/FrmCadastroNovo.aspx?pagina=Documento&amp;IDSESSAO=ZkRlakc4dHUrQlUyUlZ3eWpTOHRZbHl5MEtjY2gvZWpyZlF2Y0c3SnFvMUZhTGsyWng0VEZwQjBjMXV3b1NBVA==&amp;IDSESSAOABA=105625485" cd_frame_id_="26f7bad221c8ea7bf1910881f580c02e"></iframe> is not clickable at point (673, 434). Other element would receive the click: <button type="button" class="swal2-confirm btn btn-success" aria-label="">...</button>
  (Session info: chrome=133.0.6943.142)
Stacktrace:
	GetHandleVerifier [0x00007FF67646C6A5+28789]
	(No symbol) [0x00007FF6763D5B20]
	(No symbol) [0x00007FF676268F9A]
	(No symbol) [0x00007FF6762C71E9]
	(No symbol) [0x00007FF6762C4BA2]
	(No symbol) [0x00007FF6762C23CF]
	(No symbol) [0x00007FF6762C0B51]
	(No symbol) [0x00007FF6762B2314]
	(No symbol) [0x00007FF6762E732A]
	(No symbol) [0x00007FF6762B1BC6]
	(No symbol) [0x00007FF6762E7540]
	(No symbol) [0x00007FF67630F7E3]
	(No symbol) [0x00007FF6762E7103]
	(No symbol) [0x00007FF6762AFFC0]
	(No symbol) [0x00007FF6762B1273]
	GetHandleVerifier [0x00007FF6767B1AED+3458237]
	GetHandleVerifier [0x00007FF6767C829C+3550316]
	GetHandleVerifier [0x00007FF6767BDB9D+3507565]
	GetHandleVerifier [0x00007FF676532C6A+841274]
	(No symbol) [0x00007FF6763E09EF]
	(No symbol) [0x00007FF6763DCB34]
	(No symbol) [0x00007FF6763DCCD6]
	(No symbol) [0x00007FF6763CC119]
	BaseThreadInitThunk [0x00007FFCE356259D+29]
	RtlUserThreadStart [0x00007FFCE3B0AF38+40]
Traceback (most recent call last):
  File "c:\Users\ESTAGIARIO\Desktop\bots\Bot-Faturas\main.py", line 192, in <module>
    quiver(dados, documento, tipo_seguradora=TIPO_SEGURADORA['chubb'])
    ~~~~~~^^^^^^^^^^^^^^^^^^^^^^^^^^^^^^^^^^^^^^^^^^^^^^^^^^^^^^^^^^^^
  File "c:\Users\ESTAGIARIO\Desktop\bots\Bot-Faturas\src\services\web_automation.py", line 236, in quiver
    botao_gravar.click()
    ~~~~~~~~~~~~~~~~~~^^
  File "C:\Users\ESTAGIARIO\AppData\Roaming\Python\Python313\site-packages\selenium\webdriver\remote\webelement.py", line 119, in click
    self._execute(Command.CLICK_ELEMENT)
    ~~~~~~~~~~~~~^^^^^^^^^^^^^^^^^^^^^^^
  File "C:\Users\ESTAGIARIO\AppData\Roaming\Python\Python313\site-packages\selenium\webdriver\remote\webelement.py", line 570, in _execute
    return self._parent.execute(command, params)
           ~~~~~~~~~~~~~~~~~~~~^^^^^^^^^^^^^^^^^
  File "C:\Users\ESTAGIARIO\AppData\Roaming\Python\Python313\site-packages\selenium\webdriver\remote\webdriver.py", line 429, in execute
    self.error_handler.check_response(response)
    ~~~~~~~~~~~~~~~~~~~~~~~~~~~~~~~~~^^^^^^^^^^
  File "C:\Users\ESTAGIARIO\AppData\Roaming\Python\Python313\site-packages\selenium\webdriver\remote\errorhandler.py", line 232, in check_response
    raise exception_class(message, screen, stacktrace)
selenium.common.exceptions.ElementClickInterceptedException: Message: element click intercepted: Element <iframe id="ZonaInterna" name="ZonaInterna" scrolling="no" onload="CloseCarrega();" frameborder="0" style="z-index: 1; overflow: hidden; height: 1367px;" width="100%" src="FrmConsultaFast.aspx?pagina=ConsultaEmissaoERecusa&amp;modulo=Professional&amp;tituloOpc=Propostas/Apólices&amp;idOpcao=EMISSOESRECUSAS&amp;Formulario=FastBoot/FrmCadastroNovo.aspx?pagina=Documento&amp;IDSESSAO=ZkRlakc4dHUrQlUyUlZ3eWpTOHRZbHl5MEtjY2gvZWpyZlF2Y0c3SnFvMUZhTGsyWng0VEZwQjBjMXV3b1NBVA==&amp;IDSESSAOABA=105625485" cd_frame_id_="26f7bad221c8ea7bf1910881f580c02e"></iframe> is not clickable at point (673, 434). Other element would receive the click: <button type="button" class="swal2-confirm btn btn-success" aria-label="">...</button>
  (Session info: chrome=133.0.6943.142)
Stacktrace:
	GetHandleVerifier [0x00007FF67646C6A5+28789]
	(No symbol) [0x00007FF6763D5B20]
	(No symbol) [0x00007FF676268F9A]
	(No symbol) [0x00007FF6762C71E9]
	(No symbol) [0x00007FF6762C4BA2]
	(No symbol) [0x00007FF6762C23CF]
	(No symbol) [0x00007FF6762C0B51]
	(No symbol) [0x00007FF6762B2314]
	(No symbol) [0x00007FF6762E732A]
	(No symbol) [0x00007FF6762B1BC6]
	(No symbol) [0x00007FF6762E7540]
	(No symbol) [0x00007FF67630F7E3]
	(No symbol) [0x00007FF6762E7103]
	(No symbol) [0x00007FF6762AFFC0]
	(No symbol) [0x00007FF6762B1273]
	GetHandleVerifier [0x00007FF6767B1AED+3458237]
	GetHandleVerifier [0x00007FF6767C829C+3550316]
	GetHandleVerifier [0x00007FF6767BDB9D+3507565]
	GetHandleVerifier [0x00007FF676532C6A+841274]
	(No symbol) [0x00007FF6763E09EF]
	(No symbol) [0x00007FF6763DCB34]
	(No symbol) [0x00007FF6763DCCD6]
	(No symbol) [0x00007FF6763CC119]
	BaseThreadInitThunk [0x00007FFCE356259D+29]
	RtlUserThreadStart [0x00007FFCE3B0AF38+40]

2025-03-11 13:35:42 - fatura_bot - ERROR - Erro ao processar documento Chubb: Message: element click intercepted: Element <iframe id="ZonaInterna" name="ZonaInterna" scrolling="no" onload="CloseCarrega();" frameborder="0" style="z-index: 1; overflow: hidden; height: 1367px;" width="100%" src="FrmConsultaFast.aspx?pagina=ConsultaEmissaoERecusa&amp;modulo=Professional&amp;tituloOpc=Propostas/Apólices&amp;idOpcao=EMISSOESRECUSAS&amp;Formulario=FastBoot/FrmCadastroNovo.aspx?pagina=Documento&amp;IDSESSAO=ZkRlakc4dHUrQlUyUlZ3eWpTOHRZbHl5MEtjY2gvZWpyZlF2Y0c3SnFvMUZhTGsyWng0VEZwQjBjMXV3b1NBVA==&amp;IDSESSAOABA=105625485" cd_frame_id_="26f7bad221c8ea7bf1910881f580c02e"></iframe> is not clickable at point (673, 434). Other element would receive the click: <button type="button" class="swal2-confirm btn btn-success" aria-label="">...</button>
  (Session info: chrome=133.0.6943.142)
Stacktrace:
	GetHandleVerifier [0x00007FF67646C6A5+28789]
	(No symbol) [0x00007FF6763D5B20]
	(No symbol) [0x00007FF676268F9A]
	(No symbol) [0x00007FF6762C71E9]
	(No symbol) [0x00007FF6762C4BA2]
	(No symbol) [0x00007FF6762C23CF]
	(No symbol) [0x00007FF6762C0B51]
	(No symbol) [0x00007FF6762B2314]
	(No symbol) [0x00007FF6762E732A]
	(No symbol) [0x00007FF6762B1BC6]
	(No symbol) [0x00007FF6762E7540]
	(No symbol) [0x00007FF67630F7E3]
	(No symbol) [0x00007FF6762E7103]
	(No symbol) [0x00007FF6762AFFC0]
	(No symbol) [0x00007FF6762B1273]
	GetHandleVerifier [0x00007FF6767B1AED+3458237]
	GetHandleVerifier [0x00007FF6767C829C+3550316]
	GetHandleVerifier [0x00007FF6767BDB9D+3507565]
	GetHandleVerifier [0x00007FF676532C6A+841274]
	(No symbol) [0x00007FF6763E09EF]
	(No symbol) [0x00007FF6763DCB34]
	(No symbol) [0x00007FF6763DCCD6]
	(No symbol) [0x00007FF6763CC119]
	BaseThreadInitThunk [0x00007FFCE356259D+29]
	RtlUserThreadStart [0x00007FFCE3B0AF38+40]
Traceback (most recent call last):
  File "c:\Users\ESTAGIARIO\Desktop\bots\Bot-Faturas\main.py", line 192, in <module>
    quiver(dados, documento, tipo_seguradora=TIPO_SEGURADORA['chubb'])
    ~~~~~~^^^^^^^^^^^^^^^^^^^^^^^^^^^^^^^^^^^^^^^^^^^^^^^^^^^^^^^^^^^^
  File "c:\Users\ESTAGIARIO\Desktop\bots\Bot-Faturas\src\services\web_automation.py", line 236, in quiver
    botao_gravar.click()
    ~~~~~~~~~~~~~~~~~~^^
  File "C:\Users\ESTAGIARIO\AppData\Roaming\Python\Python313\site-packages\selenium\webdriver\remote\webelement.py", line 119, in click
    self._execute(Command.CLICK_ELEMENT)
    ~~~~~~~~~~~~~^^^^^^^^^^^^^^^^^^^^^^^
  File "C:\Users\ESTAGIARIO\AppData\Roaming\Python\Python313\site-packages\selenium\webdriver\remote\webelement.py", line 570, in _execute
    return self._parent.execute(command, params)
           ~~~~~~~~~~~~~~~~~~~~^^^^^^^^^^^^^^^^^
  File "C:\Users\ESTAGIARIO\AppData\Roaming\Python\Python313\site-packages\selenium\webdriver\remote\webdriver.py", line 429, in execute
    self.error_handler.check_response(response)
    ~~~~~~~~~~~~~~~~~~~~~~~~~~~~~~~~~^^^^^^^^^^
  File "C:\Users\ESTAGIARIO\AppData\Roaming\Python\Python313\site-packages\selenium\webdriver\remote\errorhandler.py", line 232, in check_response
    raise exception_class(message, screen, stacktrace)
selenium.common.exceptions.ElementClickInterceptedException: Message: element click intercepted: Element <iframe id="ZonaInterna" name="ZonaInterna" scrolling="no" onload="CloseCarrega();" frameborder="0" style="z-index: 1; overflow: hidden; height: 1367px;" width="100%" src="FrmConsultaFast.aspx?pagina=ConsultaEmissaoERecusa&amp;modulo=Professional&amp;tituloOpc=Propostas/Apólices&amp;idOpcao=EMISSOESRECUSAS&amp;Formulario=FastBoot/FrmCadastroNovo.aspx?pagina=Documento&amp;IDSESSAO=ZkRlakc4dHUrQlUyUlZ3eWpTOHRZbHl5MEtjY2gvZWpyZlF2Y0c3SnFvMUZhTGsyWng0VEZwQjBjMXV3b1NBVA==&amp;IDSESSAOABA=105625485" cd_frame_id_="26f7bad221c8ea7bf1910881f580c02e"></iframe> is not clickable at point (673, 434). Other element would receive the click: <button type="button" class="swal2-confirm btn btn-success" aria-label="">...</button>
  (Session info: chrome=133.0.6943.142)
Stacktrace:
	GetHandleVerifier [0x00007FF67646C6A5+28789]
	(No symbol) [0x00007FF6763D5B20]
	(No symbol) [0x00007FF676268F9A]
	(No symbol) [0x00007FF6762C71E9]
	(No symbol) [0x00007FF6762C4BA2]
	(No symbol) [0x00007FF6762C23CF]
	(No symbol) [0x00007FF6762C0B51]
	(No symbol) [0x00007FF6762B2314]
	(No symbol) [0x00007FF6762E732A]
	(No symbol) [0x00007FF6762B1BC6]
	(No symbol) [0x00007FF6762E7540]
	(No symbol) [0x00007FF67630F7E3]
	(No symbol) [0x00007FF6762E7103]
	(No symbol) [0x00007FF6762AFFC0]
	(No symbol) [0x00007FF6762B1273]
	GetHandleVerifier [0x00007FF6767B1AED+3458237]
	GetHandleVerifier [0x00007FF6767C829C+3550316]
	GetHandleVerifier [0x00007FF6767BDB9D+3507565]
	GetHandleVerifier [0x00007FF676532C6A+841274]
	(No symbol) [0x00007FF6763E09EF]
	(No symbol) [0x00007FF6763DCB34]
	(No symbol) [0x00007FF6763DCCD6]
	(No symbol) [0x00007FF6763CC119]
	BaseThreadInitThunk [0x00007FFCE356259D+29]
	RtlUserThreadStart [0x00007FFCE3B0AF38+40]

2025-03-11 13:35:42 - fatura_bot - ERROR - Erro ao processar documento Chubb: Message: element click intercepted: Element <iframe id="ZonaInterna" name="ZonaInterna" scrolling="no" onload="CloseCarrega();" frameborder="0" style="z-index: 1; overflow: hidden; height: 1367px;" width="100%" src="FrmConsultaFast.aspx?pagina=ConsultaEmissaoERecusa&amp;modulo=Professional&amp;tituloOpc=Propostas/Apólices&amp;idOpcao=EMISSOESRECUSAS&amp;Formulario=FastBoot/FrmCadastroNovo.aspx?pagina=Documento&amp;IDSESSAO=ZkRlakc4dHUrQlUyUlZ3eWpTOHRZbHl5MEtjY2gvZWpyZlF2Y0c3SnFvMUZhTGsyWng0VEZwQjBjMXV3b1NBVA==&amp;IDSESSAOABA=105625485" cd_frame_id_="26f7bad221c8ea7bf1910881f580c02e"></iframe> is not clickable at point (673, 434). Other element would receive the click: <button type="button" class="swal2-confirm btn btn-success" aria-label="">...</button>
  (Session info: chrome=133.0.6943.142)
Stacktrace:
	GetHandleVerifier [0x00007FF67646C6A5+28789]
	(No symbol) [0x00007FF6763D5B20]
	(No symbol) [0x00007FF676268F9A]
	(No symbol) [0x00007FF6762C71E9]
	(No symbol) [0x00007FF6762C4BA2]
	(No symbol) [0x00007FF6762C23CF]
	(No symbol) [0x00007FF6762C0B51]
	(No symbol) [0x00007FF6762B2314]
	(No symbol) [0x00007FF6762E732A]
	(No symbol) [0x00007FF6762B1BC6]
	(No symbol) [0x00007FF6762E7540]
	(No symbol) [0x00007FF67630F7E3]
	(No symbol) [0x00007FF6762E7103]
	(No symbol) [0x00007FF6762AFFC0]
	(No symbol) [0x00007FF6762B1273]
	GetHandleVerifier [0x00007FF6767B1AED+3458237]
	GetHandleVerifier [0x00007FF6767C829C+3550316]
	GetHandleVerifier [0x00007FF6767BDB9D+3507565]
	GetHandleVerifier [0x00007FF676532C6A+841274]
	(No symbol) [0x00007FF6763E09EF]
	(No symbol) [0x00007FF6763DCB34]
	(No symbol) [0x00007FF6763DCCD6]
	(No symbol) [0x00007FF6763CC119]
	BaseThreadInitThunk [0x00007FFCE356259D+29]
	RtlUserThreadStart [0x00007FFCE3B0AF38+40]
Traceback (most recent call last):
  File "c:\Users\ESTAGIARIO\Desktop\bots\Bot-Faturas\main.py", line 192, in <module>
    quiver(dados, documento, tipo_seguradora=TIPO_SEGURADORA['chubb'])
    ~~~~~~^^^^^^^^^^^^^^^^^^^^^^^^^^^^^^^^^^^^^^^^^^^^^^^^^^^^^^^^^^^^
  File "c:\Users\ESTAGIARIO\Desktop\bots\Bot-Faturas\src\services\web_automation.py", line 236, in quiver
    botao_gravar.click()
    ~~~~~~~~~~~~~~~~~~^^
  File "C:\Users\ESTAGIARIO\AppData\Roaming\Python\Python313\site-packages\selenium\webdriver\remote\webelement.py", line 119, in click
    self._execute(Command.CLICK_ELEMENT)
    ~~~~~~~~~~~~~^^^^^^^^^^^^^^^^^^^^^^^
  File "C:\Users\ESTAGIARIO\AppData\Roaming\Python\Python313\site-packages\selenium\webdriver\remote\webelement.py", line 570, in _execute
    return self._parent.execute(command, params)
           ~~~~~~~~~~~~~~~~~~~~^^^^^^^^^^^^^^^^^
  File "C:\Users\ESTAGIARIO\AppData\Roaming\Python\Python313\site-packages\selenium\webdriver\remote\webdriver.py", line 429, in execute
    self.error_handler.check_response(response)
    ~~~~~~~~~~~~~~~~~~~~~~~~~~~~~~~~~^^^^^^^^^^
  File "C:\Users\ESTAGIARIO\AppData\Roaming\Python\Python313\site-packages\selenium\webdriver\remote\errorhandler.py", line 232, in check_response
    raise exception_class(message, screen, stacktrace)
selenium.common.exceptions.ElementClickInterceptedException: Message: element click intercepted: Element <iframe id="ZonaInterna" name="ZonaInterna" scrolling="no" onload="CloseCarrega();" frameborder="0" style="z-index: 1; overflow: hidden; height: 1367px;" width="100%" src="FrmConsultaFast.aspx?pagina=ConsultaEmissaoERecusa&amp;modulo=Professional&amp;tituloOpc=Propostas/Apólices&amp;idOpcao=EMISSOESRECUSAS&amp;Formulario=FastBoot/FrmCadastroNovo.aspx?pagina=Documento&amp;IDSESSAO=ZkRlakc4dHUrQlUyUlZ3eWpTOHRZbHl5MEtjY2gvZWpyZlF2Y0c3SnFvMUZhTGsyWng0VEZwQjBjMXV3b1NBVA==&amp;IDSESSAOABA=105625485" cd_frame_id_="26f7bad221c8ea7bf1910881f580c02e"></iframe> is not clickable at point (673, 434). Other element would receive the click: <button type="button" class="swal2-confirm btn btn-success" aria-label="">...</button>
  (Session info: chrome=133.0.6943.142)
Stacktrace:
	GetHandleVerifier [0x00007FF67646C6A5+28789]
	(No symbol) [0x00007FF6763D5B20]
	(No symbol) [0x00007FF676268F9A]
	(No symbol) [0x00007FF6762C71E9]
	(No symbol) [0x00007FF6762C4BA2]
	(No symbol) [0x00007FF6762C23CF]
	(No symbol) [0x00007FF6762C0B51]
	(No symbol) [0x00007FF6762B2314]
	(No symbol) [0x00007FF6762E732A]
	(No symbol) [0x00007FF6762B1BC6]
	(No symbol) [0x00007FF6762E7540]
	(No symbol) [0x00007FF67630F7E3]
	(No symbol) [0x00007FF6762E7103]
	(No symbol) [0x00007FF6762AFFC0]
	(No symbol) [0x00007FF6762B1273]
	GetHandleVerifier [0x00007FF6767B1AED+3458237]
	GetHandleVerifier [0x00007FF6767C829C+3550316]
	GetHandleVerifier [0x00007FF6767BDB9D+3507565]
	GetHandleVerifier [0x00007FF676532C6A+841274]
	(No symbol) [0x00007FF6763E09EF]
	(No symbol) [0x00007FF6763DCB34]
	(No symbol) [0x00007FF6763DCCD6]
	(No symbol) [0x00007FF6763CC119]
	BaseThreadInitThunk [0x00007FFCE356259D+29]
	RtlUserThreadStart [0x00007FFCE3B0AF38+40]

2025-03-11 13:35:42 - fatura_bot - INFO - Processamento concluído
2025-03-11 13:35:42 - fatura_bot - INFO - Processamento concluído
2025-03-11 13:35:42 - fatura_bot - INFO - Processamento concluído
2025-03-11 13:37:21 - fatura_bot - INFO - Encontrados 1 e-mails não lidos
2025-03-11 13:37:21 - fatura_bot - INFO - Encontrados 1 e-mails não lidos
2025-03-11 13:37:21 - fatura_bot - INFO - Encontrados 1 e-mails não lidos
2025-03-11 13:37:23 - fatura_bot - INFO - Baixando anexo: https://lrvseguros.com.br:2096/cpsess7722730807/3rdparty/roundcube/?_task=mail&_action=get&_mbox=INBOX&_uid=2426&_token=kRD8dc0fGbuFpZDcNBFINrbsjHvkQmyH&_part=2
2025-03-11 13:37:23 - fatura_bot - INFO - Baixando anexo: https://lrvseguros.com.br:2096/cpsess7722730807/3rdparty/roundcube/?_task=mail&_action=get&_mbox=INBOX&_uid=2426&_token=kRD8dc0fGbuFpZDcNBFINrbsjHvkQmyH&_part=2
2025-03-11 13:37:23 - fatura_bot - INFO - Baixando anexo: https://lrvseguros.com.br:2096/cpsess7722730807/3rdparty/roundcube/?_task=mail&_action=get&_mbox=INBOX&_uid=2426&_token=kRD8dc0fGbuFpZDcNBFINrbsjHvkQmyH&_part=2
2025-03-11 13:37:24 - fatura_bot - INFO - Arquivo salvo como: resumo de embarques - jfs transportes e comercio ltda - rctr-c - janeiro - 2025.pdf
2025-03-11 13:37:24 - fatura_bot - INFO - Arquivo salvo como: resumo de embarques - jfs transportes e comercio ltda - rctr-c - janeiro - 2025.pdf
2025-03-11 13:37:24 - fatura_bot - INFO - Arquivo salvo como: resumo de embarques - jfs transportes e comercio ltda - rctr-c - janeiro - 2025.pdf
2025-03-11 13:37:24 - fatura_bot - INFO - Baixando anexo: https://lrvseguros.com.br:2096/cpsess7722730807/3rdparty/roundcube/?_task=mail&_action=get&_mbox=INBOX&_uid=2426&_token=kRD8dc0fGbuFpZDcNBFINrbsjHvkQmyH&_part=3
2025-03-11 13:37:24 - fatura_bot - INFO - Baixando anexo: https://lrvseguros.com.br:2096/cpsess7722730807/3rdparty/roundcube/?_task=mail&_action=get&_mbox=INBOX&_uid=2426&_token=kRD8dc0fGbuFpZDcNBFINrbsjHvkQmyH&_part=3
2025-03-11 13:37:24 - fatura_bot - INFO - Baixando anexo: https://lrvseguros.com.br:2096/cpsess7722730807/3rdparty/roundcube/?_task=mail&_action=get&_mbox=INBOX&_uid=2426&_token=kRD8dc0fGbuFpZDcNBFINrbsjHvkQmyH&_part=3
2025-03-11 13:37:26 - fatura_bot - INFO - Arquivo salvo como: endosso de fatura e boleto - jfs transportes e comercio ltda - rctr-c - janeiro - 2025.pdf
2025-03-11 13:37:26 - fatura_bot - INFO - Arquivo salvo como: endosso de fatura e boleto - jfs transportes e comercio ltda - rctr-c - janeiro - 2025.pdf
2025-03-11 13:37:26 - fatura_bot - INFO - Arquivo salvo como: endosso de fatura e boleto - jfs transportes e comercio ltda - rctr-c - janeiro - 2025.pdf
2025-03-11 13:37:29 - fatura_bot - INFO - E-mails arquivados com sucesso
2025-03-11 13:37:29 - fatura_bot - INFO - E-mails arquivados com sucesso
2025-03-11 13:37:29 - fatura_bot - INFO - E-mails arquivados com sucesso
2025-03-11 13:37:31 - fatura_bot - INFO - Processando documento: endosso de fatura e boleto - jfs transportes e comercio ltda - rctr-c - janeiro - 2025.pdf
2025-03-11 13:37:31 - fatura_bot - INFO - Processando documento: endosso de fatura e boleto - jfs transportes e comercio ltda - rctr-c - janeiro - 2025.pdf
2025-03-11 13:37:31 - fatura_bot - INFO - Processando documento: endosso de fatura e boleto - jfs transportes e comercio ltda - rctr-c - janeiro - 2025.pdf
2025-03-11 13:37:52 - fatura_bot - INFO - Iniciando processo de automação
2025-03-11 13:37:52 - fatura_bot - INFO - Iniciando processo de automação
2025-03-11 13:37:52 - fatura_bot - INFO - Iniciando processo de automação
2025-03-11 13:38:19 - fatura_bot - ERROR - Erro ao processar documento Chubb: Message: invalid session id: session deleted as the browser has closed the connection
from disconnected: not connected to DevTools
  (Session info: chrome=133.0.6943.142)
Stacktrace:
	GetHandleVerifier [0x00007FF67646C6A5+28789]
	(No symbol) [0x00007FF6763D5B20]
	(No symbol) [0x00007FF676268F9A]
	(No symbol) [0x00007FF676254D75]
	(No symbol) [0x00007FF676279784]
	(No symbol) [0x00007FF6762EF0BF]
	(No symbol) [0x00007FF67630F0D2]
	(No symbol) [0x00007FF6762E7103]
	(No symbol) [0x00007FF6762AFFC0]
	(No symbol) [0x00007FF6762B1273]
	GetHandleVerifier [0x00007FF6767B1AED+3458237]
	GetHandleVerifier [0x00007FF6767C829C+3550316]
	GetHandleVerifier [0x00007FF6767BDB9D+3507565]
	GetHandleVerifier [0x00007FF676532C6A+841274]
	(No symbol) [0x00007FF6763E09EF]
	(No symbol) [0x00007FF6763DCB34]
	(No symbol) [0x00007FF6763DCCD6]
	(No symbol) [0x00007FF6763CC119]
	BaseThreadInitThunk [0x00007FFCE356259D+29]
	RtlUserThreadStart [0x00007FFCE3B0AF38+40]
Traceback (most recent call last):
  File "c:\Users\ESTAGIARIO\Desktop\bots\Bot-Faturas\main.py", line 192, in <module>
    quiver(dados, documento, tipo_seguradora=TIPO_SEGURADORA['chubb'])
    ~~~~~~^^^^^^^^^^^^^^^^^^^^^^^^^^^^^^^^^^^^^^^^^^^^^^^^^^^^^^^^^^^^
  File "c:\Users\ESTAGIARIO\Desktop\bots\Bot-Faturas\src\services\web_automation.py", line 240, in quiver
    teste = driver.find_element(By.XPATH, '//*[@id="table_ff_sinistros"]')
  File "C:\Users\ESTAGIARIO\AppData\Roaming\Python\Python313\site-packages\selenium\webdriver\remote\webdriver.py", line 888, in find_element
    return self.execute(Command.FIND_ELEMENT, {"using": by, "value": value})["value"]
           ~~~~~~~~~~~~^^^^^^^^^^^^^^^^^^^^^^^^^^^^^^^^^^^^^^^^^^^^^^^^^^^^^
  File "C:\Users\ESTAGIARIO\AppData\Roaming\Python\Python313\site-packages\selenium\webdriver\remote\webdriver.py", line 429, in execute
    self.error_handler.check_response(response)
    ~~~~~~~~~~~~~~~~~~~~~~~~~~~~~~~~~^^^^^^^^^^
  File "C:\Users\ESTAGIARIO\AppData\Roaming\Python\Python313\site-packages\selenium\webdriver\remote\errorhandler.py", line 232, in check_response
    raise exception_class(message, screen, stacktrace)
selenium.common.exceptions.InvalidSessionIdException: Message: invalid session id: session deleted as the browser has closed the connection
from disconnected: not connected to DevTools
  (Session info: chrome=133.0.6943.142)
Stacktrace:
	GetHandleVerifier [0x00007FF67646C6A5+28789]
	(No symbol) [0x00007FF6763D5B20]
	(No symbol) [0x00007FF676268F9A]
	(No symbol) [0x00007FF676254D75]
	(No symbol) [0x00007FF676279784]
	(No symbol) [0x00007FF6762EF0BF]
	(No symbol) [0x00007FF67630F0D2]
	(No symbol) [0x00007FF6762E7103]
	(No symbol) [0x00007FF6762AFFC0]
	(No symbol) [0x00007FF6762B1273]
	GetHandleVerifier [0x00007FF6767B1AED+3458237]
	GetHandleVerifier [0x00007FF6767C829C+3550316]
	GetHandleVerifier [0x00007FF6767BDB9D+3507565]
	GetHandleVerifier [0x00007FF676532C6A+841274]
	(No symbol) [0x00007FF6763E09EF]
	(No symbol) [0x00007FF6763DCB34]
	(No symbol) [0x00007FF6763DCCD6]
	(No symbol) [0x00007FF6763CC119]
	BaseThreadInitThunk [0x00007FFCE356259D+29]
	RtlUserThreadStart [0x00007FFCE3B0AF38+40]

2025-03-11 13:38:19 - fatura_bot - ERROR - Erro ao processar documento Chubb: Message: invalid session id: session deleted as the browser has closed the connection
from disconnected: not connected to DevTools
  (Session info: chrome=133.0.6943.142)
Stacktrace:
	GetHandleVerifier [0x00007FF67646C6A5+28789]
	(No symbol) [0x00007FF6763D5B20]
	(No symbol) [0x00007FF676268F9A]
	(No symbol) [0x00007FF676254D75]
	(No symbol) [0x00007FF676279784]
	(No symbol) [0x00007FF6762EF0BF]
	(No symbol) [0x00007FF67630F0D2]
	(No symbol) [0x00007FF6762E7103]
	(No symbol) [0x00007FF6762AFFC0]
	(No symbol) [0x00007FF6762B1273]
	GetHandleVerifier [0x00007FF6767B1AED+3458237]
	GetHandleVerifier [0x00007FF6767C829C+3550316]
	GetHandleVerifier [0x00007FF6767BDB9D+3507565]
	GetHandleVerifier [0x00007FF676532C6A+841274]
	(No symbol) [0x00007FF6763E09EF]
	(No symbol) [0x00007FF6763DCB34]
	(No symbol) [0x00007FF6763DCCD6]
	(No symbol) [0x00007FF6763CC119]
	BaseThreadInitThunk [0x00007FFCE356259D+29]
	RtlUserThreadStart [0x00007FFCE3B0AF38+40]
Traceback (most recent call last):
  File "c:\Users\ESTAGIARIO\Desktop\bots\Bot-Faturas\main.py", line 192, in <module>
    quiver(dados, documento, tipo_seguradora=TIPO_SEGURADORA['chubb'])
    ~~~~~~^^^^^^^^^^^^^^^^^^^^^^^^^^^^^^^^^^^^^^^^^^^^^^^^^^^^^^^^^^^^
  File "c:\Users\ESTAGIARIO\Desktop\bots\Bot-Faturas\src\services\web_automation.py", line 240, in quiver
    teste = driver.find_element(By.XPATH, '//*[@id="table_ff_sinistros"]')
  File "C:\Users\ESTAGIARIO\AppData\Roaming\Python\Python313\site-packages\selenium\webdriver\remote\webdriver.py", line 888, in find_element
    return self.execute(Command.FIND_ELEMENT, {"using": by, "value": value})["value"]
           ~~~~~~~~~~~~^^^^^^^^^^^^^^^^^^^^^^^^^^^^^^^^^^^^^^^^^^^^^^^^^^^^^
  File "C:\Users\ESTAGIARIO\AppData\Roaming\Python\Python313\site-packages\selenium\webdriver\remote\webdriver.py", line 429, in execute
    self.error_handler.check_response(response)
    ~~~~~~~~~~~~~~~~~~~~~~~~~~~~~~~~~^^^^^^^^^^
  File "C:\Users\ESTAGIARIO\AppData\Roaming\Python\Python313\site-packages\selenium\webdriver\remote\errorhandler.py", line 232, in check_response
    raise exception_class(message, screen, stacktrace)
selenium.common.exceptions.InvalidSessionIdException: Message: invalid session id: session deleted as the browser has closed the connection
from disconnected: not connected to DevTools
  (Session info: chrome=133.0.6943.142)
Stacktrace:
	GetHandleVerifier [0x00007FF67646C6A5+28789]
	(No symbol) [0x00007FF6763D5B20]
	(No symbol) [0x00007FF676268F9A]
	(No symbol) [0x00007FF676254D75]
	(No symbol) [0x00007FF676279784]
	(No symbol) [0x00007FF6762EF0BF]
	(No symbol) [0x00007FF67630F0D2]
	(No symbol) [0x00007FF6762E7103]
	(No symbol) [0x00007FF6762AFFC0]
	(No symbol) [0x00007FF6762B1273]
	GetHandleVerifier [0x00007FF6767B1AED+3458237]
	GetHandleVerifier [0x00007FF6767C829C+3550316]
	GetHandleVerifier [0x00007FF6767BDB9D+3507565]
	GetHandleVerifier [0x00007FF676532C6A+841274]
	(No symbol) [0x00007FF6763E09EF]
	(No symbol) [0x00007FF6763DCB34]
	(No symbol) [0x00007FF6763DCCD6]
	(No symbol) [0x00007FF6763CC119]
	BaseThreadInitThunk [0x00007FFCE356259D+29]
	RtlUserThreadStart [0x00007FFCE3B0AF38+40]

2025-03-11 13:38:19 - fatura_bot - ERROR - Erro ao processar documento Chubb: Message: invalid session id: session deleted as the browser has closed the connection
from disconnected: not connected to DevTools
  (Session info: chrome=133.0.6943.142)
Stacktrace:
	GetHandleVerifier [0x00007FF67646C6A5+28789]
	(No symbol) [0x00007FF6763D5B20]
	(No symbol) [0x00007FF676268F9A]
	(No symbol) [0x00007FF676254D75]
	(No symbol) [0x00007FF676279784]
	(No symbol) [0x00007FF6762EF0BF]
	(No symbol) [0x00007FF67630F0D2]
	(No symbol) [0x00007FF6762E7103]
	(No symbol) [0x00007FF6762AFFC0]
	(No symbol) [0x00007FF6762B1273]
	GetHandleVerifier [0x00007FF6767B1AED+3458237]
	GetHandleVerifier [0x00007FF6767C829C+3550316]
	GetHandleVerifier [0x00007FF6767BDB9D+3507565]
	GetHandleVerifier [0x00007FF676532C6A+841274]
	(No symbol) [0x00007FF6763E09EF]
	(No symbol) [0x00007FF6763DCB34]
	(No symbol) [0x00007FF6763DCCD6]
	(No symbol) [0x00007FF6763CC119]
	BaseThreadInitThunk [0x00007FFCE356259D+29]
	RtlUserThreadStart [0x00007FFCE3B0AF38+40]
Traceback (most recent call last):
  File "c:\Users\ESTAGIARIO\Desktop\bots\Bot-Faturas\main.py", line 192, in <module>
    quiver(dados, documento, tipo_seguradora=TIPO_SEGURADORA['chubb'])
    ~~~~~~^^^^^^^^^^^^^^^^^^^^^^^^^^^^^^^^^^^^^^^^^^^^^^^^^^^^^^^^^^^^
  File "c:\Users\ESTAGIARIO\Desktop\bots\Bot-Faturas\src\services\web_automation.py", line 240, in quiver
    teste = driver.find_element(By.XPATH, '//*[@id="table_ff_sinistros"]')
  File "C:\Users\ESTAGIARIO\AppData\Roaming\Python\Python313\site-packages\selenium\webdriver\remote\webdriver.py", line 888, in find_element
    return self.execute(Command.FIND_ELEMENT, {"using": by, "value": value})["value"]
           ~~~~~~~~~~~~^^^^^^^^^^^^^^^^^^^^^^^^^^^^^^^^^^^^^^^^^^^^^^^^^^^^^
  File "C:\Users\ESTAGIARIO\AppData\Roaming\Python\Python313\site-packages\selenium\webdriver\remote\webdriver.py", line 429, in execute
    self.error_handler.check_response(response)
    ~~~~~~~~~~~~~~~~~~~~~~~~~~~~~~~~~^^^^^^^^^^
  File "C:\Users\ESTAGIARIO\AppData\Roaming\Python\Python313\site-packages\selenium\webdriver\remote\errorhandler.py", line 232, in check_response
    raise exception_class(message, screen, stacktrace)
selenium.common.exceptions.InvalidSessionIdException: Message: invalid session id: session deleted as the browser has closed the connection
from disconnected: not connected to DevTools
  (Session info: chrome=133.0.6943.142)
Stacktrace:
	GetHandleVerifier [0x00007FF67646C6A5+28789]
	(No symbol) [0x00007FF6763D5B20]
	(No symbol) [0x00007FF676268F9A]
	(No symbol) [0x00007FF676254D75]
	(No symbol) [0x00007FF676279784]
	(No symbol) [0x00007FF6762EF0BF]
	(No symbol) [0x00007FF67630F0D2]
	(No symbol) [0x00007FF6762E7103]
	(No symbol) [0x00007FF6762AFFC0]
	(No symbol) [0x00007FF6762B1273]
	GetHandleVerifier [0x00007FF6767B1AED+3458237]
	GetHandleVerifier [0x00007FF6767C829C+3550316]
	GetHandleVerifier [0x00007FF6767BDB9D+3507565]
	GetHandleVerifier [0x00007FF676532C6A+841274]
	(No symbol) [0x00007FF6763E09EF]
	(No symbol) [0x00007FF6763DCB34]
	(No symbol) [0x00007FF6763DCCD6]
	(No symbol) [0x00007FF6763CC119]
	BaseThreadInitThunk [0x00007FFCE356259D+29]
	RtlUserThreadStart [0x00007FFCE3B0AF38+40]

2025-03-11 13:38:19 - fatura_bot - INFO - Processamento concluído
2025-03-11 13:38:19 - fatura_bot - INFO - Processamento concluído
2025-03-11 13:38:19 - fatura_bot - INFO - Processamento concluído
2025-03-11 13:42:20 - fatura_bot - INFO - Encontrados 1 e-mails não lidos
2025-03-11 13:42:20 - fatura_bot - INFO - Encontrados 1 e-mails não lidos
2025-03-11 13:42:20 - fatura_bot - INFO - Encontrados 1 e-mails não lidos
2025-03-11 13:42:21 - fatura_bot - INFO - Baixando anexo: https://lrvseguros.com.br:2096/cpsess7022363717/3rdparty/roundcube/?_task=mail&_action=get&_mbox=INBOX&_uid=2427&_token=y3Uuu7fMhVJjMbZOCId0urQMvPmIWsec&_part=2
2025-03-11 13:42:21 - fatura_bot - INFO - Baixando anexo: https://lrvseguros.com.br:2096/cpsess7022363717/3rdparty/roundcube/?_task=mail&_action=get&_mbox=INBOX&_uid=2427&_token=y3Uuu7fMhVJjMbZOCId0urQMvPmIWsec&_part=2
2025-03-11 13:42:21 - fatura_bot - INFO - Baixando anexo: https://lrvseguros.com.br:2096/cpsess7022363717/3rdparty/roundcube/?_task=mail&_action=get&_mbox=INBOX&_uid=2427&_token=y3Uuu7fMhVJjMbZOCId0urQMvPmIWsec&_part=2
2025-03-11 13:42:22 - fatura_bot - INFO - Arquivo salvo como: resumo de embarques - jfs transportes e comercio ltda - rctr-c - janeiro - 2025.pdf
2025-03-11 13:42:22 - fatura_bot - INFO - Arquivo salvo como: resumo de embarques - jfs transportes e comercio ltda - rctr-c - janeiro - 2025.pdf
2025-03-11 13:42:22 - fatura_bot - INFO - Arquivo salvo como: resumo de embarques - jfs transportes e comercio ltda - rctr-c - janeiro - 2025.pdf
2025-03-11 13:42:22 - fatura_bot - INFO - Baixando anexo: https://lrvseguros.com.br:2096/cpsess7022363717/3rdparty/roundcube/?_task=mail&_action=get&_mbox=INBOX&_uid=2427&_token=y3Uuu7fMhVJjMbZOCId0urQMvPmIWsec&_part=3
2025-03-11 13:42:22 - fatura_bot - INFO - Baixando anexo: https://lrvseguros.com.br:2096/cpsess7022363717/3rdparty/roundcube/?_task=mail&_action=get&_mbox=INBOX&_uid=2427&_token=y3Uuu7fMhVJjMbZOCId0urQMvPmIWsec&_part=3
2025-03-11 13:42:22 - fatura_bot - INFO - Baixando anexo: https://lrvseguros.com.br:2096/cpsess7022363717/3rdparty/roundcube/?_task=mail&_action=get&_mbox=INBOX&_uid=2427&_token=y3Uuu7fMhVJjMbZOCId0urQMvPmIWsec&_part=3
2025-03-11 13:42:23 - fatura_bot - INFO - Arquivo salvo como: endosso de fatura e boleto - jfs transportes e comercio ltda - rctr-c - janeiro - 2025.pdf
2025-03-11 13:42:23 - fatura_bot - INFO - Arquivo salvo como: endosso de fatura e boleto - jfs transportes e comercio ltda - rctr-c - janeiro - 2025.pdf
2025-03-11 13:42:23 - fatura_bot - INFO - Arquivo salvo como: endosso de fatura e boleto - jfs transportes e comercio ltda - rctr-c - janeiro - 2025.pdf
2025-03-11 13:42:26 - fatura_bot - INFO - E-mails arquivados com sucesso
2025-03-11 13:42:26 - fatura_bot - INFO - E-mails arquivados com sucesso
2025-03-11 13:42:26 - fatura_bot - INFO - E-mails arquivados com sucesso
2025-03-11 13:42:29 - fatura_bot - INFO - Processando documento: endosso de fatura e boleto - jfs transportes e comercio ltda - rctr-c - janeiro - 2025.pdf
2025-03-11 13:42:29 - fatura_bot - INFO - Processando documento: endosso de fatura e boleto - jfs transportes e comercio ltda - rctr-c - janeiro - 2025.pdf
2025-03-11 13:42:29 - fatura_bot - INFO - Processando documento: endosso de fatura e boleto - jfs transportes e comercio ltda - rctr-c - janeiro - 2025.pdf
2025-03-11 13:42:47 - fatura_bot - INFO - Iniciando processo de automação
2025-03-11 13:42:47 - fatura_bot - INFO - Iniciando processo de automação
2025-03-11 13:42:47 - fatura_bot - INFO - Iniciando processo de automação
2025-03-11 13:42:55 - fatura_bot - ERROR - Erro ao processar documento Chubb: Message: invalid session id: session deleted as the browser has closed the connection
from disconnected: not connected to DevTools
  (Session info: chrome=133.0.6943.142)
Stacktrace:
	GetHandleVerifier [0x00007FF67646C6A5+28789]
	(No symbol) [0x00007FF6763D5B20]
	(No symbol) [0x00007FF676268F9A]
	(No symbol) [0x00007FF676254D75]
	(No symbol) [0x00007FF676279784]
	(No symbol) [0x00007FF6762EF0BF]
	(No symbol) [0x00007FF67630F0D2]
	(No symbol) [0x00007FF6762E7103]
	(No symbol) [0x00007FF6762AFFC0]
	(No symbol) [0x00007FF6762B1273]
	GetHandleVerifier [0x00007FF6767B1AED+3458237]
	GetHandleVerifier [0x00007FF6767C829C+3550316]
	GetHandleVerifier [0x00007FF6767BDB9D+3507565]
	GetHandleVerifier [0x00007FF676532C6A+841274]
	(No symbol) [0x00007FF6763E09EF]
	(No symbol) [0x00007FF6763DCB34]
	(No symbol) [0x00007FF6763DCCD6]
	(No symbol) [0x00007FF6763CC119]
	BaseThreadInitThunk [0x00007FFCE356259D+29]
	RtlUserThreadStart [0x00007FFCE3B0AF38+40]
Traceback (most recent call last):
  File "c:\Users\ESTAGIARIO\Desktop\bots\Bot-Faturas\main.py", line 192, in <module>
    quiver(dados, documento, tipo_seguradora=TIPO_SEGURADORA['chubb'])
    ~~~~~~^^^^^^^^^^^^^^^^^^^^^^^^^^^^^^^^^^^^^^^^^^^^^^^^^^^^^^^^^^^^
  File "c:\Users\ESTAGIARIO\Desktop\bots\Bot-Faturas\src\services\web_automation.py", line 136, in quiver
    driver.switch_to.frame("ZonaInterna")
    ~~~~~~~~~~~~~~~~~~~~~~^^^^^^^^^^^^^^^
  File "C:\Users\ESTAGIARIO\AppData\Roaming\Python\Python313\site-packages\selenium\webdriver\remote\switch_to.py", line 88, in frame
    frame_reference = self._driver.find_element(By.ID, frame_reference)
  File "C:\Users\ESTAGIARIO\AppData\Roaming\Python\Python313\site-packages\selenium\webdriver\remote\webdriver.py", line 888, in find_element
    return self.execute(Command.FIND_ELEMENT, {"using": by, "value": value})["value"]
           ~~~~~~~~~~~~^^^^^^^^^^^^^^^^^^^^^^^^^^^^^^^^^^^^^^^^^^^^^^^^^^^^^
  File "C:\Users\ESTAGIARIO\AppData\Roaming\Python\Python313\site-packages\selenium\webdriver\remote\webdriver.py", line 429, in execute
    self.error_handler.check_response(response)
    ~~~~~~~~~~~~~~~~~~~~~~~~~~~~~~~~~^^^^^^^^^^
  File "C:\Users\ESTAGIARIO\AppData\Roaming\Python\Python313\site-packages\selenium\webdriver\remote\errorhandler.py", line 232, in check_response
    raise exception_class(message, screen, stacktrace)
selenium.common.exceptions.InvalidSessionIdException: Message: invalid session id: session deleted as the browser has closed the connection
from disconnected: not connected to DevTools
  (Session info: chrome=133.0.6943.142)
Stacktrace:
	GetHandleVerifier [0x00007FF67646C6A5+28789]
	(No symbol) [0x00007FF6763D5B20]
	(No symbol) [0x00007FF676268F9A]
	(No symbol) [0x00007FF676254D75]
	(No symbol) [0x00007FF676279784]
	(No symbol) [0x00007FF6762EF0BF]
	(No symbol) [0x00007FF67630F0D2]
	(No symbol) [0x00007FF6762E7103]
	(No symbol) [0x00007FF6762AFFC0]
	(No symbol) [0x00007FF6762B1273]
	GetHandleVerifier [0x00007FF6767B1AED+3458237]
	GetHandleVerifier [0x00007FF6767C829C+3550316]
	GetHandleVerifier [0x00007FF6767BDB9D+3507565]
	GetHandleVerifier [0x00007FF676532C6A+841274]
	(No symbol) [0x00007FF6763E09EF]
	(No symbol) [0x00007FF6763DCB34]
	(No symbol) [0x00007FF6763DCCD6]
	(No symbol) [0x00007FF6763CC119]
	BaseThreadInitThunk [0x00007FFCE356259D+29]
	RtlUserThreadStart [0x00007FFCE3B0AF38+40]

2025-03-11 13:42:55 - fatura_bot - ERROR - Erro ao processar documento Chubb: Message: invalid session id: session deleted as the browser has closed the connection
from disconnected: not connected to DevTools
  (Session info: chrome=133.0.6943.142)
Stacktrace:
	GetHandleVerifier [0x00007FF67646C6A5+28789]
	(No symbol) [0x00007FF6763D5B20]
	(No symbol) [0x00007FF676268F9A]
	(No symbol) [0x00007FF676254D75]
	(No symbol) [0x00007FF676279784]
	(No symbol) [0x00007FF6762EF0BF]
	(No symbol) [0x00007FF67630F0D2]
	(No symbol) [0x00007FF6762E7103]
	(No symbol) [0x00007FF6762AFFC0]
	(No symbol) [0x00007FF6762B1273]
	GetHandleVerifier [0x00007FF6767B1AED+3458237]
	GetHandleVerifier [0x00007FF6767C829C+3550316]
	GetHandleVerifier [0x00007FF6767BDB9D+3507565]
	GetHandleVerifier [0x00007FF676532C6A+841274]
	(No symbol) [0x00007FF6763E09EF]
	(No symbol) [0x00007FF6763DCB34]
	(No symbol) [0x00007FF6763DCCD6]
	(No symbol) [0x00007FF6763CC119]
	BaseThreadInitThunk [0x00007FFCE356259D+29]
	RtlUserThreadStart [0x00007FFCE3B0AF38+40]
Traceback (most recent call last):
  File "c:\Users\ESTAGIARIO\Desktop\bots\Bot-Faturas\main.py", line 192, in <module>
    quiver(dados, documento, tipo_seguradora=TIPO_SEGURADORA['chubb'])
    ~~~~~~^^^^^^^^^^^^^^^^^^^^^^^^^^^^^^^^^^^^^^^^^^^^^^^^^^^^^^^^^^^^
  File "c:\Users\ESTAGIARIO\Desktop\bots\Bot-Faturas\src\services\web_automation.py", line 136, in quiver
    driver.switch_to.frame("ZonaInterna")
    ~~~~~~~~~~~~~~~~~~~~~~^^^^^^^^^^^^^^^
  File "C:\Users\ESTAGIARIO\AppData\Roaming\Python\Python313\site-packages\selenium\webdriver\remote\switch_to.py", line 88, in frame
    frame_reference = self._driver.find_element(By.ID, frame_reference)
  File "C:\Users\ESTAGIARIO\AppData\Roaming\Python\Python313\site-packages\selenium\webdriver\remote\webdriver.py", line 888, in find_element
    return self.execute(Command.FIND_ELEMENT, {"using": by, "value": value})["value"]
           ~~~~~~~~~~~~^^^^^^^^^^^^^^^^^^^^^^^^^^^^^^^^^^^^^^^^^^^^^^^^^^^^^
  File "C:\Users\ESTAGIARIO\AppData\Roaming\Python\Python313\site-packages\selenium\webdriver\remote\webdriver.py", line 429, in execute
    self.error_handler.check_response(response)
    ~~~~~~~~~~~~~~~~~~~~~~~~~~~~~~~~~^^^^^^^^^^
  File "C:\Users\ESTAGIARIO\AppData\Roaming\Python\Python313\site-packages\selenium\webdriver\remote\errorhandler.py", line 232, in check_response
    raise exception_class(message, screen, stacktrace)
selenium.common.exceptions.InvalidSessionIdException: Message: invalid session id: session deleted as the browser has closed the connection
from disconnected: not connected to DevTools
  (Session info: chrome=133.0.6943.142)
Stacktrace:
	GetHandleVerifier [0x00007FF67646C6A5+28789]
	(No symbol) [0x00007FF6763D5B20]
	(No symbol) [0x00007FF676268F9A]
	(No symbol) [0x00007FF676254D75]
	(No symbol) [0x00007FF676279784]
	(No symbol) [0x00007FF6762EF0BF]
	(No symbol) [0x00007FF67630F0D2]
	(No symbol) [0x00007FF6762E7103]
	(No symbol) [0x00007FF6762AFFC0]
	(No symbol) [0x00007FF6762B1273]
	GetHandleVerifier [0x00007FF6767B1AED+3458237]
	GetHandleVerifier [0x00007FF6767C829C+3550316]
	GetHandleVerifier [0x00007FF6767BDB9D+3507565]
	GetHandleVerifier [0x00007FF676532C6A+841274]
	(No symbol) [0x00007FF6763E09EF]
	(No symbol) [0x00007FF6763DCB34]
	(No symbol) [0x00007FF6763DCCD6]
	(No symbol) [0x00007FF6763CC119]
	BaseThreadInitThunk [0x00007FFCE356259D+29]
	RtlUserThreadStart [0x00007FFCE3B0AF38+40]

2025-03-11 13:42:55 - fatura_bot - ERROR - Erro ao processar documento Chubb: Message: invalid session id: session deleted as the browser has closed the connection
from disconnected: not connected to DevTools
  (Session info: chrome=133.0.6943.142)
Stacktrace:
	GetHandleVerifier [0x00007FF67646C6A5+28789]
	(No symbol) [0x00007FF6763D5B20]
	(No symbol) [0x00007FF676268F9A]
	(No symbol) [0x00007FF676254D75]
	(No symbol) [0x00007FF676279784]
	(No symbol) [0x00007FF6762EF0BF]
	(No symbol) [0x00007FF67630F0D2]
	(No symbol) [0x00007FF6762E7103]
	(No symbol) [0x00007FF6762AFFC0]
	(No symbol) [0x00007FF6762B1273]
	GetHandleVerifier [0x00007FF6767B1AED+3458237]
	GetHandleVerifier [0x00007FF6767C829C+3550316]
	GetHandleVerifier [0x00007FF6767BDB9D+3507565]
	GetHandleVerifier [0x00007FF676532C6A+841274]
	(No symbol) [0x00007FF6763E09EF]
	(No symbol) [0x00007FF6763DCB34]
	(No symbol) [0x00007FF6763DCCD6]
	(No symbol) [0x00007FF6763CC119]
	BaseThreadInitThunk [0x00007FFCE356259D+29]
	RtlUserThreadStart [0x00007FFCE3B0AF38+40]
Traceback (most recent call last):
  File "c:\Users\ESTAGIARIO\Desktop\bots\Bot-Faturas\main.py", line 192, in <module>
    quiver(dados, documento, tipo_seguradora=TIPO_SEGURADORA['chubb'])
    ~~~~~~^^^^^^^^^^^^^^^^^^^^^^^^^^^^^^^^^^^^^^^^^^^^^^^^^^^^^^^^^^^^
  File "c:\Users\ESTAGIARIO\Desktop\bots\Bot-Faturas\src\services\web_automation.py", line 136, in quiver
    driver.switch_to.frame("ZonaInterna")
    ~~~~~~~~~~~~~~~~~~~~~~^^^^^^^^^^^^^^^
  File "C:\Users\ESTAGIARIO\AppData\Roaming\Python\Python313\site-packages\selenium\webdriver\remote\switch_to.py", line 88, in frame
    frame_reference = self._driver.find_element(By.ID, frame_reference)
  File "C:\Users\ESTAGIARIO\AppData\Roaming\Python\Python313\site-packages\selenium\webdriver\remote\webdriver.py", line 888, in find_element
    return self.execute(Command.FIND_ELEMENT, {"using": by, "value": value})["value"]
           ~~~~~~~~~~~~^^^^^^^^^^^^^^^^^^^^^^^^^^^^^^^^^^^^^^^^^^^^^^^^^^^^^
  File "C:\Users\ESTAGIARIO\AppData\Roaming\Python\Python313\site-packages\selenium\webdriver\remote\webdriver.py", line 429, in execute
    self.error_handler.check_response(response)
    ~~~~~~~~~~~~~~~~~~~~~~~~~~~~~~~~~^^^^^^^^^^
  File "C:\Users\ESTAGIARIO\AppData\Roaming\Python\Python313\site-packages\selenium\webdriver\remote\errorhandler.py", line 232, in check_response
    raise exception_class(message, screen, stacktrace)
selenium.common.exceptions.InvalidSessionIdException: Message: invalid session id: session deleted as the browser has closed the connection
from disconnected: not connected to DevTools
  (Session info: chrome=133.0.6943.142)
Stacktrace:
	GetHandleVerifier [0x00007FF67646C6A5+28789]
	(No symbol) [0x00007FF6763D5B20]
	(No symbol) [0x00007FF676268F9A]
	(No symbol) [0x00007FF676254D75]
	(No symbol) [0x00007FF676279784]
	(No symbol) [0x00007FF6762EF0BF]
	(No symbol) [0x00007FF67630F0D2]
	(No symbol) [0x00007FF6762E7103]
	(No symbol) [0x00007FF6762AFFC0]
	(No symbol) [0x00007FF6762B1273]
	GetHandleVerifier [0x00007FF6767B1AED+3458237]
	GetHandleVerifier [0x00007FF6767C829C+3550316]
	GetHandleVerifier [0x00007FF6767BDB9D+3507565]
	GetHandleVerifier [0x00007FF676532C6A+841274]
	(No symbol) [0x00007FF6763E09EF]
	(No symbol) [0x00007FF6763DCB34]
	(No symbol) [0x00007FF6763DCCD6]
	(No symbol) [0x00007FF6763CC119]
	BaseThreadInitThunk [0x00007FFCE356259D+29]
	RtlUserThreadStart [0x00007FFCE3B0AF38+40]

2025-03-11 13:42:55 - fatura_bot - INFO - Processamento concluído
2025-03-11 13:42:55 - fatura_bot - INFO - Processamento concluído
2025-03-11 13:42:55 - fatura_bot - INFO - Processamento concluído
2025-03-11 13:46:09 - fatura_bot - INFO - Encontrados 1 e-mails não lidos
2025-03-11 13:46:09 - fatura_bot - INFO - Encontrados 1 e-mails não lidos
2025-03-11 13:46:09 - fatura_bot - INFO - Encontrados 1 e-mails não lidos
2025-03-11 13:46:10 - fatura_bot - INFO - Baixando anexo: https://lrvseguros.com.br:2096/cpsess6795328558/3rdparty/roundcube/?_task=mail&_action=get&_mbox=INBOX&_uid=2428&_token=vY1g29AEU0eCos68C0dbrUjGxG4tyaCs&_part=2
2025-03-11 13:46:10 - fatura_bot - INFO - Baixando anexo: https://lrvseguros.com.br:2096/cpsess6795328558/3rdparty/roundcube/?_task=mail&_action=get&_mbox=INBOX&_uid=2428&_token=vY1g29AEU0eCos68C0dbrUjGxG4tyaCs&_part=2
2025-03-11 13:46:10 - fatura_bot - INFO - Baixando anexo: https://lrvseguros.com.br:2096/cpsess6795328558/3rdparty/roundcube/?_task=mail&_action=get&_mbox=INBOX&_uid=2428&_token=vY1g29AEU0eCos68C0dbrUjGxG4tyaCs&_part=2
2025-03-11 13:46:11 - fatura_bot - INFO - Arquivo salvo como: resumo de embarques - jfs transportes e comercio ltda - rctr-c - janeiro - 2025.pdf
2025-03-11 13:46:11 - fatura_bot - INFO - Arquivo salvo como: resumo de embarques - jfs transportes e comercio ltda - rctr-c - janeiro - 2025.pdf
2025-03-11 13:46:11 - fatura_bot - INFO - Arquivo salvo como: resumo de embarques - jfs transportes e comercio ltda - rctr-c - janeiro - 2025.pdf
2025-03-11 13:46:11 - fatura_bot - INFO - Baixando anexo: https://lrvseguros.com.br:2096/cpsess6795328558/3rdparty/roundcube/?_task=mail&_action=get&_mbox=INBOX&_uid=2428&_token=vY1g29AEU0eCos68C0dbrUjGxG4tyaCs&_part=3
2025-03-11 13:46:11 - fatura_bot - INFO - Baixando anexo: https://lrvseguros.com.br:2096/cpsess6795328558/3rdparty/roundcube/?_task=mail&_action=get&_mbox=INBOX&_uid=2428&_token=vY1g29AEU0eCos68C0dbrUjGxG4tyaCs&_part=3
2025-03-11 13:46:11 - fatura_bot - INFO - Baixando anexo: https://lrvseguros.com.br:2096/cpsess6795328558/3rdparty/roundcube/?_task=mail&_action=get&_mbox=INBOX&_uid=2428&_token=vY1g29AEU0eCos68C0dbrUjGxG4tyaCs&_part=3
2025-03-11 13:46:13 - fatura_bot - INFO - Arquivo salvo como: endosso de fatura e boleto - jfs transportes e comercio ltda - rctr-c - janeiro - 2025.pdf
2025-03-11 13:46:13 - fatura_bot - INFO - Arquivo salvo como: endosso de fatura e boleto - jfs transportes e comercio ltda - rctr-c - janeiro - 2025.pdf
2025-03-11 13:46:13 - fatura_bot - INFO - Arquivo salvo como: endosso de fatura e boleto - jfs transportes e comercio ltda - rctr-c - janeiro - 2025.pdf
2025-03-11 13:46:16 - fatura_bot - INFO - E-mails arquivados com sucesso
2025-03-11 13:46:16 - fatura_bot - INFO - E-mails arquivados com sucesso
2025-03-11 13:46:16 - fatura_bot - INFO - E-mails arquivados com sucesso
2025-03-11 13:46:18 - fatura_bot - INFO - Processando documento: endosso de fatura e boleto - jfs transportes e comercio ltda - rctr-c - janeiro - 2025.pdf
2025-03-11 13:46:18 - fatura_bot - INFO - Processando documento: endosso de fatura e boleto - jfs transportes e comercio ltda - rctr-c - janeiro - 2025.pdf
2025-03-11 13:46:18 - fatura_bot - INFO - Processando documento: endosso de fatura e boleto - jfs transportes e comercio ltda - rctr-c - janeiro - 2025.pdf
2025-03-11 13:47:11 - fatura_bot - INFO - Iniciando processo de automação
2025-03-11 13:47:11 - fatura_bot - INFO - Iniciando processo de automação
2025-03-11 13:47:11 - fatura_bot - INFO - Iniciando processo de automação
2025-03-11 13:47:36 - fatura_bot - ERROR - Erro ao processar documento Chubb: Message: element click intercepted: Element <iframe id="ZonaInterna" name="ZonaInterna" scrolling="no" onload="CloseCarrega();" frameborder="0" style="z-index: 1; overflow: hidden; height: 1367px;" width="100%" src="FrmConsultaFast.aspx?pagina=ConsultaEmissaoERecusa&amp;modulo=Professional&amp;tituloOpc=Propostas/Apólices&amp;idOpcao=EMISSOESRECUSAS&amp;Formulario=FastBoot/FrmCadastroNovo.aspx?pagina=Documento&amp;IDSESSAO=M3lvVk9Nc29NcC9LYTN5UW9FTXlTbENGcEZYTU1VVVBsRWY5alZrZTJzQm1QRUErdEZUWk5qV005NWVjN0JDOA==&amp;IDSESSAOABA=105627040" cd_frame_id_="c1e7baca6913bda587bbda89121f2eb0"></iframe> is not clickable at point (673, 434). Other element would receive the click: <button type="button" class="swal2-confirm btn btn-success" aria-label="">...</button>
  (Session info: chrome=133.0.6943.142)
Stacktrace:
	GetHandleVerifier [0x00007FF67646C6A5+28789]
	(No symbol) [0x00007FF6763D5B20]
	(No symbol) [0x00007FF676268F9A]
	(No symbol) [0x00007FF6762C71E9]
	(No symbol) [0x00007FF6762C4BA2]
	(No symbol) [0x00007FF6762C23CF]
	(No symbol) [0x00007FF6762C0B51]
	(No symbol) [0x00007FF6762B2314]
	(No symbol) [0x00007FF6762E732A]
	(No symbol) [0x00007FF6762B1BC6]
	(No symbol) [0x00007FF6762E7540]
	(No symbol) [0x00007FF67630F7E3]
	(No symbol) [0x00007FF6762E7103]
	(No symbol) [0x00007FF6762AFFC0]
	(No symbol) [0x00007FF6762B1273]
	GetHandleVerifier [0x00007FF6767B1AED+3458237]
	GetHandleVerifier [0x00007FF6767C829C+3550316]
	GetHandleVerifier [0x00007FF6767BDB9D+3507565]
	GetHandleVerifier [0x00007FF676532C6A+841274]
	(No symbol) [0x00007FF6763E09EF]
	(No symbol) [0x00007FF6763DCB34]
	(No symbol) [0x00007FF6763DCCD6]
	(No symbol) [0x00007FF6763CC119]
	BaseThreadInitThunk [0x00007FFCE356259D+29]
	RtlUserThreadStart [0x00007FFCE3B0AF38+40]
Traceback (most recent call last):
  File "c:\Users\ESTAGIARIO\Desktop\bots\Bot-Faturas\main.py", line 192, in <module>
    quiver(dados, documento, tipo_seguradora=TIPO_SEGURADORA['chubb'])
    ~~~~~~^^^^^^^^^^^^^^^^^^^^^^^^^^^^^^^^^^^^^^^^^^^^^^^^^^^^^^^^^^^^
  File "c:\Users\ESTAGIARIO\Desktop\bots\Bot-Faturas\src\services\web_automation.py", line 236, in quiver
    botao_gravar.click()
    ~~~~~~~~~~~~~~~~~~^^
  File "C:\Users\ESTAGIARIO\AppData\Roaming\Python\Python313\site-packages\selenium\webdriver\remote\webelement.py", line 119, in click
    self._execute(Command.CLICK_ELEMENT)
    ~~~~~~~~~~~~~^^^^^^^^^^^^^^^^^^^^^^^
  File "C:\Users\ESTAGIARIO\AppData\Roaming\Python\Python313\site-packages\selenium\webdriver\remote\webelement.py", line 570, in _execute
    return self._parent.execute(command, params)
           ~~~~~~~~~~~~~~~~~~~~^^^^^^^^^^^^^^^^^
  File "C:\Users\ESTAGIARIO\AppData\Roaming\Python\Python313\site-packages\selenium\webdriver\remote\webdriver.py", line 429, in execute
    self.error_handler.check_response(response)
    ~~~~~~~~~~~~~~~~~~~~~~~~~~~~~~~~~^^^^^^^^^^
  File "C:\Users\ESTAGIARIO\AppData\Roaming\Python\Python313\site-packages\selenium\webdriver\remote\errorhandler.py", line 232, in check_response
    raise exception_class(message, screen, stacktrace)
selenium.common.exceptions.ElementClickInterceptedException: Message: element click intercepted: Element <iframe id="ZonaInterna" name="ZonaInterna" scrolling="no" onload="CloseCarrega();" frameborder="0" style="z-index: 1; overflow: hidden; height: 1367px;" width="100%" src="FrmConsultaFast.aspx?pagina=ConsultaEmissaoERecusa&amp;modulo=Professional&amp;tituloOpc=Propostas/Apólices&amp;idOpcao=EMISSOESRECUSAS&amp;Formulario=FastBoot/FrmCadastroNovo.aspx?pagina=Documento&amp;IDSESSAO=M3lvVk9Nc29NcC9LYTN5UW9FTXlTbENGcEZYTU1VVVBsRWY5alZrZTJzQm1QRUErdEZUWk5qV005NWVjN0JDOA==&amp;IDSESSAOABA=105627040" cd_frame_id_="c1e7baca6913bda587bbda89121f2eb0"></iframe> is not clickable at point (673, 434). Other element would receive the click: <button type="button" class="swal2-confirm btn btn-success" aria-label="">...</button>
  (Session info: chrome=133.0.6943.142)
Stacktrace:
	GetHandleVerifier [0x00007FF67646C6A5+28789]
	(No symbol) [0x00007FF6763D5B20]
	(No symbol) [0x00007FF676268F9A]
	(No symbol) [0x00007FF6762C71E9]
	(No symbol) [0x00007FF6762C4BA2]
	(No symbol) [0x00007FF6762C23CF]
	(No symbol) [0x00007FF6762C0B51]
	(No symbol) [0x00007FF6762B2314]
	(No symbol) [0x00007FF6762E732A]
	(No symbol) [0x00007FF6762B1BC6]
	(No symbol) [0x00007FF6762E7540]
	(No symbol) [0x00007FF67630F7E3]
	(No symbol) [0x00007FF6762E7103]
	(No symbol) [0x00007FF6762AFFC0]
	(No symbol) [0x00007FF6762B1273]
	GetHandleVerifier [0x00007FF6767B1AED+3458237]
	GetHandleVerifier [0x00007FF6767C829C+3550316]
	GetHandleVerifier [0x00007FF6767BDB9D+3507565]
	GetHandleVerifier [0x00007FF676532C6A+841274]
	(No symbol) [0x00007FF6763E09EF]
	(No symbol) [0x00007FF6763DCB34]
	(No symbol) [0x00007FF6763DCCD6]
	(No symbol) [0x00007FF6763CC119]
	BaseThreadInitThunk [0x00007FFCE356259D+29]
	RtlUserThreadStart [0x00007FFCE3B0AF38+40]

2025-03-11 13:47:36 - fatura_bot - ERROR - Erro ao processar documento Chubb: Message: element click intercepted: Element <iframe id="ZonaInterna" name="ZonaInterna" scrolling="no" onload="CloseCarrega();" frameborder="0" style="z-index: 1; overflow: hidden; height: 1367px;" width="100%" src="FrmConsultaFast.aspx?pagina=ConsultaEmissaoERecusa&amp;modulo=Professional&amp;tituloOpc=Propostas/Apólices&amp;idOpcao=EMISSOESRECUSAS&amp;Formulario=FastBoot/FrmCadastroNovo.aspx?pagina=Documento&amp;IDSESSAO=M3lvVk9Nc29NcC9LYTN5UW9FTXlTbENGcEZYTU1VVVBsRWY5alZrZTJzQm1QRUErdEZUWk5qV005NWVjN0JDOA==&amp;IDSESSAOABA=105627040" cd_frame_id_="c1e7baca6913bda587bbda89121f2eb0"></iframe> is not clickable at point (673, 434). Other element would receive the click: <button type="button" class="swal2-confirm btn btn-success" aria-label="">...</button>
  (Session info: chrome=133.0.6943.142)
Stacktrace:
	GetHandleVerifier [0x00007FF67646C6A5+28789]
	(No symbol) [0x00007FF6763D5B20]
	(No symbol) [0x00007FF676268F9A]
	(No symbol) [0x00007FF6762C71E9]
	(No symbol) [0x00007FF6762C4BA2]
	(No symbol) [0x00007FF6762C23CF]
	(No symbol) [0x00007FF6762C0B51]
	(No symbol) [0x00007FF6762B2314]
	(No symbol) [0x00007FF6762E732A]
	(No symbol) [0x00007FF6762B1BC6]
	(No symbol) [0x00007FF6762E7540]
	(No symbol) [0x00007FF67630F7E3]
	(No symbol) [0x00007FF6762E7103]
	(No symbol) [0x00007FF6762AFFC0]
	(No symbol) [0x00007FF6762B1273]
	GetHandleVerifier [0x00007FF6767B1AED+3458237]
	GetHandleVerifier [0x00007FF6767C829C+3550316]
	GetHandleVerifier [0x00007FF6767BDB9D+3507565]
	GetHandleVerifier [0x00007FF676532C6A+841274]
	(No symbol) [0x00007FF6763E09EF]
	(No symbol) [0x00007FF6763DCB34]
	(No symbol) [0x00007FF6763DCCD6]
	(No symbol) [0x00007FF6763CC119]
	BaseThreadInitThunk [0x00007FFCE356259D+29]
	RtlUserThreadStart [0x00007FFCE3B0AF38+40]
Traceback (most recent call last):
  File "c:\Users\ESTAGIARIO\Desktop\bots\Bot-Faturas\main.py", line 192, in <module>
    quiver(dados, documento, tipo_seguradora=TIPO_SEGURADORA['chubb'])
    ~~~~~~^^^^^^^^^^^^^^^^^^^^^^^^^^^^^^^^^^^^^^^^^^^^^^^^^^^^^^^^^^^^
  File "c:\Users\ESTAGIARIO\Desktop\bots\Bot-Faturas\src\services\web_automation.py", line 236, in quiver
    botao_gravar.click()
    ~~~~~~~~~~~~~~~~~~^^
  File "C:\Users\ESTAGIARIO\AppData\Roaming\Python\Python313\site-packages\selenium\webdriver\remote\webelement.py", line 119, in click
    self._execute(Command.CLICK_ELEMENT)
    ~~~~~~~~~~~~~^^^^^^^^^^^^^^^^^^^^^^^
  File "C:\Users\ESTAGIARIO\AppData\Roaming\Python\Python313\site-packages\selenium\webdriver\remote\webelement.py", line 570, in _execute
    return self._parent.execute(command, params)
           ~~~~~~~~~~~~~~~~~~~~^^^^^^^^^^^^^^^^^
  File "C:\Users\ESTAGIARIO\AppData\Roaming\Python\Python313\site-packages\selenium\webdriver\remote\webdriver.py", line 429, in execute
    self.error_handler.check_response(response)
    ~~~~~~~~~~~~~~~~~~~~~~~~~~~~~~~~~^^^^^^^^^^
  File "C:\Users\ESTAGIARIO\AppData\Roaming\Python\Python313\site-packages\selenium\webdriver\remote\errorhandler.py", line 232, in check_response
    raise exception_class(message, screen, stacktrace)
selenium.common.exceptions.ElementClickInterceptedException: Message: element click intercepted: Element <iframe id="ZonaInterna" name="ZonaInterna" scrolling="no" onload="CloseCarrega();" frameborder="0" style="z-index: 1; overflow: hidden; height: 1367px;" width="100%" src="FrmConsultaFast.aspx?pagina=ConsultaEmissaoERecusa&amp;modulo=Professional&amp;tituloOpc=Propostas/Apólices&amp;idOpcao=EMISSOESRECUSAS&amp;Formulario=FastBoot/FrmCadastroNovo.aspx?pagina=Documento&amp;IDSESSAO=M3lvVk9Nc29NcC9LYTN5UW9FTXlTbENGcEZYTU1VVVBsRWY5alZrZTJzQm1QRUErdEZUWk5qV005NWVjN0JDOA==&amp;IDSESSAOABA=105627040" cd_frame_id_="c1e7baca6913bda587bbda89121f2eb0"></iframe> is not clickable at point (673, 434). Other element would receive the click: <button type="button" class="swal2-confirm btn btn-success" aria-label="">...</button>
  (Session info: chrome=133.0.6943.142)
Stacktrace:
	GetHandleVerifier [0x00007FF67646C6A5+28789]
	(No symbol) [0x00007FF6763D5B20]
	(No symbol) [0x00007FF676268F9A]
	(No symbol) [0x00007FF6762C71E9]
	(No symbol) [0x00007FF6762C4BA2]
	(No symbol) [0x00007FF6762C23CF]
	(No symbol) [0x00007FF6762C0B51]
	(No symbol) [0x00007FF6762B2314]
	(No symbol) [0x00007FF6762E732A]
	(No symbol) [0x00007FF6762B1BC6]
	(No symbol) [0x00007FF6762E7540]
	(No symbol) [0x00007FF67630F7E3]
	(No symbol) [0x00007FF6762E7103]
	(No symbol) [0x00007FF6762AFFC0]
	(No symbol) [0x00007FF6762B1273]
	GetHandleVerifier [0x00007FF6767B1AED+3458237]
	GetHandleVerifier [0x00007FF6767C829C+3550316]
	GetHandleVerifier [0x00007FF6767BDB9D+3507565]
	GetHandleVerifier [0x00007FF676532C6A+841274]
	(No symbol) [0x00007FF6763E09EF]
	(No symbol) [0x00007FF6763DCB34]
	(No symbol) [0x00007FF6763DCCD6]
	(No symbol) [0x00007FF6763CC119]
	BaseThreadInitThunk [0x00007FFCE356259D+29]
	RtlUserThreadStart [0x00007FFCE3B0AF38+40]

2025-03-11 13:47:36 - fatura_bot - ERROR - Erro ao processar documento Chubb: Message: element click intercepted: Element <iframe id="ZonaInterna" name="ZonaInterna" scrolling="no" onload="CloseCarrega();" frameborder="0" style="z-index: 1; overflow: hidden; height: 1367px;" width="100%" src="FrmConsultaFast.aspx?pagina=ConsultaEmissaoERecusa&amp;modulo=Professional&amp;tituloOpc=Propostas/Apólices&amp;idOpcao=EMISSOESRECUSAS&amp;Formulario=FastBoot/FrmCadastroNovo.aspx?pagina=Documento&amp;IDSESSAO=M3lvVk9Nc29NcC9LYTN5UW9FTXlTbENGcEZYTU1VVVBsRWY5alZrZTJzQm1QRUErdEZUWk5qV005NWVjN0JDOA==&amp;IDSESSAOABA=105627040" cd_frame_id_="c1e7baca6913bda587bbda89121f2eb0"></iframe> is not clickable at point (673, 434). Other element would receive the click: <button type="button" class="swal2-confirm btn btn-success" aria-label="">...</button>
  (Session info: chrome=133.0.6943.142)
Stacktrace:
	GetHandleVerifier [0x00007FF67646C6A5+28789]
	(No symbol) [0x00007FF6763D5B20]
	(No symbol) [0x00007FF676268F9A]
	(No symbol) [0x00007FF6762C71E9]
	(No symbol) [0x00007FF6762C4BA2]
	(No symbol) [0x00007FF6762C23CF]
	(No symbol) [0x00007FF6762C0B51]
	(No symbol) [0x00007FF6762B2314]
	(No symbol) [0x00007FF6762E732A]
	(No symbol) [0x00007FF6762B1BC6]
	(No symbol) [0x00007FF6762E7540]
	(No symbol) [0x00007FF67630F7E3]
	(No symbol) [0x00007FF6762E7103]
	(No symbol) [0x00007FF6762AFFC0]
	(No symbol) [0x00007FF6762B1273]
	GetHandleVerifier [0x00007FF6767B1AED+3458237]
	GetHandleVerifier [0x00007FF6767C829C+3550316]
	GetHandleVerifier [0x00007FF6767BDB9D+3507565]
	GetHandleVerifier [0x00007FF676532C6A+841274]
	(No symbol) [0x00007FF6763E09EF]
	(No symbol) [0x00007FF6763DCB34]
	(No symbol) [0x00007FF6763DCCD6]
	(No symbol) [0x00007FF6763CC119]
	BaseThreadInitThunk [0x00007FFCE356259D+29]
	RtlUserThreadStart [0x00007FFCE3B0AF38+40]
Traceback (most recent call last):
  File "c:\Users\ESTAGIARIO\Desktop\bots\Bot-Faturas\main.py", line 192, in <module>
    quiver(dados, documento, tipo_seguradora=TIPO_SEGURADORA['chubb'])
    ~~~~~~^^^^^^^^^^^^^^^^^^^^^^^^^^^^^^^^^^^^^^^^^^^^^^^^^^^^^^^^^^^^
  File "c:\Users\ESTAGIARIO\Desktop\bots\Bot-Faturas\src\services\web_automation.py", line 236, in quiver
    botao_gravar.click()
    ~~~~~~~~~~~~~~~~~~^^
  File "C:\Users\ESTAGIARIO\AppData\Roaming\Python\Python313\site-packages\selenium\webdriver\remote\webelement.py", line 119, in click
    self._execute(Command.CLICK_ELEMENT)
    ~~~~~~~~~~~~~^^^^^^^^^^^^^^^^^^^^^^^
  File "C:\Users\ESTAGIARIO\AppData\Roaming\Python\Python313\site-packages\selenium\webdriver\remote\webelement.py", line 570, in _execute
    return self._parent.execute(command, params)
           ~~~~~~~~~~~~~~~~~~~~^^^^^^^^^^^^^^^^^
  File "C:\Users\ESTAGIARIO\AppData\Roaming\Python\Python313\site-packages\selenium\webdriver\remote\webdriver.py", line 429, in execute
    self.error_handler.check_response(response)
    ~~~~~~~~~~~~~~~~~~~~~~~~~~~~~~~~~^^^^^^^^^^
  File "C:\Users\ESTAGIARIO\AppData\Roaming\Python\Python313\site-packages\selenium\webdriver\remote\errorhandler.py", line 232, in check_response
    raise exception_class(message, screen, stacktrace)
selenium.common.exceptions.ElementClickInterceptedException: Message: element click intercepted: Element <iframe id="ZonaInterna" name="ZonaInterna" scrolling="no" onload="CloseCarrega();" frameborder="0" style="z-index: 1; overflow: hidden; height: 1367px;" width="100%" src="FrmConsultaFast.aspx?pagina=ConsultaEmissaoERecusa&amp;modulo=Professional&amp;tituloOpc=Propostas/Apólices&amp;idOpcao=EMISSOESRECUSAS&amp;Formulario=FastBoot/FrmCadastroNovo.aspx?pagina=Documento&amp;IDSESSAO=M3lvVk9Nc29NcC9LYTN5UW9FTXlTbENGcEZYTU1VVVBsRWY5alZrZTJzQm1QRUErdEZUWk5qV005NWVjN0JDOA==&amp;IDSESSAOABA=105627040" cd_frame_id_="c1e7baca6913bda587bbda89121f2eb0"></iframe> is not clickable at point (673, 434). Other element would receive the click: <button type="button" class="swal2-confirm btn btn-success" aria-label="">...</button>
  (Session info: chrome=133.0.6943.142)
Stacktrace:
	GetHandleVerifier [0x00007FF67646C6A5+28789]
	(No symbol) [0x00007FF6763D5B20]
	(No symbol) [0x00007FF676268F9A]
	(No symbol) [0x00007FF6762C71E9]
	(No symbol) [0x00007FF6762C4BA2]
	(No symbol) [0x00007FF6762C23CF]
	(No symbol) [0x00007FF6762C0B51]
	(No symbol) [0x00007FF6762B2314]
	(No symbol) [0x00007FF6762E732A]
	(No symbol) [0x00007FF6762B1BC6]
	(No symbol) [0x00007FF6762E7540]
	(No symbol) [0x00007FF67630F7E3]
	(No symbol) [0x00007FF6762E7103]
	(No symbol) [0x00007FF6762AFFC0]
	(No symbol) [0x00007FF6762B1273]
	GetHandleVerifier [0x00007FF6767B1AED+3458237]
	GetHandleVerifier [0x00007FF6767C829C+3550316]
	GetHandleVerifier [0x00007FF6767BDB9D+3507565]
	GetHandleVerifier [0x00007FF676532C6A+841274]
	(No symbol) [0x00007FF6763E09EF]
	(No symbol) [0x00007FF6763DCB34]
	(No symbol) [0x00007FF6763DCCD6]
	(No symbol) [0x00007FF6763CC119]
	BaseThreadInitThunk [0x00007FFCE356259D+29]
	RtlUserThreadStart [0x00007FFCE3B0AF38+40]

2025-03-11 13:47:36 - fatura_bot - INFO - Processamento concluído
2025-03-11 13:47:36 - fatura_bot - INFO - Processamento concluído
2025-03-11 13:47:36 - fatura_bot - INFO - Processamento concluído
2025-03-11 13:48:35 - fatura_bot - INFO - Encontrados 1 e-mails não lidos
2025-03-11 13:48:35 - fatura_bot - INFO - Encontrados 1 e-mails não lidos
2025-03-11 13:48:35 - fatura_bot - INFO - Encontrados 1 e-mails não lidos
2025-03-11 13:48:36 - fatura_bot - INFO - Baixando anexo: https://lrvseguros.com.br:2096/cpsess7581600128/3rdparty/roundcube/?_task=mail&_action=get&_mbox=INBOX&_uid=2429&_token=zlSc35B5qQCmDq6EtbbITBqUcEZzLVTb&_part=2
2025-03-11 13:48:36 - fatura_bot - INFO - Baixando anexo: https://lrvseguros.com.br:2096/cpsess7581600128/3rdparty/roundcube/?_task=mail&_action=get&_mbox=INBOX&_uid=2429&_token=zlSc35B5qQCmDq6EtbbITBqUcEZzLVTb&_part=2
2025-03-11 13:48:36 - fatura_bot - INFO - Baixando anexo: https://lrvseguros.com.br:2096/cpsess7581600128/3rdparty/roundcube/?_task=mail&_action=get&_mbox=INBOX&_uid=2429&_token=zlSc35B5qQCmDq6EtbbITBqUcEZzLVTb&_part=2
2025-03-11 13:48:37 - fatura_bot - INFO - Arquivo salvo como: resumo de embarques - jfs transportes e comercio ltda - rctr-c - janeiro - 2025.pdf
2025-03-11 13:48:37 - fatura_bot - INFO - Arquivo salvo como: resumo de embarques - jfs transportes e comercio ltda - rctr-c - janeiro - 2025.pdf
2025-03-11 13:48:37 - fatura_bot - INFO - Arquivo salvo como: resumo de embarques - jfs transportes e comercio ltda - rctr-c - janeiro - 2025.pdf
2025-03-11 13:48:37 - fatura_bot - INFO - Baixando anexo: https://lrvseguros.com.br:2096/cpsess7581600128/3rdparty/roundcube/?_task=mail&_action=get&_mbox=INBOX&_uid=2429&_token=zlSc35B5qQCmDq6EtbbITBqUcEZzLVTb&_part=3
2025-03-11 13:48:37 - fatura_bot - INFO - Baixando anexo: https://lrvseguros.com.br:2096/cpsess7581600128/3rdparty/roundcube/?_task=mail&_action=get&_mbox=INBOX&_uid=2429&_token=zlSc35B5qQCmDq6EtbbITBqUcEZzLVTb&_part=3
2025-03-11 13:48:37 - fatura_bot - INFO - Baixando anexo: https://lrvseguros.com.br:2096/cpsess7581600128/3rdparty/roundcube/?_task=mail&_action=get&_mbox=INBOX&_uid=2429&_token=zlSc35B5qQCmDq6EtbbITBqUcEZzLVTb&_part=3
2025-03-11 13:48:39 - fatura_bot - INFO - Arquivo salvo como: endosso de fatura e boleto - jfs transportes e comercio ltda - rctr-c - janeiro - 2025.pdf
2025-03-11 13:48:39 - fatura_bot - INFO - Arquivo salvo como: endosso de fatura e boleto - jfs transportes e comercio ltda - rctr-c - janeiro - 2025.pdf
2025-03-11 13:48:39 - fatura_bot - INFO - Arquivo salvo como: endosso de fatura e boleto - jfs transportes e comercio ltda - rctr-c - janeiro - 2025.pdf
2025-03-11 13:48:42 - fatura_bot - INFO - E-mails arquivados com sucesso
2025-03-11 13:48:42 - fatura_bot - INFO - E-mails arquivados com sucesso
2025-03-11 13:48:42 - fatura_bot - INFO - E-mails arquivados com sucesso
2025-03-11 13:48:45 - fatura_bot - INFO - Processando documento: endosso de fatura e boleto - jfs transportes e comercio ltda - rctr-c - janeiro - 2025.pdf
2025-03-11 13:48:45 - fatura_bot - INFO - Processando documento: endosso de fatura e boleto - jfs transportes e comercio ltda - rctr-c - janeiro - 2025.pdf
2025-03-11 13:48:45 - fatura_bot - INFO - Processando documento: endosso de fatura e boleto - jfs transportes e comercio ltda - rctr-c - janeiro - 2025.pdf
2025-03-11 13:49:02 - fatura_bot - INFO - Iniciando processo de automação
2025-03-11 13:49:02 - fatura_bot - INFO - Iniciando processo de automação
2025-03-11 13:49:02 - fatura_bot - INFO - Iniciando processo de automação
2025-03-11 13:50:44 - fatura_bot - INFO - Botão voltar #1 acionado
2025-03-11 13:50:44 - fatura_bot - INFO - Botão voltar #1 acionado
2025-03-11 13:50:44 - fatura_bot - INFO - Botão voltar #1 acionado
2025-03-11 13:50:46 - fatura_bot - ERROR - Erro ao processar documento Chubb: Message: ScanImagem
Traceback (most recent call last):
  File "C:\Users\ESTAGIARIO\AppData\Roaming\Python\Python313\site-packages\selenium\webdriver\remote\switch_to.py", line 88, in frame
    frame_reference = self._driver.find_element(By.ID, frame_reference)
  File "C:\Users\ESTAGIARIO\AppData\Roaming\Python\Python313\site-packages\selenium\webdriver\remote\webdriver.py", line 888, in find_element
    return self.execute(Command.FIND_ELEMENT, {"using": by, "value": value})["value"]
           ~~~~~~~~~~~~^^^^^^^^^^^^^^^^^^^^^^^^^^^^^^^^^^^^^^^^^^^^^^^^^^^^^
  File "C:\Users\ESTAGIARIO\AppData\Roaming\Python\Python313\site-packages\selenium\webdriver\remote\webdriver.py", line 429, in execute
    self.error_handler.check_response(response)
    ~~~~~~~~~~~~~~~~~~~~~~~~~~~~~~~~~^^^^^^^^^^
  File "C:\Users\ESTAGIARIO\AppData\Roaming\Python\Python313\site-packages\selenium\webdriver\remote\errorhandler.py", line 232, in check_response
    raise exception_class(message, screen, stacktrace)
selenium.common.exceptions.NoSuchElementException: Message: no such element: Unable to locate element: {"method":"css selector","selector":"[id="ScanImagem"]"}
  (Session info: chrome=133.0.6943.142); For documentation on this error, please visit: https://www.selenium.dev/documentation/webdriver/troubleshooting/errors#no-such-element-exception
Stacktrace:
	GetHandleVerifier [0x00007FF67646C6A5+28789]
	(No symbol) [0x00007FF6763D5B20]
	(No symbol) [0x00007FF676268F9A]
	(No symbol) [0x00007FF6762BF346]
	(No symbol) [0x00007FF6762BF57C]
	(No symbol) [0x00007FF676312B17]
	(No symbol) [0x00007FF6762E736F]
	(No symbol) [0x00007FF67630F7E3]
	(No symbol) [0x00007FF6762E7103]
	(No symbol) [0x00007FF6762AFFC0]
	(No symbol) [0x00007FF6762B1273]
	GetHandleVerifier [0x00007FF6767B1AED+3458237]
	GetHandleVerifier [0x00007FF6767C829C+3550316]
	GetHandleVerifier [0x00007FF6767BDB9D+3507565]
	GetHandleVerifier [0x00007FF676532C6A+841274]
	(No symbol) [0x00007FF6763E09EF]
	(No symbol) [0x00007FF6763DCB34]
	(No symbol) [0x00007FF6763DCCD6]
	(No symbol) [0x00007FF6763CC119]
	BaseThreadInitThunk [0x00007FFCE356259D+29]
	RtlUserThreadStart [0x00007FFCE3B0AF38+40]


During handling of the above exception, another exception occurred:

Traceback (most recent call last):
  File "C:\Users\ESTAGIARIO\AppData\Roaming\Python\Python313\site-packages\selenium\webdriver\remote\switch_to.py", line 91, in frame
    frame_reference = self._driver.find_element(By.NAME, frame_reference)
  File "C:\Users\ESTAGIARIO\AppData\Roaming\Python\Python313\site-packages\selenium\webdriver\remote\webdriver.py", line 888, in find_element
    return self.execute(Command.FIND_ELEMENT, {"using": by, "value": value})["value"]
           ~~~~~~~~~~~~^^^^^^^^^^^^^^^^^^^^^^^^^^^^^^^^^^^^^^^^^^^^^^^^^^^^^
  File "C:\Users\ESTAGIARIO\AppData\Roaming\Python\Python313\site-packages\selenium\webdriver\remote\webdriver.py", line 429, in execute
    self.error_handler.check_response(response)
    ~~~~~~~~~~~~~~~~~~~~~~~~~~~~~~~~~^^^^^^^^^^
  File "C:\Users\ESTAGIARIO\AppData\Roaming\Python\Python313\site-packages\selenium\webdriver\remote\errorhandler.py", line 232, in check_response
    raise exception_class(message, screen, stacktrace)
selenium.common.exceptions.NoSuchElementException: Message: no such element: Unable to locate element: {"method":"css selector","selector":"[name="ScanImagem"]"}
  (Session info: chrome=133.0.6943.142); For documentation on this error, please visit: https://www.selenium.dev/documentation/webdriver/troubleshooting/errors#no-such-element-exception
Stacktrace:
	GetHandleVerifier [0x00007FF67646C6A5+28789]
	(No symbol) [0x00007FF6763D5B20]
	(No symbol) [0x00007FF676268F9A]
	(No symbol) [0x00007FF6762BF346]
	(No symbol) [0x00007FF6762BF57C]
	(No symbol) [0x00007FF676312B17]
	(No symbol) [0x00007FF6762E736F]
	(No symbol) [0x00007FF67630F7E3]
	(No symbol) [0x00007FF6762E7103]
	(No symbol) [0x00007FF6762AFFC0]
	(No symbol) [0x00007FF6762B1273]
	GetHandleVerifier [0x00007FF6767B1AED+3458237]
	GetHandleVerifier [0x00007FF6767C829C+3550316]
	GetHandleVerifier [0x00007FF6767BDB9D+3507565]
	GetHandleVerifier [0x00007FF676532C6A+841274]
	(No symbol) [0x00007FF6763E09EF]
	(No symbol) [0x00007FF6763DCB34]
	(No symbol) [0x00007FF6763DCCD6]
	(No symbol) [0x00007FF6763CC119]
	BaseThreadInitThunk [0x00007FFCE356259D+29]
	RtlUserThreadStart [0x00007FFCE3B0AF38+40]


The above exception was the direct cause of the following exception:

Traceback (most recent call last):
  File "c:\Users\ESTAGIARIO\Desktop\bots\Bot-Faturas\main.py", line 192, in <module>
    quiver(dados, documento, tipo_seguradora=TIPO_SEGURADORA['chubb'])
    ~~~~~~^^^^^^^^^^^^^^^^^^^^^^^^^^^^^^^^^^^^^^^^^^^^^^^^^^^^^^^^^^^^
  File "c:\Users\ESTAGIARIO\Desktop\bots\Bot-Faturas\src\services\web_automation.py", line 393, in quiver
    driver.switch_to.frame("ScanImagem")
    ~~~~~~~~~~~~~~~~~~~~~~^^^^^^^^^^^^^^
  File "C:\Users\ESTAGIARIO\AppData\Roaming\Python\Python313\site-packages\selenium\webdriver\remote\switch_to.py", line 93, in frame
    raise NoSuchFrameException(frame_reference) from exc
selenium.common.exceptions.NoSuchFrameException: Message: ScanImagem

2025-03-11 13:50:46 - fatura_bot - ERROR - Erro ao processar documento Chubb: Message: ScanImagem
Traceback (most recent call last):
  File "C:\Users\ESTAGIARIO\AppData\Roaming\Python\Python313\site-packages\selenium\webdriver\remote\switch_to.py", line 88, in frame
    frame_reference = self._driver.find_element(By.ID, frame_reference)
  File "C:\Users\ESTAGIARIO\AppData\Roaming\Python\Python313\site-packages\selenium\webdriver\remote\webdriver.py", line 888, in find_element
    return self.execute(Command.FIND_ELEMENT, {"using": by, "value": value})["value"]
           ~~~~~~~~~~~~^^^^^^^^^^^^^^^^^^^^^^^^^^^^^^^^^^^^^^^^^^^^^^^^^^^^^
  File "C:\Users\ESTAGIARIO\AppData\Roaming\Python\Python313\site-packages\selenium\webdriver\remote\webdriver.py", line 429, in execute
    self.error_handler.check_response(response)
    ~~~~~~~~~~~~~~~~~~~~~~~~~~~~~~~~~^^^^^^^^^^
  File "C:\Users\ESTAGIARIO\AppData\Roaming\Python\Python313\site-packages\selenium\webdriver\remote\errorhandler.py", line 232, in check_response
    raise exception_class(message, screen, stacktrace)
selenium.common.exceptions.NoSuchElementException: Message: no such element: Unable to locate element: {"method":"css selector","selector":"[id="ScanImagem"]"}
  (Session info: chrome=133.0.6943.142); For documentation on this error, please visit: https://www.selenium.dev/documentation/webdriver/troubleshooting/errors#no-such-element-exception
Stacktrace:
	GetHandleVerifier [0x00007FF67646C6A5+28789]
	(No symbol) [0x00007FF6763D5B20]
	(No symbol) [0x00007FF676268F9A]
	(No symbol) [0x00007FF6762BF346]
	(No symbol) [0x00007FF6762BF57C]
	(No symbol) [0x00007FF676312B17]
	(No symbol) [0x00007FF6762E736F]
	(No symbol) [0x00007FF67630F7E3]
	(No symbol) [0x00007FF6762E7103]
	(No symbol) [0x00007FF6762AFFC0]
	(No symbol) [0x00007FF6762B1273]
	GetHandleVerifier [0x00007FF6767B1AED+3458237]
	GetHandleVerifier [0x00007FF6767C829C+3550316]
	GetHandleVerifier [0x00007FF6767BDB9D+3507565]
	GetHandleVerifier [0x00007FF676532C6A+841274]
	(No symbol) [0x00007FF6763E09EF]
	(No symbol) [0x00007FF6763DCB34]
	(No symbol) [0x00007FF6763DCCD6]
	(No symbol) [0x00007FF6763CC119]
	BaseThreadInitThunk [0x00007FFCE356259D+29]
	RtlUserThreadStart [0x00007FFCE3B0AF38+40]


During handling of the above exception, another exception occurred:

Traceback (most recent call last):
  File "C:\Users\ESTAGIARIO\AppData\Roaming\Python\Python313\site-packages\selenium\webdriver\remote\switch_to.py", line 91, in frame
    frame_reference = self._driver.find_element(By.NAME, frame_reference)
  File "C:\Users\ESTAGIARIO\AppData\Roaming\Python\Python313\site-packages\selenium\webdriver\remote\webdriver.py", line 888, in find_element
    return self.execute(Command.FIND_ELEMENT, {"using": by, "value": value})["value"]
           ~~~~~~~~~~~~^^^^^^^^^^^^^^^^^^^^^^^^^^^^^^^^^^^^^^^^^^^^^^^^^^^^^
  File "C:\Users\ESTAGIARIO\AppData\Roaming\Python\Python313\site-packages\selenium\webdriver\remote\webdriver.py", line 429, in execute
    self.error_handler.check_response(response)
    ~~~~~~~~~~~~~~~~~~~~~~~~~~~~~~~~~^^^^^^^^^^
  File "C:\Users\ESTAGIARIO\AppData\Roaming\Python\Python313\site-packages\selenium\webdriver\remote\errorhandler.py", line 232, in check_response
    raise exception_class(message, screen, stacktrace)
selenium.common.exceptions.NoSuchElementException: Message: no such element: Unable to locate element: {"method":"css selector","selector":"[name="ScanImagem"]"}
  (Session info: chrome=133.0.6943.142); For documentation on this error, please visit: https://www.selenium.dev/documentation/webdriver/troubleshooting/errors#no-such-element-exception
Stacktrace:
	GetHandleVerifier [0x00007FF67646C6A5+28789]
	(No symbol) [0x00007FF6763D5B20]
	(No symbol) [0x00007FF676268F9A]
	(No symbol) [0x00007FF6762BF346]
	(No symbol) [0x00007FF6762BF57C]
	(No symbol) [0x00007FF676312B17]
	(No symbol) [0x00007FF6762E736F]
	(No symbol) [0x00007FF67630F7E3]
	(No symbol) [0x00007FF6762E7103]
	(No symbol) [0x00007FF6762AFFC0]
	(No symbol) [0x00007FF6762B1273]
	GetHandleVerifier [0x00007FF6767B1AED+3458237]
	GetHandleVerifier [0x00007FF6767C829C+3550316]
	GetHandleVerifier [0x00007FF6767BDB9D+3507565]
	GetHandleVerifier [0x00007FF676532C6A+841274]
	(No symbol) [0x00007FF6763E09EF]
	(No symbol) [0x00007FF6763DCB34]
	(No symbol) [0x00007FF6763DCCD6]
	(No symbol) [0x00007FF6763CC119]
	BaseThreadInitThunk [0x00007FFCE356259D+29]
	RtlUserThreadStart [0x00007FFCE3B0AF38+40]


The above exception was the direct cause of the following exception:

Traceback (most recent call last):
  File "c:\Users\ESTAGIARIO\Desktop\bots\Bot-Faturas\main.py", line 192, in <module>
    quiver(dados, documento, tipo_seguradora=TIPO_SEGURADORA['chubb'])
    ~~~~~~^^^^^^^^^^^^^^^^^^^^^^^^^^^^^^^^^^^^^^^^^^^^^^^^^^^^^^^^^^^^
  File "c:\Users\ESTAGIARIO\Desktop\bots\Bot-Faturas\src\services\web_automation.py", line 393, in quiver
    driver.switch_to.frame("ScanImagem")
    ~~~~~~~~~~~~~~~~~~~~~~^^^^^^^^^^^^^^
  File "C:\Users\ESTAGIARIO\AppData\Roaming\Python\Python313\site-packages\selenium\webdriver\remote\switch_to.py", line 93, in frame
    raise NoSuchFrameException(frame_reference) from exc
selenium.common.exceptions.NoSuchFrameException: Message: ScanImagem

2025-03-11 13:50:46 - fatura_bot - ERROR - Erro ao processar documento Chubb: Message: ScanImagem
Traceback (most recent call last):
  File "C:\Users\ESTAGIARIO\AppData\Roaming\Python\Python313\site-packages\selenium\webdriver\remote\switch_to.py", line 88, in frame
    frame_reference = self._driver.find_element(By.ID, frame_reference)
  File "C:\Users\ESTAGIARIO\AppData\Roaming\Python\Python313\site-packages\selenium\webdriver\remote\webdriver.py", line 888, in find_element
    return self.execute(Command.FIND_ELEMENT, {"using": by, "value": value})["value"]
           ~~~~~~~~~~~~^^^^^^^^^^^^^^^^^^^^^^^^^^^^^^^^^^^^^^^^^^^^^^^^^^^^^
  File "C:\Users\ESTAGIARIO\AppData\Roaming\Python\Python313\site-packages\selenium\webdriver\remote\webdriver.py", line 429, in execute
    self.error_handler.check_response(response)
    ~~~~~~~~~~~~~~~~~~~~~~~~~~~~~~~~~^^^^^^^^^^
  File "C:\Users\ESTAGIARIO\AppData\Roaming\Python\Python313\site-packages\selenium\webdriver\remote\errorhandler.py", line 232, in check_response
    raise exception_class(message, screen, stacktrace)
selenium.common.exceptions.NoSuchElementException: Message: no such element: Unable to locate element: {"method":"css selector","selector":"[id="ScanImagem"]"}
  (Session info: chrome=133.0.6943.142); For documentation on this error, please visit: https://www.selenium.dev/documentation/webdriver/troubleshooting/errors#no-such-element-exception
Stacktrace:
	GetHandleVerifier [0x00007FF67646C6A5+28789]
	(No symbol) [0x00007FF6763D5B20]
	(No symbol) [0x00007FF676268F9A]
	(No symbol) [0x00007FF6762BF346]
	(No symbol) [0x00007FF6762BF57C]
	(No symbol) [0x00007FF676312B17]
	(No symbol) [0x00007FF6762E736F]
	(No symbol) [0x00007FF67630F7E3]
	(No symbol) [0x00007FF6762E7103]
	(No symbol) [0x00007FF6762AFFC0]
	(No symbol) [0x00007FF6762B1273]
	GetHandleVerifier [0x00007FF6767B1AED+3458237]
	GetHandleVerifier [0x00007FF6767C829C+3550316]
	GetHandleVerifier [0x00007FF6767BDB9D+3507565]
	GetHandleVerifier [0x00007FF676532C6A+841274]
	(No symbol) [0x00007FF6763E09EF]
	(No symbol) [0x00007FF6763DCB34]
	(No symbol) [0x00007FF6763DCCD6]
	(No symbol) [0x00007FF6763CC119]
	BaseThreadInitThunk [0x00007FFCE356259D+29]
	RtlUserThreadStart [0x00007FFCE3B0AF38+40]


During handling of the above exception, another exception occurred:

Traceback (most recent call last):
  File "C:\Users\ESTAGIARIO\AppData\Roaming\Python\Python313\site-packages\selenium\webdriver\remote\switch_to.py", line 91, in frame
    frame_reference = self._driver.find_element(By.NAME, frame_reference)
  File "C:\Users\ESTAGIARIO\AppData\Roaming\Python\Python313\site-packages\selenium\webdriver\remote\webdriver.py", line 888, in find_element
    return self.execute(Command.FIND_ELEMENT, {"using": by, "value": value})["value"]
           ~~~~~~~~~~~~^^^^^^^^^^^^^^^^^^^^^^^^^^^^^^^^^^^^^^^^^^^^^^^^^^^^^
  File "C:\Users\ESTAGIARIO\AppData\Roaming\Python\Python313\site-packages\selenium\webdriver\remote\webdriver.py", line 429, in execute
    self.error_handler.check_response(response)
    ~~~~~~~~~~~~~~~~~~~~~~~~~~~~~~~~~^^^^^^^^^^
  File "C:\Users\ESTAGIARIO\AppData\Roaming\Python\Python313\site-packages\selenium\webdriver\remote\errorhandler.py", line 232, in check_response
    raise exception_class(message, screen, stacktrace)
selenium.common.exceptions.NoSuchElementException: Message: no such element: Unable to locate element: {"method":"css selector","selector":"[name="ScanImagem"]"}
  (Session info: chrome=133.0.6943.142); For documentation on this error, please visit: https://www.selenium.dev/documentation/webdriver/troubleshooting/errors#no-such-element-exception
Stacktrace:
	GetHandleVerifier [0x00007FF67646C6A5+28789]
	(No symbol) [0x00007FF6763D5B20]
	(No symbol) [0x00007FF676268F9A]
	(No symbol) [0x00007FF6762BF346]
	(No symbol) [0x00007FF6762BF57C]
	(No symbol) [0x00007FF676312B17]
	(No symbol) [0x00007FF6762E736F]
	(No symbol) [0x00007FF67630F7E3]
	(No symbol) [0x00007FF6762E7103]
	(No symbol) [0x00007FF6762AFFC0]
	(No symbol) [0x00007FF6762B1273]
	GetHandleVerifier [0x00007FF6767B1AED+3458237]
	GetHandleVerifier [0x00007FF6767C829C+3550316]
	GetHandleVerifier [0x00007FF6767BDB9D+3507565]
	GetHandleVerifier [0x00007FF676532C6A+841274]
	(No symbol) [0x00007FF6763E09EF]
	(No symbol) [0x00007FF6763DCB34]
	(No symbol) [0x00007FF6763DCCD6]
	(No symbol) [0x00007FF6763CC119]
	BaseThreadInitThunk [0x00007FFCE356259D+29]
	RtlUserThreadStart [0x00007FFCE3B0AF38+40]


The above exception was the direct cause of the following exception:

Traceback (most recent call last):
  File "c:\Users\ESTAGIARIO\Desktop\bots\Bot-Faturas\main.py", line 192, in <module>
    quiver(dados, documento, tipo_seguradora=TIPO_SEGURADORA['chubb'])
    ~~~~~~^^^^^^^^^^^^^^^^^^^^^^^^^^^^^^^^^^^^^^^^^^^^^^^^^^^^^^^^^^^^
  File "c:\Users\ESTAGIARIO\Desktop\bots\Bot-Faturas\src\services\web_automation.py", line 393, in quiver
    driver.switch_to.frame("ScanImagem")
    ~~~~~~~~~~~~~~~~~~~~~~^^^^^^^^^^^^^^
  File "C:\Users\ESTAGIARIO\AppData\Roaming\Python\Python313\site-packages\selenium\webdriver\remote\switch_to.py", line 93, in frame
    raise NoSuchFrameException(frame_reference) from exc
selenium.common.exceptions.NoSuchFrameException: Message: ScanImagem

2025-03-11 13:50:46 - fatura_bot - INFO - Processamento concluído
2025-03-11 13:50:46 - fatura_bot - INFO - Processamento concluído
2025-03-11 13:50:46 - fatura_bot - INFO - Processamento concluído
2025-03-11 14:11:27 - fatura_bot - INFO - Encontrados 1 e-mails não lidos
2025-03-11 14:11:27 - fatura_bot - INFO - Encontrados 1 e-mails não lidos
2025-03-11 14:11:27 - fatura_bot - INFO - Encontrados 1 e-mails não lidos
2025-03-11 14:11:30 - fatura_bot - INFO - Baixando anexo: https://lrvseguros.com.br:2096/cpsess3224294456/3rdparty/roundcube/?_task=mail&_action=get&_mbox=INBOX&_uid=2431&_token=QE5iVjOu7BJAwZRSnkZNSnz8wk8l97vF&_part=2
2025-03-11 14:11:30 - fatura_bot - INFO - Baixando anexo: https://lrvseguros.com.br:2096/cpsess3224294456/3rdparty/roundcube/?_task=mail&_action=get&_mbox=INBOX&_uid=2431&_token=QE5iVjOu7BJAwZRSnkZNSnz8wk8l97vF&_part=2
2025-03-11 14:11:30 - fatura_bot - INFO - Baixando anexo: https://lrvseguros.com.br:2096/cpsess3224294456/3rdparty/roundcube/?_task=mail&_action=get&_mbox=INBOX&_uid=2431&_token=QE5iVjOu7BJAwZRSnkZNSnz8wk8l97vF&_part=2
2025-03-11 14:11:31 - fatura_bot - INFO - Arquivo salvo como: endosso de fatura e boleto - jgp pavanelli transporte - rcf-dc - janeiro - 2025.pdf
2025-03-11 14:11:31 - fatura_bot - INFO - Arquivo salvo como: endosso de fatura e boleto - jgp pavanelli transporte - rcf-dc - janeiro - 2025.pdf
2025-03-11 14:11:31 - fatura_bot - INFO - Arquivo salvo como: endosso de fatura e boleto - jgp pavanelli transporte - rcf-dc - janeiro - 2025.pdf
2025-03-11 14:11:31 - fatura_bot - INFO - Baixando anexo: https://lrvseguros.com.br:2096/cpsess3224294456/3rdparty/roundcube/?_task=mail&_action=get&_mbox=INBOX&_uid=2431&_token=QE5iVjOu7BJAwZRSnkZNSnz8wk8l97vF&_part=3
2025-03-11 14:11:31 - fatura_bot - INFO - Baixando anexo: https://lrvseguros.com.br:2096/cpsess3224294456/3rdparty/roundcube/?_task=mail&_action=get&_mbox=INBOX&_uid=2431&_token=QE5iVjOu7BJAwZRSnkZNSnz8wk8l97vF&_part=3
2025-03-11 14:11:31 - fatura_bot - INFO - Baixando anexo: https://lrvseguros.com.br:2096/cpsess3224294456/3rdparty/roundcube/?_task=mail&_action=get&_mbox=INBOX&_uid=2431&_token=QE5iVjOu7BJAwZRSnkZNSnz8wk8l97vF&_part=3
2025-03-11 14:11:32 - fatura_bot - INFO - Arquivo salvo como: endosso de fatura e boleto - jgp pavanelli transporte - rctr-c - janeiro - 2025.pdf
2025-03-11 14:11:32 - fatura_bot - INFO - Arquivo salvo como: endosso de fatura e boleto - jgp pavanelli transporte - rctr-c - janeiro - 2025.pdf
2025-03-11 14:11:32 - fatura_bot - INFO - Arquivo salvo como: endosso de fatura e boleto - jgp pavanelli transporte - rctr-c - janeiro - 2025.pdf
2025-03-11 14:11:32 - fatura_bot - INFO - Baixando anexo: https://lrvseguros.com.br:2096/cpsess3224294456/3rdparty/roundcube/?_task=mail&_action=get&_mbox=INBOX&_uid=2431&_token=QE5iVjOu7BJAwZRSnkZNSnz8wk8l97vF&_part=4
2025-03-11 14:11:32 - fatura_bot - INFO - Baixando anexo: https://lrvseguros.com.br:2096/cpsess3224294456/3rdparty/roundcube/?_task=mail&_action=get&_mbox=INBOX&_uid=2431&_token=QE5iVjOu7BJAwZRSnkZNSnz8wk8l97vF&_part=4
2025-03-11 14:11:32 - fatura_bot - INFO - Baixando anexo: https://lrvseguros.com.br:2096/cpsess3224294456/3rdparty/roundcube/?_task=mail&_action=get&_mbox=INBOX&_uid=2431&_token=QE5iVjOu7BJAwZRSnkZNSnz8wk8l97vF&_part=4
2025-03-11 14:11:33 - fatura_bot - INFO - Arquivo salvo como: relação de embarques - jgp pavanelli transporte - rcf-dc - janeiro - 2025.xlsx
2025-03-11 14:11:33 - fatura_bot - INFO - Arquivo salvo como: relação de embarques - jgp pavanelli transporte - rcf-dc - janeiro - 2025.xlsx
2025-03-11 14:11:33 - fatura_bot - INFO - Arquivo salvo como: relação de embarques - jgp pavanelli transporte - rcf-dc - janeiro - 2025.xlsx
2025-03-11 14:11:33 - fatura_bot - INFO - Baixando anexo: https://lrvseguros.com.br:2096/cpsess3224294456/3rdparty/roundcube/?_task=mail&_action=get&_mbox=INBOX&_uid=2431&_token=QE5iVjOu7BJAwZRSnkZNSnz8wk8l97vF&_part=5
2025-03-11 14:11:33 - fatura_bot - INFO - Baixando anexo: https://lrvseguros.com.br:2096/cpsess3224294456/3rdparty/roundcube/?_task=mail&_action=get&_mbox=INBOX&_uid=2431&_token=QE5iVjOu7BJAwZRSnkZNSnz8wk8l97vF&_part=5
2025-03-11 14:11:33 - fatura_bot - INFO - Baixando anexo: https://lrvseguros.com.br:2096/cpsess3224294456/3rdparty/roundcube/?_task=mail&_action=get&_mbox=INBOX&_uid=2431&_token=QE5iVjOu7BJAwZRSnkZNSnz8wk8l97vF&_part=5
2025-03-11 14:11:34 - fatura_bot - INFO - Arquivo salvo como: relação de embarques - jgp pavanelli transporte - rctr-c - janeiro - 2025.xlsx
2025-03-11 14:11:34 - fatura_bot - INFO - Arquivo salvo como: relação de embarques - jgp pavanelli transporte - rctr-c - janeiro - 2025.xlsx
2025-03-11 14:11:34 - fatura_bot - INFO - Arquivo salvo como: relação de embarques - jgp pavanelli transporte - rctr-c - janeiro - 2025.xlsx
2025-03-11 14:11:34 - fatura_bot - INFO - Baixando anexo: https://lrvseguros.com.br:2096/cpsess3224294456/3rdparty/roundcube/?_task=mail&_action=get&_mbox=INBOX&_uid=2431&_token=QE5iVjOu7BJAwZRSnkZNSnz8wk8l97vF&_part=6
2025-03-11 14:11:34 - fatura_bot - INFO - Baixando anexo: https://lrvseguros.com.br:2096/cpsess3224294456/3rdparty/roundcube/?_task=mail&_action=get&_mbox=INBOX&_uid=2431&_token=QE5iVjOu7BJAwZRSnkZNSnz8wk8l97vF&_part=6
2025-03-11 14:11:34 - fatura_bot - INFO - Baixando anexo: https://lrvseguros.com.br:2096/cpsess3224294456/3rdparty/roundcube/?_task=mail&_action=get&_mbox=INBOX&_uid=2431&_token=QE5iVjOu7BJAwZRSnkZNSnz8wk8l97vF&_part=6
2025-03-11 14:11:35 - fatura_bot - INFO - Arquivo salvo como: resumo de embarques - jgp pavanelli transporte - rcf-dc - janeiro - 2025.pdf
2025-03-11 14:11:35 - fatura_bot - INFO - Arquivo salvo como: resumo de embarques - jgp pavanelli transporte - rcf-dc - janeiro - 2025.pdf
2025-03-11 14:11:35 - fatura_bot - INFO - Arquivo salvo como: resumo de embarques - jgp pavanelli transporte - rcf-dc - janeiro - 2025.pdf
2025-03-11 14:11:35 - fatura_bot - INFO - Baixando anexo: https://lrvseguros.com.br:2096/cpsess3224294456/3rdparty/roundcube/?_task=mail&_action=get&_mbox=INBOX&_uid=2431&_token=QE5iVjOu7BJAwZRSnkZNSnz8wk8l97vF&_part=7
2025-03-11 14:11:35 - fatura_bot - INFO - Baixando anexo: https://lrvseguros.com.br:2096/cpsess3224294456/3rdparty/roundcube/?_task=mail&_action=get&_mbox=INBOX&_uid=2431&_token=QE5iVjOu7BJAwZRSnkZNSnz8wk8l97vF&_part=7
2025-03-11 14:11:35 - fatura_bot - INFO - Baixando anexo: https://lrvseguros.com.br:2096/cpsess3224294456/3rdparty/roundcube/?_task=mail&_action=get&_mbox=INBOX&_uid=2431&_token=QE5iVjOu7BJAwZRSnkZNSnz8wk8l97vF&_part=7
2025-03-11 14:11:36 - fatura_bot - INFO - Arquivo salvo como: resumo de embarques - jgp pavanelli transporte - rctr-c - janeiro - 2025.pdf
2025-03-11 14:11:36 - fatura_bot - INFO - Arquivo salvo como: resumo de embarques - jgp pavanelli transporte - rctr-c - janeiro - 2025.pdf
2025-03-11 14:11:36 - fatura_bot - INFO - Arquivo salvo como: resumo de embarques - jgp pavanelli transporte - rctr-c - janeiro - 2025.pdf
2025-03-11 14:11:40 - fatura_bot - INFO - E-mails arquivados com sucesso
2025-03-11 14:11:40 - fatura_bot - INFO - E-mails arquivados com sucesso
2025-03-11 14:11:40 - fatura_bot - INFO - E-mails arquivados com sucesso
2025-03-11 14:11:42 - fatura_bot - INFO - Processando documento: endosso de fatura e boleto - jgp pavanelli transporte - rcf-dc - janeiro - 2025.pdf
2025-03-11 14:11:42 - fatura_bot - INFO - Processando documento: endosso de fatura e boleto - jgp pavanelli transporte - rcf-dc - janeiro - 2025.pdf
2025-03-11 14:11:42 - fatura_bot - INFO - Processando documento: endosso de fatura e boleto - jgp pavanelli transporte - rcf-dc - janeiro - 2025.pdf
2025-03-11 14:12:01 - fatura_bot - INFO - Iniciando processo de automação
2025-03-11 14:12:01 - fatura_bot - INFO - Iniciando processo de automação
2025-03-11 14:12:01 - fatura_bot - INFO - Iniciando processo de automação
2025-03-11 14:12:04 - fatura_bot - ERROR - Erro ao processar documento Chubb: 'NoneType' object is not iterable
Traceback (most recent call last):
  File "c:\Users\ESTAGIARIO\Desktop\bots\Bot-Faturas\main.py", line 192, in <module>
    quiver(dados, documento, tipo_seguradora=TIPO_SEGURADORA['chubb'])
    ~~~~~~^^^^^^^^^^^^^^^^^^^^^^^^^^^^^^^^^^^^^^^^^^^^^^^^^^^^^^^^^^^^
  File "c:\Users\ESTAGIARIO\Desktop\bots\Bot-Faturas\src\services\web_automation.py", line 119, in quiver
    campo_apolice.send_keys(dados[0])
    ~~~~~~~~~~~~~~~~~~~~~~~^^^^^^^^^^
  File "C:\Users\ESTAGIARIO\AppData\Roaming\Python\Python313\site-packages\selenium\webdriver\remote\webelement.py", line 302, in send_keys
    Command.SEND_KEYS_TO_ELEMENT, {"text": "".join(keys_to_typing(value)), "value": keys_to_typing(value)}
                                                   ~~~~~~~~~~~~~~^^^^^^^
  File "C:\Users\ESTAGIARIO\AppData\Roaming\Python\Python313\site-packages\selenium\webdriver\common\utils.py", line 137, in keys_to_typing
    characters.extend(val)
    ~~~~~~~~~~~~~~~~~^^^^^
TypeError: 'NoneType' object is not iterable
2025-03-11 14:12:04 - fatura_bot - ERROR - Erro ao processar documento Chubb: 'NoneType' object is not iterable
Traceback (most recent call last):
  File "c:\Users\ESTAGIARIO\Desktop\bots\Bot-Faturas\main.py", line 192, in <module>
    quiver(dados, documento, tipo_seguradora=TIPO_SEGURADORA['chubb'])
    ~~~~~~^^^^^^^^^^^^^^^^^^^^^^^^^^^^^^^^^^^^^^^^^^^^^^^^^^^^^^^^^^^^
  File "c:\Users\ESTAGIARIO\Desktop\bots\Bot-Faturas\src\services\web_automation.py", line 119, in quiver
    campo_apolice.send_keys(dados[0])
    ~~~~~~~~~~~~~~~~~~~~~~~^^^^^^^^^^
  File "C:\Users\ESTAGIARIO\AppData\Roaming\Python\Python313\site-packages\selenium\webdriver\remote\webelement.py", line 302, in send_keys
    Command.SEND_KEYS_TO_ELEMENT, {"text": "".join(keys_to_typing(value)), "value": keys_to_typing(value)}
                                                   ~~~~~~~~~~~~~~^^^^^^^
  File "C:\Users\ESTAGIARIO\AppData\Roaming\Python\Python313\site-packages\selenium\webdriver\common\utils.py", line 137, in keys_to_typing
    characters.extend(val)
    ~~~~~~~~~~~~~~~~~^^^^^
TypeError: 'NoneType' object is not iterable
2025-03-11 14:12:04 - fatura_bot - ERROR - Erro ao processar documento Chubb: 'NoneType' object is not iterable
Traceback (most recent call last):
  File "c:\Users\ESTAGIARIO\Desktop\bots\Bot-Faturas\main.py", line 192, in <module>
    quiver(dados, documento, tipo_seguradora=TIPO_SEGURADORA['chubb'])
    ~~~~~~^^^^^^^^^^^^^^^^^^^^^^^^^^^^^^^^^^^^^^^^^^^^^^^^^^^^^^^^^^^^
  File "c:\Users\ESTAGIARIO\Desktop\bots\Bot-Faturas\src\services\web_automation.py", line 119, in quiver
    campo_apolice.send_keys(dados[0])
    ~~~~~~~~~~~~~~~~~~~~~~~^^^^^^^^^^
  File "C:\Users\ESTAGIARIO\AppData\Roaming\Python\Python313\site-packages\selenium\webdriver\remote\webelement.py", line 302, in send_keys
    Command.SEND_KEYS_TO_ELEMENT, {"text": "".join(keys_to_typing(value)), "value": keys_to_typing(value)}
                                                   ~~~~~~~~~~~~~~^^^^^^^
  File "C:\Users\ESTAGIARIO\AppData\Roaming\Python\Python313\site-packages\selenium\webdriver\common\utils.py", line 137, in keys_to_typing
    characters.extend(val)
    ~~~~~~~~~~~~~~~~~^^^^^
TypeError: 'NoneType' object is not iterable
2025-03-11 14:12:04 - fatura_bot - INFO - Processando documento: endosso de fatura e boleto - jgp pavanelli transporte - rctr-c - janeiro - 2025.pdf
2025-03-11 14:12:04 - fatura_bot - INFO - Processando documento: endosso de fatura e boleto - jgp pavanelli transporte - rctr-c - janeiro - 2025.pdf
2025-03-11 14:12:04 - fatura_bot - INFO - Processando documento: endosso de fatura e boleto - jgp pavanelli transporte - rctr-c - janeiro - 2025.pdf
2025-03-11 14:12:30 - fatura_bot - INFO - Iniciando processo de automação
2025-03-11 14:12:30 - fatura_bot - INFO - Iniciando processo de automação
2025-03-11 14:12:30 - fatura_bot - INFO - Iniciando processo de automação
2025-03-11 14:12:54 - fatura_bot - ERROR - Erro ao processar documento Chubb: 'NoneType' object is not iterable
Traceback (most recent call last):
  File "c:\Users\ESTAGIARIO\Desktop\bots\Bot-Faturas\main.py", line 192, in <module>
    quiver(dados, documento, tipo_seguradora=TIPO_SEGURADORA['chubb'])
    ~~~~~~^^^^^^^^^^^^^^^^^^^^^^^^^^^^^^^^^^^^^^^^^^^^^^^^^^^^^^^^^^^^
  File "c:\Users\ESTAGIARIO\Desktop\bots\Bot-Faturas\src\services\web_automation.py", line 232, in quiver
    campo_proposta.send_keys(dados[2])
    ~~~~~~~~~~~~~~~~~~~~~~~~^^^^^^^^^^
  File "C:\Users\ESTAGIARIO\AppData\Roaming\Python\Python313\site-packages\selenium\webdriver\remote\webelement.py", line 302, in send_keys
    Command.SEND_KEYS_TO_ELEMENT, {"text": "".join(keys_to_typing(value)), "value": keys_to_typing(value)}
                                                   ~~~~~~~~~~~~~~^^^^^^^
  File "C:\Users\ESTAGIARIO\AppData\Roaming\Python\Python313\site-packages\selenium\webdriver\common\utils.py", line 137, in keys_to_typing
    characters.extend(val)
    ~~~~~~~~~~~~~~~~~^^^^^
TypeError: 'NoneType' object is not iterable
2025-03-11 14:12:54 - fatura_bot - ERROR - Erro ao processar documento Chubb: 'NoneType' object is not iterable
Traceback (most recent call last):
  File "c:\Users\ESTAGIARIO\Desktop\bots\Bot-Faturas\main.py", line 192, in <module>
    quiver(dados, documento, tipo_seguradora=TIPO_SEGURADORA['chubb'])
    ~~~~~~^^^^^^^^^^^^^^^^^^^^^^^^^^^^^^^^^^^^^^^^^^^^^^^^^^^^^^^^^^^^
  File "c:\Users\ESTAGIARIO\Desktop\bots\Bot-Faturas\src\services\web_automation.py", line 232, in quiver
    campo_proposta.send_keys(dados[2])
    ~~~~~~~~~~~~~~~~~~~~~~~~^^^^^^^^^^
  File "C:\Users\ESTAGIARIO\AppData\Roaming\Python\Python313\site-packages\selenium\webdriver\remote\webelement.py", line 302, in send_keys
    Command.SEND_KEYS_TO_ELEMENT, {"text": "".join(keys_to_typing(value)), "value": keys_to_typing(value)}
                                                   ~~~~~~~~~~~~~~^^^^^^^
  File "C:\Users\ESTAGIARIO\AppData\Roaming\Python\Python313\site-packages\selenium\webdriver\common\utils.py", line 137, in keys_to_typing
    characters.extend(val)
    ~~~~~~~~~~~~~~~~~^^^^^
TypeError: 'NoneType' object is not iterable
2025-03-11 14:12:54 - fatura_bot - ERROR - Erro ao processar documento Chubb: 'NoneType' object is not iterable
Traceback (most recent call last):
  File "c:\Users\ESTAGIARIO\Desktop\bots\Bot-Faturas\main.py", line 192, in <module>
    quiver(dados, documento, tipo_seguradora=TIPO_SEGURADORA['chubb'])
    ~~~~~~^^^^^^^^^^^^^^^^^^^^^^^^^^^^^^^^^^^^^^^^^^^^^^^^^^^^^^^^^^^^
  File "c:\Users\ESTAGIARIO\Desktop\bots\Bot-Faturas\src\services\web_automation.py", line 232, in quiver
    campo_proposta.send_keys(dados[2])
    ~~~~~~~~~~~~~~~~~~~~~~~~^^^^^^^^^^
  File "C:\Users\ESTAGIARIO\AppData\Roaming\Python\Python313\site-packages\selenium\webdriver\remote\webelement.py", line 302, in send_keys
    Command.SEND_KEYS_TO_ELEMENT, {"text": "".join(keys_to_typing(value)), "value": keys_to_typing(value)}
                                                   ~~~~~~~~~~~~~~^^^^^^^
  File "C:\Users\ESTAGIARIO\AppData\Roaming\Python\Python313\site-packages\selenium\webdriver\common\utils.py", line 137, in keys_to_typing
    characters.extend(val)
    ~~~~~~~~~~~~~~~~~^^^^^
TypeError: 'NoneType' object is not iterable
2025-03-11 14:12:54 - fatura_bot - INFO - Processamento concluído
2025-03-11 14:12:54 - fatura_bot - INFO - Processamento concluído
2025-03-11 14:12:54 - fatura_bot - INFO - Processamento concluído
2025-03-11 14:13:37 - fatura_bot - INFO - Encontrados 1 e-mails não lidos
2025-03-11 14:13:37 - fatura_bot - INFO - Encontrados 1 e-mails não lidos
2025-03-11 14:13:37 - fatura_bot - INFO - Encontrados 1 e-mails não lidos
2025-03-11 14:13:39 - fatura_bot - INFO - Baixando anexo: https://lrvseguros.com.br:2096/cpsess6487652051/3rdparty/roundcube/?_task=mail&_action=get&_mbox=INBOX&_uid=2432&_token=5kK258uXW38U0K8Rx28WNZpXciXQ4JxA&_part=2
2025-03-11 14:13:39 - fatura_bot - INFO - Baixando anexo: https://lrvseguros.com.br:2096/cpsess6487652051/3rdparty/roundcube/?_task=mail&_action=get&_mbox=INBOX&_uid=2432&_token=5kK258uXW38U0K8Rx28WNZpXciXQ4JxA&_part=2
2025-03-11 14:13:39 - fatura_bot - INFO - Baixando anexo: https://lrvseguros.com.br:2096/cpsess6487652051/3rdparty/roundcube/?_task=mail&_action=get&_mbox=INBOX&_uid=2432&_token=5kK258uXW38U0K8Rx28WNZpXciXQ4JxA&_part=2
2025-03-11 14:13:41 - fatura_bot - INFO - Arquivo salvo como: endosso de fatura e boleto - jgp pavanelli transporte - rcf-dc - janeiro - 2025.pdf
2025-03-11 14:13:41 - fatura_bot - INFO - Arquivo salvo como: endosso de fatura e boleto - jgp pavanelli transporte - rcf-dc - janeiro - 2025.pdf
2025-03-11 14:13:41 - fatura_bot - INFO - Arquivo salvo como: endosso de fatura e boleto - jgp pavanelli transporte - rcf-dc - janeiro - 2025.pdf
2025-03-11 14:13:41 - fatura_bot - INFO - Baixando anexo: https://lrvseguros.com.br:2096/cpsess6487652051/3rdparty/roundcube/?_task=mail&_action=get&_mbox=INBOX&_uid=2432&_token=5kK258uXW38U0K8Rx28WNZpXciXQ4JxA&_part=3
2025-03-11 14:13:41 - fatura_bot - INFO - Baixando anexo: https://lrvseguros.com.br:2096/cpsess6487652051/3rdparty/roundcube/?_task=mail&_action=get&_mbox=INBOX&_uid=2432&_token=5kK258uXW38U0K8Rx28WNZpXciXQ4JxA&_part=3
2025-03-11 14:13:41 - fatura_bot - INFO - Baixando anexo: https://lrvseguros.com.br:2096/cpsess6487652051/3rdparty/roundcube/?_task=mail&_action=get&_mbox=INBOX&_uid=2432&_token=5kK258uXW38U0K8Rx28WNZpXciXQ4JxA&_part=3
2025-03-11 14:13:42 - fatura_bot - INFO - Arquivo salvo como: endosso de fatura e boleto - jgp pavanelli transporte - rctr-c - janeiro - 2025.pdf
2025-03-11 14:13:42 - fatura_bot - INFO - Arquivo salvo como: endosso de fatura e boleto - jgp pavanelli transporte - rctr-c - janeiro - 2025.pdf
2025-03-11 14:13:42 - fatura_bot - INFO - Arquivo salvo como: endosso de fatura e boleto - jgp pavanelli transporte - rctr-c - janeiro - 2025.pdf
2025-03-11 14:13:42 - fatura_bot - INFO - Baixando anexo: https://lrvseguros.com.br:2096/cpsess6487652051/3rdparty/roundcube/?_task=mail&_action=get&_mbox=INBOX&_uid=2432&_token=5kK258uXW38U0K8Rx28WNZpXciXQ4JxA&_part=4
2025-03-11 14:13:42 - fatura_bot - INFO - Baixando anexo: https://lrvseguros.com.br:2096/cpsess6487652051/3rdparty/roundcube/?_task=mail&_action=get&_mbox=INBOX&_uid=2432&_token=5kK258uXW38U0K8Rx28WNZpXciXQ4JxA&_part=4
2025-03-11 14:13:42 - fatura_bot - INFO - Baixando anexo: https://lrvseguros.com.br:2096/cpsess6487652051/3rdparty/roundcube/?_task=mail&_action=get&_mbox=INBOX&_uid=2432&_token=5kK258uXW38U0K8Rx28WNZpXciXQ4JxA&_part=4
2025-03-11 14:13:43 - fatura_bot - INFO - Arquivo salvo como: relação de embarques - jgp pavanelli transporte - rcf-dc - janeiro - 2025.xlsx
2025-03-11 14:13:43 - fatura_bot - INFO - Arquivo salvo como: relação de embarques - jgp pavanelli transporte - rcf-dc - janeiro - 2025.xlsx
2025-03-11 14:13:43 - fatura_bot - INFO - Arquivo salvo como: relação de embarques - jgp pavanelli transporte - rcf-dc - janeiro - 2025.xlsx
2025-03-11 14:13:43 - fatura_bot - INFO - Baixando anexo: https://lrvseguros.com.br:2096/cpsess6487652051/3rdparty/roundcube/?_task=mail&_action=get&_mbox=INBOX&_uid=2432&_token=5kK258uXW38U0K8Rx28WNZpXciXQ4JxA&_part=5
2025-03-11 14:13:43 - fatura_bot - INFO - Baixando anexo: https://lrvseguros.com.br:2096/cpsess6487652051/3rdparty/roundcube/?_task=mail&_action=get&_mbox=INBOX&_uid=2432&_token=5kK258uXW38U0K8Rx28WNZpXciXQ4JxA&_part=5
2025-03-11 14:13:43 - fatura_bot - INFO - Baixando anexo: https://lrvseguros.com.br:2096/cpsess6487652051/3rdparty/roundcube/?_task=mail&_action=get&_mbox=INBOX&_uid=2432&_token=5kK258uXW38U0K8Rx28WNZpXciXQ4JxA&_part=5
2025-03-11 14:13:44 - fatura_bot - INFO - Arquivo salvo como: relação de embarques - jgp pavanelli transporte - rctr-c - janeiro - 2025.xlsx
2025-03-11 14:13:44 - fatura_bot - INFO - Arquivo salvo como: relação de embarques - jgp pavanelli transporte - rctr-c - janeiro - 2025.xlsx
2025-03-11 14:13:44 - fatura_bot - INFO - Arquivo salvo como: relação de embarques - jgp pavanelli transporte - rctr-c - janeiro - 2025.xlsx
2025-03-11 14:13:44 - fatura_bot - INFO - Baixando anexo: https://lrvseguros.com.br:2096/cpsess6487652051/3rdparty/roundcube/?_task=mail&_action=get&_mbox=INBOX&_uid=2432&_token=5kK258uXW38U0K8Rx28WNZpXciXQ4JxA&_part=6
2025-03-11 14:13:44 - fatura_bot - INFO - Baixando anexo: https://lrvseguros.com.br:2096/cpsess6487652051/3rdparty/roundcube/?_task=mail&_action=get&_mbox=INBOX&_uid=2432&_token=5kK258uXW38U0K8Rx28WNZpXciXQ4JxA&_part=6
2025-03-11 14:13:44 - fatura_bot - INFO - Baixando anexo: https://lrvseguros.com.br:2096/cpsess6487652051/3rdparty/roundcube/?_task=mail&_action=get&_mbox=INBOX&_uid=2432&_token=5kK258uXW38U0K8Rx28WNZpXciXQ4JxA&_part=6
2025-03-11 14:13:45 - fatura_bot - INFO - Arquivo salvo como: resumo de embarques - jgp pavanelli transporte - rcf-dc - janeiro - 2025.pdf
2025-03-11 14:13:45 - fatura_bot - INFO - Arquivo salvo como: resumo de embarques - jgp pavanelli transporte - rcf-dc - janeiro - 2025.pdf
2025-03-11 14:13:45 - fatura_bot - INFO - Arquivo salvo como: resumo de embarques - jgp pavanelli transporte - rcf-dc - janeiro - 2025.pdf
2025-03-11 14:13:45 - fatura_bot - INFO - Baixando anexo: https://lrvseguros.com.br:2096/cpsess6487652051/3rdparty/roundcube/?_task=mail&_action=get&_mbox=INBOX&_uid=2432&_token=5kK258uXW38U0K8Rx28WNZpXciXQ4JxA&_part=7
2025-03-11 14:13:45 - fatura_bot - INFO - Baixando anexo: https://lrvseguros.com.br:2096/cpsess6487652051/3rdparty/roundcube/?_task=mail&_action=get&_mbox=INBOX&_uid=2432&_token=5kK258uXW38U0K8Rx28WNZpXciXQ4JxA&_part=7
2025-03-11 14:13:45 - fatura_bot - INFO - Baixando anexo: https://lrvseguros.com.br:2096/cpsess6487652051/3rdparty/roundcube/?_task=mail&_action=get&_mbox=INBOX&_uid=2432&_token=5kK258uXW38U0K8Rx28WNZpXciXQ4JxA&_part=7
2025-03-11 14:13:46 - fatura_bot - INFO - Arquivo salvo como: resumo de embarques - jgp pavanelli transporte - rctr-c - janeiro - 2025.pdf
2025-03-11 14:13:46 - fatura_bot - INFO - Arquivo salvo como: resumo de embarques - jgp pavanelli transporte - rctr-c - janeiro - 2025.pdf
2025-03-11 14:13:46 - fatura_bot - INFO - Arquivo salvo como: resumo de embarques - jgp pavanelli transporte - rctr-c - janeiro - 2025.pdf
2025-03-11 14:13:49 - fatura_bot - INFO - E-mails arquivados com sucesso
2025-03-11 14:13:49 - fatura_bot - INFO - E-mails arquivados com sucesso
2025-03-11 14:13:49 - fatura_bot - INFO - E-mails arquivados com sucesso
2025-03-11 14:13:52 - fatura_bot - INFO - Processando documento: endosso de fatura e boleto - jgp pavanelli transporte - rcf-dc - janeiro - 2025.pdf
2025-03-11 14:13:52 - fatura_bot - INFO - Processando documento: endosso de fatura e boleto - jgp pavanelli transporte - rcf-dc - janeiro - 2025.pdf
2025-03-11 14:13:52 - fatura_bot - INFO - Processando documento: endosso de fatura e boleto - jgp pavanelli transporte - rcf-dc - janeiro - 2025.pdf
2025-03-11 14:17:39 - fatura_bot - INFO - Encontrados 1 e-mails não lidos
2025-03-11 14:17:39 - fatura_bot - INFO - Encontrados 1 e-mails não lidos
2025-03-11 14:17:39 - fatura_bot - INFO - Encontrados 1 e-mails não lidos
2025-03-11 14:17:42 - fatura_bot - INFO - Baixando anexo: https://lrvseguros.com.br:2096/cpsess8328651815/3rdparty/roundcube/?_task=mail&_action=get&_mbox=INBOX&_uid=2433&_token=wD1MeNVMCJx0Wd8o3KpK5t0QEMdR79VX&_part=2
2025-03-11 14:17:42 - fatura_bot - INFO - Baixando anexo: https://lrvseguros.com.br:2096/cpsess8328651815/3rdparty/roundcube/?_task=mail&_action=get&_mbox=INBOX&_uid=2433&_token=wD1MeNVMCJx0Wd8o3KpK5t0QEMdR79VX&_part=2
2025-03-11 14:17:42 - fatura_bot - INFO - Baixando anexo: https://lrvseguros.com.br:2096/cpsess8328651815/3rdparty/roundcube/?_task=mail&_action=get&_mbox=INBOX&_uid=2433&_token=wD1MeNVMCJx0Wd8o3KpK5t0QEMdR79VX&_part=2
2025-03-11 14:17:44 - fatura_bot - INFO - Arquivo salvo como: endosso de fatura e boleto - jgp pavanelli transporte - rcf-dc - janeiro - 2025.pdf
2025-03-11 14:17:44 - fatura_bot - INFO - Arquivo salvo como: endosso de fatura e boleto - jgp pavanelli transporte - rcf-dc - janeiro - 2025.pdf
2025-03-11 14:17:44 - fatura_bot - INFO - Arquivo salvo como: endosso de fatura e boleto - jgp pavanelli transporte - rcf-dc - janeiro - 2025.pdf
2025-03-11 14:17:44 - fatura_bot - INFO - Baixando anexo: https://lrvseguros.com.br:2096/cpsess8328651815/3rdparty/roundcube/?_task=mail&_action=get&_mbox=INBOX&_uid=2433&_token=wD1MeNVMCJx0Wd8o3KpK5t0QEMdR79VX&_part=3
2025-03-11 14:17:44 - fatura_bot - INFO - Baixando anexo: https://lrvseguros.com.br:2096/cpsess8328651815/3rdparty/roundcube/?_task=mail&_action=get&_mbox=INBOX&_uid=2433&_token=wD1MeNVMCJx0Wd8o3KpK5t0QEMdR79VX&_part=3
2025-03-11 14:17:44 - fatura_bot - INFO - Baixando anexo: https://lrvseguros.com.br:2096/cpsess8328651815/3rdparty/roundcube/?_task=mail&_action=get&_mbox=INBOX&_uid=2433&_token=wD1MeNVMCJx0Wd8o3KpK5t0QEMdR79VX&_part=3
2025-03-11 14:17:45 - fatura_bot - INFO - Arquivo salvo como: endosso de fatura e boleto - jgp pavanelli transporte - rctr-c - janeiro - 2025.pdf
2025-03-11 14:17:45 - fatura_bot - INFO - Arquivo salvo como: endosso de fatura e boleto - jgp pavanelli transporte - rctr-c - janeiro - 2025.pdf
2025-03-11 14:17:45 - fatura_bot - INFO - Arquivo salvo como: endosso de fatura e boleto - jgp pavanelli transporte - rctr-c - janeiro - 2025.pdf
2025-03-11 14:17:45 - fatura_bot - INFO - Baixando anexo: https://lrvseguros.com.br:2096/cpsess8328651815/3rdparty/roundcube/?_task=mail&_action=get&_mbox=INBOX&_uid=2433&_token=wD1MeNVMCJx0Wd8o3KpK5t0QEMdR79VX&_part=4
2025-03-11 14:17:45 - fatura_bot - INFO - Baixando anexo: https://lrvseguros.com.br:2096/cpsess8328651815/3rdparty/roundcube/?_task=mail&_action=get&_mbox=INBOX&_uid=2433&_token=wD1MeNVMCJx0Wd8o3KpK5t0QEMdR79VX&_part=4
2025-03-11 14:17:45 - fatura_bot - INFO - Baixando anexo: https://lrvseguros.com.br:2096/cpsess8328651815/3rdparty/roundcube/?_task=mail&_action=get&_mbox=INBOX&_uid=2433&_token=wD1MeNVMCJx0Wd8o3KpK5t0QEMdR79VX&_part=4
2025-03-11 14:17:46 - fatura_bot - INFO - Arquivo salvo como: relação de embarques - jgp pavanelli transporte - rcf-dc - janeiro - 2025.xlsx
2025-03-11 14:17:46 - fatura_bot - INFO - Arquivo salvo como: relação de embarques - jgp pavanelli transporte - rcf-dc - janeiro - 2025.xlsx
2025-03-11 14:17:46 - fatura_bot - INFO - Arquivo salvo como: relação de embarques - jgp pavanelli transporte - rcf-dc - janeiro - 2025.xlsx
2025-03-11 14:17:46 - fatura_bot - INFO - Baixando anexo: https://lrvseguros.com.br:2096/cpsess8328651815/3rdparty/roundcube/?_task=mail&_action=get&_mbox=INBOX&_uid=2433&_token=wD1MeNVMCJx0Wd8o3KpK5t0QEMdR79VX&_part=5
2025-03-11 14:17:46 - fatura_bot - INFO - Baixando anexo: https://lrvseguros.com.br:2096/cpsess8328651815/3rdparty/roundcube/?_task=mail&_action=get&_mbox=INBOX&_uid=2433&_token=wD1MeNVMCJx0Wd8o3KpK5t0QEMdR79VX&_part=5
2025-03-11 14:17:46 - fatura_bot - INFO - Baixando anexo: https://lrvseguros.com.br:2096/cpsess8328651815/3rdparty/roundcube/?_task=mail&_action=get&_mbox=INBOX&_uid=2433&_token=wD1MeNVMCJx0Wd8o3KpK5t0QEMdR79VX&_part=5
2025-03-11 14:17:47 - fatura_bot - INFO - Arquivo salvo como: relação de embarques - jgp pavanelli transporte - rctr-c - janeiro - 2025.xlsx
2025-03-11 14:17:47 - fatura_bot - INFO - Arquivo salvo como: relação de embarques - jgp pavanelli transporte - rctr-c - janeiro - 2025.xlsx
2025-03-11 14:17:47 - fatura_bot - INFO - Arquivo salvo como: relação de embarques - jgp pavanelli transporte - rctr-c - janeiro - 2025.xlsx
2025-03-11 14:17:47 - fatura_bot - INFO - Baixando anexo: https://lrvseguros.com.br:2096/cpsess8328651815/3rdparty/roundcube/?_task=mail&_action=get&_mbox=INBOX&_uid=2433&_token=wD1MeNVMCJx0Wd8o3KpK5t0QEMdR79VX&_part=6
2025-03-11 14:17:47 - fatura_bot - INFO - Baixando anexo: https://lrvseguros.com.br:2096/cpsess8328651815/3rdparty/roundcube/?_task=mail&_action=get&_mbox=INBOX&_uid=2433&_token=wD1MeNVMCJx0Wd8o3KpK5t0QEMdR79VX&_part=6
2025-03-11 14:17:47 - fatura_bot - INFO - Baixando anexo: https://lrvseguros.com.br:2096/cpsess8328651815/3rdparty/roundcube/?_task=mail&_action=get&_mbox=INBOX&_uid=2433&_token=wD1MeNVMCJx0Wd8o3KpK5t0QEMdR79VX&_part=6
2025-03-11 14:17:48 - fatura_bot - INFO - Arquivo salvo como: resumo de embarques - jgp pavanelli transporte - rcf-dc - janeiro - 2025.pdf
2025-03-11 14:17:48 - fatura_bot - INFO - Arquivo salvo como: resumo de embarques - jgp pavanelli transporte - rcf-dc - janeiro - 2025.pdf
2025-03-11 14:17:48 - fatura_bot - INFO - Arquivo salvo como: resumo de embarques - jgp pavanelli transporte - rcf-dc - janeiro - 2025.pdf
2025-03-11 14:17:48 - fatura_bot - INFO - Baixando anexo: https://lrvseguros.com.br:2096/cpsess8328651815/3rdparty/roundcube/?_task=mail&_action=get&_mbox=INBOX&_uid=2433&_token=wD1MeNVMCJx0Wd8o3KpK5t0QEMdR79VX&_part=7
2025-03-11 14:17:48 - fatura_bot - INFO - Baixando anexo: https://lrvseguros.com.br:2096/cpsess8328651815/3rdparty/roundcube/?_task=mail&_action=get&_mbox=INBOX&_uid=2433&_token=wD1MeNVMCJx0Wd8o3KpK5t0QEMdR79VX&_part=7
2025-03-11 14:17:48 - fatura_bot - INFO - Baixando anexo: https://lrvseguros.com.br:2096/cpsess8328651815/3rdparty/roundcube/?_task=mail&_action=get&_mbox=INBOX&_uid=2433&_token=wD1MeNVMCJx0Wd8o3KpK5t0QEMdR79VX&_part=7
2025-03-11 14:17:49 - fatura_bot - INFO - Arquivo salvo como: resumo de embarques - jgp pavanelli transporte - rctr-c - janeiro - 2025.pdf
2025-03-11 14:17:49 - fatura_bot - INFO - Arquivo salvo como: resumo de embarques - jgp pavanelli transporte - rctr-c - janeiro - 2025.pdf
2025-03-11 14:17:49 - fatura_bot - INFO - Arquivo salvo como: resumo de embarques - jgp pavanelli transporte - rctr-c - janeiro - 2025.pdf
2025-03-11 14:17:52 - fatura_bot - INFO - E-mails arquivados com sucesso
2025-03-11 14:17:52 - fatura_bot - INFO - E-mails arquivados com sucesso
2025-03-11 14:17:52 - fatura_bot - INFO - E-mails arquivados com sucesso
2025-03-11 14:17:55 - fatura_bot - INFO - Processando documento: endosso de fatura e boleto - jgp pavanelli transporte - rcf-dc - janeiro - 2025.pdf
2025-03-11 14:17:55 - fatura_bot - INFO - Processando documento: endosso de fatura e boleto - jgp pavanelli transporte - rcf-dc - janeiro - 2025.pdf
2025-03-11 14:17:55 - fatura_bot - INFO - Processando documento: endosso de fatura e boleto - jgp pavanelli transporte - rcf-dc - janeiro - 2025.pdf
2025-03-11 14:23:27 - fatura_bot - INFO - Encontrados 1 e-mails não lidos
2025-03-11 14:23:27 - fatura_bot - INFO - Encontrados 1 e-mails não lidos
2025-03-11 14:23:27 - fatura_bot - INFO - Encontrados 1 e-mails não lidos
2025-03-11 14:23:30 - fatura_bot - INFO - Baixando anexo: https://lrvseguros.com.br:2096/cpsess0945419360/3rdparty/roundcube/?_task=mail&_action=get&_mbox=INBOX&_uid=2434&_token=DokbKsAhgUuIBhwXo3kTC5vzUNZUsRHg&_part=2
2025-03-11 14:23:30 - fatura_bot - INFO - Baixando anexo: https://lrvseguros.com.br:2096/cpsess0945419360/3rdparty/roundcube/?_task=mail&_action=get&_mbox=INBOX&_uid=2434&_token=DokbKsAhgUuIBhwXo3kTC5vzUNZUsRHg&_part=2
2025-03-11 14:23:30 - fatura_bot - INFO - Baixando anexo: https://lrvseguros.com.br:2096/cpsess0945419360/3rdparty/roundcube/?_task=mail&_action=get&_mbox=INBOX&_uid=2434&_token=DokbKsAhgUuIBhwXo3kTC5vzUNZUsRHg&_part=2
2025-03-11 14:23:31 - fatura_bot - INFO - Arquivo salvo como: endosso de fatura e boleto - jgp pavanelli transporte - rcf-dc - janeiro - 2025.pdf
2025-03-11 14:23:31 - fatura_bot - INFO - Arquivo salvo como: endosso de fatura e boleto - jgp pavanelli transporte - rcf-dc - janeiro - 2025.pdf
2025-03-11 14:23:31 - fatura_bot - INFO - Arquivo salvo como: endosso de fatura e boleto - jgp pavanelli transporte - rcf-dc - janeiro - 2025.pdf
2025-03-11 14:23:31 - fatura_bot - INFO - Baixando anexo: https://lrvseguros.com.br:2096/cpsess0945419360/3rdparty/roundcube/?_task=mail&_action=get&_mbox=INBOX&_uid=2434&_token=DokbKsAhgUuIBhwXo3kTC5vzUNZUsRHg&_part=3
2025-03-11 14:23:31 - fatura_bot - INFO - Baixando anexo: https://lrvseguros.com.br:2096/cpsess0945419360/3rdparty/roundcube/?_task=mail&_action=get&_mbox=INBOX&_uid=2434&_token=DokbKsAhgUuIBhwXo3kTC5vzUNZUsRHg&_part=3
2025-03-11 14:23:31 - fatura_bot - INFO - Baixando anexo: https://lrvseguros.com.br:2096/cpsess0945419360/3rdparty/roundcube/?_task=mail&_action=get&_mbox=INBOX&_uid=2434&_token=DokbKsAhgUuIBhwXo3kTC5vzUNZUsRHg&_part=3
2025-03-11 14:23:32 - fatura_bot - INFO - Arquivo salvo como: endosso de fatura e boleto - jgp pavanelli transporte - rctr-c - janeiro - 2025.pdf
2025-03-11 14:23:32 - fatura_bot - INFO - Arquivo salvo como: endosso de fatura e boleto - jgp pavanelli transporte - rctr-c - janeiro - 2025.pdf
2025-03-11 14:23:32 - fatura_bot - INFO - Arquivo salvo como: endosso de fatura e boleto - jgp pavanelli transporte - rctr-c - janeiro - 2025.pdf
2025-03-11 14:23:32 - fatura_bot - INFO - Baixando anexo: https://lrvseguros.com.br:2096/cpsess0945419360/3rdparty/roundcube/?_task=mail&_action=get&_mbox=INBOX&_uid=2434&_token=DokbKsAhgUuIBhwXo3kTC5vzUNZUsRHg&_part=4
2025-03-11 14:23:32 - fatura_bot - INFO - Baixando anexo: https://lrvseguros.com.br:2096/cpsess0945419360/3rdparty/roundcube/?_task=mail&_action=get&_mbox=INBOX&_uid=2434&_token=DokbKsAhgUuIBhwXo3kTC5vzUNZUsRHg&_part=4
2025-03-11 14:23:32 - fatura_bot - INFO - Baixando anexo: https://lrvseguros.com.br:2096/cpsess0945419360/3rdparty/roundcube/?_task=mail&_action=get&_mbox=INBOX&_uid=2434&_token=DokbKsAhgUuIBhwXo3kTC5vzUNZUsRHg&_part=4
2025-03-11 14:23:33 - fatura_bot - INFO - Arquivo salvo como: relação de embarques - jgp pavanelli transporte - rcf-dc - janeiro - 2025.xlsx
2025-03-11 14:23:33 - fatura_bot - INFO - Arquivo salvo como: relação de embarques - jgp pavanelli transporte - rcf-dc - janeiro - 2025.xlsx
2025-03-11 14:23:33 - fatura_bot - INFO - Arquivo salvo como: relação de embarques - jgp pavanelli transporte - rcf-dc - janeiro - 2025.xlsx
2025-03-11 14:23:33 - fatura_bot - INFO - Baixando anexo: https://lrvseguros.com.br:2096/cpsess0945419360/3rdparty/roundcube/?_task=mail&_action=get&_mbox=INBOX&_uid=2434&_token=DokbKsAhgUuIBhwXo3kTC5vzUNZUsRHg&_part=5
2025-03-11 14:23:33 - fatura_bot - INFO - Baixando anexo: https://lrvseguros.com.br:2096/cpsess0945419360/3rdparty/roundcube/?_task=mail&_action=get&_mbox=INBOX&_uid=2434&_token=DokbKsAhgUuIBhwXo3kTC5vzUNZUsRHg&_part=5
2025-03-11 14:23:33 - fatura_bot - INFO - Baixando anexo: https://lrvseguros.com.br:2096/cpsess0945419360/3rdparty/roundcube/?_task=mail&_action=get&_mbox=INBOX&_uid=2434&_token=DokbKsAhgUuIBhwXo3kTC5vzUNZUsRHg&_part=5
2025-03-11 14:23:34 - fatura_bot - INFO - Arquivo salvo como: relação de embarques - jgp pavanelli transporte - rctr-c - janeiro - 2025.xlsx
2025-03-11 14:23:34 - fatura_bot - INFO - Arquivo salvo como: relação de embarques - jgp pavanelli transporte - rctr-c - janeiro - 2025.xlsx
2025-03-11 14:23:34 - fatura_bot - INFO - Arquivo salvo como: relação de embarques - jgp pavanelli transporte - rctr-c - janeiro - 2025.xlsx
2025-03-11 14:23:34 - fatura_bot - INFO - Baixando anexo: https://lrvseguros.com.br:2096/cpsess0945419360/3rdparty/roundcube/?_task=mail&_action=get&_mbox=INBOX&_uid=2434&_token=DokbKsAhgUuIBhwXo3kTC5vzUNZUsRHg&_part=6
2025-03-11 14:23:34 - fatura_bot - INFO - Baixando anexo: https://lrvseguros.com.br:2096/cpsess0945419360/3rdparty/roundcube/?_task=mail&_action=get&_mbox=INBOX&_uid=2434&_token=DokbKsAhgUuIBhwXo3kTC5vzUNZUsRHg&_part=6
2025-03-11 14:23:34 - fatura_bot - INFO - Baixando anexo: https://lrvseguros.com.br:2096/cpsess0945419360/3rdparty/roundcube/?_task=mail&_action=get&_mbox=INBOX&_uid=2434&_token=DokbKsAhgUuIBhwXo3kTC5vzUNZUsRHg&_part=6
2025-03-11 14:23:35 - fatura_bot - INFO - Arquivo salvo como: resumo de embarques - jgp pavanelli transporte - rcf-dc - janeiro - 2025.pdf
2025-03-11 14:23:35 - fatura_bot - INFO - Arquivo salvo como: resumo de embarques - jgp pavanelli transporte - rcf-dc - janeiro - 2025.pdf
2025-03-11 14:23:35 - fatura_bot - INFO - Arquivo salvo como: resumo de embarques - jgp pavanelli transporte - rcf-dc - janeiro - 2025.pdf
2025-03-11 14:23:35 - fatura_bot - INFO - Baixando anexo: https://lrvseguros.com.br:2096/cpsess0945419360/3rdparty/roundcube/?_task=mail&_action=get&_mbox=INBOX&_uid=2434&_token=DokbKsAhgUuIBhwXo3kTC5vzUNZUsRHg&_part=7
2025-03-11 14:23:35 - fatura_bot - INFO - Baixando anexo: https://lrvseguros.com.br:2096/cpsess0945419360/3rdparty/roundcube/?_task=mail&_action=get&_mbox=INBOX&_uid=2434&_token=DokbKsAhgUuIBhwXo3kTC5vzUNZUsRHg&_part=7
2025-03-11 14:23:35 - fatura_bot - INFO - Baixando anexo: https://lrvseguros.com.br:2096/cpsess0945419360/3rdparty/roundcube/?_task=mail&_action=get&_mbox=INBOX&_uid=2434&_token=DokbKsAhgUuIBhwXo3kTC5vzUNZUsRHg&_part=7
2025-03-11 14:23:36 - fatura_bot - INFO - Arquivo salvo como: resumo de embarques - jgp pavanelli transporte - rctr-c - janeiro - 2025.pdf
2025-03-11 14:23:36 - fatura_bot - INFO - Arquivo salvo como: resumo de embarques - jgp pavanelli transporte - rctr-c - janeiro - 2025.pdf
2025-03-11 14:23:36 - fatura_bot - INFO - Arquivo salvo como: resumo de embarques - jgp pavanelli transporte - rctr-c - janeiro - 2025.pdf
2025-03-11 14:23:39 - fatura_bot - INFO - E-mails arquivados com sucesso
2025-03-11 14:23:39 - fatura_bot - INFO - E-mails arquivados com sucesso
2025-03-11 14:23:39 - fatura_bot - INFO - E-mails arquivados com sucesso
2025-03-11 14:23:41 - fatura_bot - INFO - Processando documento: endosso de fatura e boleto - jgp pavanelli transporte - rcf-dc - janeiro - 2025.pdf
2025-03-11 14:23:41 - fatura_bot - INFO - Processando documento: endosso de fatura e boleto - jgp pavanelli transporte - rcf-dc - janeiro - 2025.pdf
2025-03-11 14:23:41 - fatura_bot - INFO - Processando documento: endosso de fatura e boleto - jgp pavanelli transporte - rcf-dc - janeiro - 2025.pdf
2025-03-11 14:28:44 - fatura_bot - INFO - Encontrados 1 e-mails não lidos
2025-03-11 14:28:44 - fatura_bot - INFO - Encontrados 1 e-mails não lidos
2025-03-11 14:28:44 - fatura_bot - INFO - Encontrados 1 e-mails não lidos
2025-03-11 14:28:46 - fatura_bot - INFO - Baixando anexo: https://lrvseguros.com.br:2096/cpsess8787608152/3rdparty/roundcube/?_task=mail&_action=get&_mbox=INBOX&_uid=2435&_token=hiVrlteJZHuvbryHOuI11xr0EQkefwUk&_part=2
2025-03-11 14:28:46 - fatura_bot - INFO - Baixando anexo: https://lrvseguros.com.br:2096/cpsess8787608152/3rdparty/roundcube/?_task=mail&_action=get&_mbox=INBOX&_uid=2435&_token=hiVrlteJZHuvbryHOuI11xr0EQkefwUk&_part=2
2025-03-11 14:28:46 - fatura_bot - INFO - Baixando anexo: https://lrvseguros.com.br:2096/cpsess8787608152/3rdparty/roundcube/?_task=mail&_action=get&_mbox=INBOX&_uid=2435&_token=hiVrlteJZHuvbryHOuI11xr0EQkefwUk&_part=2
2025-03-11 14:28:47 - fatura_bot - INFO - Arquivo salvo como: endosso de fatura e boleto - jgp pavanelli transporte - rcf-dc - janeiro - 2025.pdf
2025-03-11 14:28:47 - fatura_bot - INFO - Arquivo salvo como: endosso de fatura e boleto - jgp pavanelli transporte - rcf-dc - janeiro - 2025.pdf
2025-03-11 14:28:47 - fatura_bot - INFO - Arquivo salvo como: endosso de fatura e boleto - jgp pavanelli transporte - rcf-dc - janeiro - 2025.pdf
2025-03-11 14:28:47 - fatura_bot - INFO - Baixando anexo: https://lrvseguros.com.br:2096/cpsess8787608152/3rdparty/roundcube/?_task=mail&_action=get&_mbox=INBOX&_uid=2435&_token=hiVrlteJZHuvbryHOuI11xr0EQkefwUk&_part=3
2025-03-11 14:28:47 - fatura_bot - INFO - Baixando anexo: https://lrvseguros.com.br:2096/cpsess8787608152/3rdparty/roundcube/?_task=mail&_action=get&_mbox=INBOX&_uid=2435&_token=hiVrlteJZHuvbryHOuI11xr0EQkefwUk&_part=3
2025-03-11 14:28:47 - fatura_bot - INFO - Baixando anexo: https://lrvseguros.com.br:2096/cpsess8787608152/3rdparty/roundcube/?_task=mail&_action=get&_mbox=INBOX&_uid=2435&_token=hiVrlteJZHuvbryHOuI11xr0EQkefwUk&_part=3
2025-03-11 14:28:48 - fatura_bot - INFO - Arquivo salvo como: endosso de fatura e boleto - jgp pavanelli transporte - rctr-c - janeiro - 2025.pdf
2025-03-11 14:28:48 - fatura_bot - INFO - Arquivo salvo como: endosso de fatura e boleto - jgp pavanelli transporte - rctr-c - janeiro - 2025.pdf
2025-03-11 14:28:48 - fatura_bot - INFO - Arquivo salvo como: endosso de fatura e boleto - jgp pavanelli transporte - rctr-c - janeiro - 2025.pdf
2025-03-11 14:28:48 - fatura_bot - INFO - Baixando anexo: https://lrvseguros.com.br:2096/cpsess8787608152/3rdparty/roundcube/?_task=mail&_action=get&_mbox=INBOX&_uid=2435&_token=hiVrlteJZHuvbryHOuI11xr0EQkefwUk&_part=4
2025-03-11 14:28:48 - fatura_bot - INFO - Baixando anexo: https://lrvseguros.com.br:2096/cpsess8787608152/3rdparty/roundcube/?_task=mail&_action=get&_mbox=INBOX&_uid=2435&_token=hiVrlteJZHuvbryHOuI11xr0EQkefwUk&_part=4
2025-03-11 14:28:48 - fatura_bot - INFO - Baixando anexo: https://lrvseguros.com.br:2096/cpsess8787608152/3rdparty/roundcube/?_task=mail&_action=get&_mbox=INBOX&_uid=2435&_token=hiVrlteJZHuvbryHOuI11xr0EQkefwUk&_part=4
2025-03-11 14:28:49 - fatura_bot - INFO - Arquivo salvo como: relação de embarques - jgp pavanelli transporte - rcf-dc - janeiro - 2025.xlsx
2025-03-11 14:28:49 - fatura_bot - INFO - Arquivo salvo como: relação de embarques - jgp pavanelli transporte - rcf-dc - janeiro - 2025.xlsx
2025-03-11 14:28:49 - fatura_bot - INFO - Arquivo salvo como: relação de embarques - jgp pavanelli transporte - rcf-dc - janeiro - 2025.xlsx
2025-03-11 14:28:49 - fatura_bot - INFO - Baixando anexo: https://lrvseguros.com.br:2096/cpsess8787608152/3rdparty/roundcube/?_task=mail&_action=get&_mbox=INBOX&_uid=2435&_token=hiVrlteJZHuvbryHOuI11xr0EQkefwUk&_part=5
2025-03-11 14:28:49 - fatura_bot - INFO - Baixando anexo: https://lrvseguros.com.br:2096/cpsess8787608152/3rdparty/roundcube/?_task=mail&_action=get&_mbox=INBOX&_uid=2435&_token=hiVrlteJZHuvbryHOuI11xr0EQkefwUk&_part=5
2025-03-11 14:28:49 - fatura_bot - INFO - Baixando anexo: https://lrvseguros.com.br:2096/cpsess8787608152/3rdparty/roundcube/?_task=mail&_action=get&_mbox=INBOX&_uid=2435&_token=hiVrlteJZHuvbryHOuI11xr0EQkefwUk&_part=5
2025-03-11 14:28:50 - fatura_bot - INFO - Arquivo salvo como: relação de embarques - jgp pavanelli transporte - rctr-c - janeiro - 2025.xlsx
2025-03-11 14:28:50 - fatura_bot - INFO - Arquivo salvo como: relação de embarques - jgp pavanelli transporte - rctr-c - janeiro - 2025.xlsx
2025-03-11 14:28:50 - fatura_bot - INFO - Arquivo salvo como: relação de embarques - jgp pavanelli transporte - rctr-c - janeiro - 2025.xlsx
2025-03-11 14:28:50 - fatura_bot - INFO - Baixando anexo: https://lrvseguros.com.br:2096/cpsess8787608152/3rdparty/roundcube/?_task=mail&_action=get&_mbox=INBOX&_uid=2435&_token=hiVrlteJZHuvbryHOuI11xr0EQkefwUk&_part=6
2025-03-11 14:28:50 - fatura_bot - INFO - Baixando anexo: https://lrvseguros.com.br:2096/cpsess8787608152/3rdparty/roundcube/?_task=mail&_action=get&_mbox=INBOX&_uid=2435&_token=hiVrlteJZHuvbryHOuI11xr0EQkefwUk&_part=6
2025-03-11 14:28:50 - fatura_bot - INFO - Baixando anexo: https://lrvseguros.com.br:2096/cpsess8787608152/3rdparty/roundcube/?_task=mail&_action=get&_mbox=INBOX&_uid=2435&_token=hiVrlteJZHuvbryHOuI11xr0EQkefwUk&_part=6
2025-03-11 14:28:51 - fatura_bot - INFO - Arquivo salvo como: resumo de embarques - jgp pavanelli transporte - rcf-dc - janeiro - 2025.pdf
2025-03-11 14:28:51 - fatura_bot - INFO - Arquivo salvo como: resumo de embarques - jgp pavanelli transporte - rcf-dc - janeiro - 2025.pdf
2025-03-11 14:28:51 - fatura_bot - INFO - Arquivo salvo como: resumo de embarques - jgp pavanelli transporte - rcf-dc - janeiro - 2025.pdf
2025-03-11 14:28:51 - fatura_bot - INFO - Baixando anexo: https://lrvseguros.com.br:2096/cpsess8787608152/3rdparty/roundcube/?_task=mail&_action=get&_mbox=INBOX&_uid=2435&_token=hiVrlteJZHuvbryHOuI11xr0EQkefwUk&_part=7
2025-03-11 14:28:51 - fatura_bot - INFO - Baixando anexo: https://lrvseguros.com.br:2096/cpsess8787608152/3rdparty/roundcube/?_task=mail&_action=get&_mbox=INBOX&_uid=2435&_token=hiVrlteJZHuvbryHOuI11xr0EQkefwUk&_part=7
2025-03-11 14:28:51 - fatura_bot - INFO - Baixando anexo: https://lrvseguros.com.br:2096/cpsess8787608152/3rdparty/roundcube/?_task=mail&_action=get&_mbox=INBOX&_uid=2435&_token=hiVrlteJZHuvbryHOuI11xr0EQkefwUk&_part=7
2025-03-11 14:28:52 - fatura_bot - INFO - Arquivo salvo como: resumo de embarques - jgp pavanelli transporte - rctr-c - janeiro - 2025.pdf
2025-03-11 14:28:52 - fatura_bot - INFO - Arquivo salvo como: resumo de embarques - jgp pavanelli transporte - rctr-c - janeiro - 2025.pdf
2025-03-11 14:28:52 - fatura_bot - INFO - Arquivo salvo como: resumo de embarques - jgp pavanelli transporte - rctr-c - janeiro - 2025.pdf
2025-03-11 14:28:55 - fatura_bot - INFO - E-mails arquivados com sucesso
2025-03-11 14:28:55 - fatura_bot - INFO - E-mails arquivados com sucesso
2025-03-11 14:28:55 - fatura_bot - INFO - E-mails arquivados com sucesso
2025-03-11 14:28:58 - fatura_bot - INFO - Processando documento: endosso de fatura e boleto - jgp pavanelli transporte - rcf-dc - janeiro - 2025.pdf
2025-03-11 14:28:58 - fatura_bot - INFO - Processando documento: endosso de fatura e boleto - jgp pavanelli transporte - rcf-dc - janeiro - 2025.pdf
2025-03-11 14:28:58 - fatura_bot - INFO - Processando documento: endosso de fatura e boleto - jgp pavanelli transporte - rcf-dc - janeiro - 2025.pdf
2025-03-11 14:31:53 - fatura_bot - INFO - Encontrados 1 e-mails não lidos
2025-03-11 14:31:53 - fatura_bot - INFO - Encontrados 1 e-mails não lidos
2025-03-11 14:31:53 - fatura_bot - INFO - Encontrados 1 e-mails não lidos
2025-03-11 14:31:55 - fatura_bot - INFO - Baixando anexo: https://lrvseguros.com.br:2096/cpsess6933971704/3rdparty/roundcube/?_task=mail&_action=get&_mbox=INBOX&_uid=2436&_token=sYepAID9QNjdl7kt69uyBIdmBxhNfWrZ&_part=2
2025-03-11 14:31:55 - fatura_bot - INFO - Baixando anexo: https://lrvseguros.com.br:2096/cpsess6933971704/3rdparty/roundcube/?_task=mail&_action=get&_mbox=INBOX&_uid=2436&_token=sYepAID9QNjdl7kt69uyBIdmBxhNfWrZ&_part=2
2025-03-11 14:31:55 - fatura_bot - INFO - Baixando anexo: https://lrvseguros.com.br:2096/cpsess6933971704/3rdparty/roundcube/?_task=mail&_action=get&_mbox=INBOX&_uid=2436&_token=sYepAID9QNjdl7kt69uyBIdmBxhNfWrZ&_part=2
2025-03-11 14:31:56 - fatura_bot - INFO - Arquivo salvo como: endosso de fatura e boleto - jgp pavanelli transporte - rcf-dc - janeiro - 2025.pdf
2025-03-11 14:31:56 - fatura_bot - INFO - Arquivo salvo como: endosso de fatura e boleto - jgp pavanelli transporte - rcf-dc - janeiro - 2025.pdf
2025-03-11 14:31:56 - fatura_bot - INFO - Arquivo salvo como: endosso de fatura e boleto - jgp pavanelli transporte - rcf-dc - janeiro - 2025.pdf
2025-03-11 14:31:56 - fatura_bot - INFO - Baixando anexo: https://lrvseguros.com.br:2096/cpsess6933971704/3rdparty/roundcube/?_task=mail&_action=get&_mbox=INBOX&_uid=2436&_token=sYepAID9QNjdl7kt69uyBIdmBxhNfWrZ&_part=3
2025-03-11 14:31:56 - fatura_bot - INFO - Baixando anexo: https://lrvseguros.com.br:2096/cpsess6933971704/3rdparty/roundcube/?_task=mail&_action=get&_mbox=INBOX&_uid=2436&_token=sYepAID9QNjdl7kt69uyBIdmBxhNfWrZ&_part=3
2025-03-11 14:31:56 - fatura_bot - INFO - Baixando anexo: https://lrvseguros.com.br:2096/cpsess6933971704/3rdparty/roundcube/?_task=mail&_action=get&_mbox=INBOX&_uid=2436&_token=sYepAID9QNjdl7kt69uyBIdmBxhNfWrZ&_part=3
2025-03-11 14:31:57 - fatura_bot - INFO - Arquivo salvo como: endosso de fatura e boleto - jgp pavanelli transporte - rctr-c - janeiro - 2025.pdf
2025-03-11 14:31:57 - fatura_bot - INFO - Arquivo salvo como: endosso de fatura e boleto - jgp pavanelli transporte - rctr-c - janeiro - 2025.pdf
2025-03-11 14:31:57 - fatura_bot - INFO - Arquivo salvo como: endosso de fatura e boleto - jgp pavanelli transporte - rctr-c - janeiro - 2025.pdf
2025-03-11 14:31:57 - fatura_bot - INFO - Baixando anexo: https://lrvseguros.com.br:2096/cpsess6933971704/3rdparty/roundcube/?_task=mail&_action=get&_mbox=INBOX&_uid=2436&_token=sYepAID9QNjdl7kt69uyBIdmBxhNfWrZ&_part=4
2025-03-11 14:31:57 - fatura_bot - INFO - Baixando anexo: https://lrvseguros.com.br:2096/cpsess6933971704/3rdparty/roundcube/?_task=mail&_action=get&_mbox=INBOX&_uid=2436&_token=sYepAID9QNjdl7kt69uyBIdmBxhNfWrZ&_part=4
2025-03-11 14:31:57 - fatura_bot - INFO - Baixando anexo: https://lrvseguros.com.br:2096/cpsess6933971704/3rdparty/roundcube/?_task=mail&_action=get&_mbox=INBOX&_uid=2436&_token=sYepAID9QNjdl7kt69uyBIdmBxhNfWrZ&_part=4
2025-03-11 14:31:58 - fatura_bot - INFO - Arquivo salvo como: relação de embarques - jgp pavanelli transporte - rcf-dc - janeiro - 2025.xlsx
2025-03-11 14:31:58 - fatura_bot - INFO - Arquivo salvo como: relação de embarques - jgp pavanelli transporte - rcf-dc - janeiro - 2025.xlsx
2025-03-11 14:31:58 - fatura_bot - INFO - Arquivo salvo como: relação de embarques - jgp pavanelli transporte - rcf-dc - janeiro - 2025.xlsx
2025-03-11 14:31:58 - fatura_bot - INFO - Baixando anexo: https://lrvseguros.com.br:2096/cpsess6933971704/3rdparty/roundcube/?_task=mail&_action=get&_mbox=INBOX&_uid=2436&_token=sYepAID9QNjdl7kt69uyBIdmBxhNfWrZ&_part=5
2025-03-11 14:31:58 - fatura_bot - INFO - Baixando anexo: https://lrvseguros.com.br:2096/cpsess6933971704/3rdparty/roundcube/?_task=mail&_action=get&_mbox=INBOX&_uid=2436&_token=sYepAID9QNjdl7kt69uyBIdmBxhNfWrZ&_part=5
2025-03-11 14:31:58 - fatura_bot - INFO - Baixando anexo: https://lrvseguros.com.br:2096/cpsess6933971704/3rdparty/roundcube/?_task=mail&_action=get&_mbox=INBOX&_uid=2436&_token=sYepAID9QNjdl7kt69uyBIdmBxhNfWrZ&_part=5
2025-03-11 14:31:59 - fatura_bot - INFO - Arquivo salvo como: relação de embarques - jgp pavanelli transporte - rctr-c - janeiro - 2025.xlsx
2025-03-11 14:31:59 - fatura_bot - INFO - Arquivo salvo como: relação de embarques - jgp pavanelli transporte - rctr-c - janeiro - 2025.xlsx
2025-03-11 14:31:59 - fatura_bot - INFO - Arquivo salvo como: relação de embarques - jgp pavanelli transporte - rctr-c - janeiro - 2025.xlsx
2025-03-11 14:31:59 - fatura_bot - INFO - Baixando anexo: https://lrvseguros.com.br:2096/cpsess6933971704/3rdparty/roundcube/?_task=mail&_action=get&_mbox=INBOX&_uid=2436&_token=sYepAID9QNjdl7kt69uyBIdmBxhNfWrZ&_part=6
2025-03-11 14:31:59 - fatura_bot - INFO - Baixando anexo: https://lrvseguros.com.br:2096/cpsess6933971704/3rdparty/roundcube/?_task=mail&_action=get&_mbox=INBOX&_uid=2436&_token=sYepAID9QNjdl7kt69uyBIdmBxhNfWrZ&_part=6
2025-03-11 14:31:59 - fatura_bot - INFO - Baixando anexo: https://lrvseguros.com.br:2096/cpsess6933971704/3rdparty/roundcube/?_task=mail&_action=get&_mbox=INBOX&_uid=2436&_token=sYepAID9QNjdl7kt69uyBIdmBxhNfWrZ&_part=6
2025-03-11 14:32:00 - fatura_bot - INFO - Arquivo salvo como: resumo de embarques - jgp pavanelli transporte - rcf-dc - janeiro - 2025.pdf
2025-03-11 14:32:00 - fatura_bot - INFO - Arquivo salvo como: resumo de embarques - jgp pavanelli transporte - rcf-dc - janeiro - 2025.pdf
2025-03-11 14:32:00 - fatura_bot - INFO - Arquivo salvo como: resumo de embarques - jgp pavanelli transporte - rcf-dc - janeiro - 2025.pdf
2025-03-11 14:32:00 - fatura_bot - INFO - Baixando anexo: https://lrvseguros.com.br:2096/cpsess6933971704/3rdparty/roundcube/?_task=mail&_action=get&_mbox=INBOX&_uid=2436&_token=sYepAID9QNjdl7kt69uyBIdmBxhNfWrZ&_part=7
2025-03-11 14:32:00 - fatura_bot - INFO - Baixando anexo: https://lrvseguros.com.br:2096/cpsess6933971704/3rdparty/roundcube/?_task=mail&_action=get&_mbox=INBOX&_uid=2436&_token=sYepAID9QNjdl7kt69uyBIdmBxhNfWrZ&_part=7
2025-03-11 14:32:00 - fatura_bot - INFO - Baixando anexo: https://lrvseguros.com.br:2096/cpsess6933971704/3rdparty/roundcube/?_task=mail&_action=get&_mbox=INBOX&_uid=2436&_token=sYepAID9QNjdl7kt69uyBIdmBxhNfWrZ&_part=7
2025-03-11 14:32:01 - fatura_bot - INFO - Arquivo salvo como: resumo de embarques - jgp pavanelli transporte - rctr-c - janeiro - 2025.pdf
2025-03-11 14:32:01 - fatura_bot - INFO - Arquivo salvo como: resumo de embarques - jgp pavanelli transporte - rctr-c - janeiro - 2025.pdf
2025-03-11 14:32:01 - fatura_bot - INFO - Arquivo salvo como: resumo de embarques - jgp pavanelli transporte - rctr-c - janeiro - 2025.pdf
2025-03-11 14:32:04 - fatura_bot - INFO - E-mails arquivados com sucesso
2025-03-11 14:32:04 - fatura_bot - INFO - E-mails arquivados com sucesso
2025-03-11 14:32:04 - fatura_bot - INFO - E-mails arquivados com sucesso
2025-03-11 14:32:06 - fatura_bot - INFO - Processando documento: endosso de fatura e boleto - jgp pavanelli transporte - rcf-dc - janeiro - 2025.pdf
2025-03-11 14:32:06 - fatura_bot - INFO - Processando documento: endosso de fatura e boleto - jgp pavanelli transporte - rcf-dc - janeiro - 2025.pdf
2025-03-11 14:32:06 - fatura_bot - INFO - Processando documento: endosso de fatura e boleto - jgp pavanelli transporte - rcf-dc - janeiro - 2025.pdf
2025-03-11 14:32:24 - fatura_bot - INFO - Iniciando processo de automação
2025-03-11 14:32:24 - fatura_bot - INFO - Iniciando processo de automação
2025-03-11 14:32:24 - fatura_bot - INFO - Iniciando processo de automação
2025-03-11 14:32:48 - fatura_bot - ERROR - Erro ao processar documento Chubb: 'NoneType' object is not iterable
Traceback (most recent call last):
  File "c:\Users\ESTAGIARIO\Desktop\bots\Bot-Faturas\main.py", line 192, in <module>
    quiver(dados, documento, tipo_seguradora=TIPO_SEGURADORA['chubb'])
    ~~~~~~^^^^^^^^^^^^^^^^^^^^^^^^^^^^^^^^^^^^^^^^^^^^^^^^^^^^^^^^^^^^
  File "c:\Users\ESTAGIARIO\Desktop\bots\Bot-Faturas\src\services\web_automation.py", line 232, in quiver
    campo_proposta.send_keys(dados[2])
    ~~~~~~~~~~~~~~~~~~~~~~~~^^^^^^^^^^
  File "C:\Users\ESTAGIARIO\AppData\Roaming\Python\Python313\site-packages\selenium\webdriver\remote\webelement.py", line 302, in send_keys
    Command.SEND_KEYS_TO_ELEMENT, {"text": "".join(keys_to_typing(value)), "value": keys_to_typing(value)}
                                                   ~~~~~~~~~~~~~~^^^^^^^
  File "C:\Users\ESTAGIARIO\AppData\Roaming\Python\Python313\site-packages\selenium\webdriver\common\utils.py", line 137, in keys_to_typing
    characters.extend(val)
    ~~~~~~~~~~~~~~~~~^^^^^
TypeError: 'NoneType' object is not iterable
2025-03-11 14:32:48 - fatura_bot - ERROR - Erro ao processar documento Chubb: 'NoneType' object is not iterable
Traceback (most recent call last):
  File "c:\Users\ESTAGIARIO\Desktop\bots\Bot-Faturas\main.py", line 192, in <module>
    quiver(dados, documento, tipo_seguradora=TIPO_SEGURADORA['chubb'])
    ~~~~~~^^^^^^^^^^^^^^^^^^^^^^^^^^^^^^^^^^^^^^^^^^^^^^^^^^^^^^^^^^^^
  File "c:\Users\ESTAGIARIO\Desktop\bots\Bot-Faturas\src\services\web_automation.py", line 232, in quiver
    campo_proposta.send_keys(dados[2])
    ~~~~~~~~~~~~~~~~~~~~~~~~^^^^^^^^^^
  File "C:\Users\ESTAGIARIO\AppData\Roaming\Python\Python313\site-packages\selenium\webdriver\remote\webelement.py", line 302, in send_keys
    Command.SEND_KEYS_TO_ELEMENT, {"text": "".join(keys_to_typing(value)), "value": keys_to_typing(value)}
                                                   ~~~~~~~~~~~~~~^^^^^^^
  File "C:\Users\ESTAGIARIO\AppData\Roaming\Python\Python313\site-packages\selenium\webdriver\common\utils.py", line 137, in keys_to_typing
    characters.extend(val)
    ~~~~~~~~~~~~~~~~~^^^^^
TypeError: 'NoneType' object is not iterable
2025-03-11 14:32:48 - fatura_bot - ERROR - Erro ao processar documento Chubb: 'NoneType' object is not iterable
Traceback (most recent call last):
  File "c:\Users\ESTAGIARIO\Desktop\bots\Bot-Faturas\main.py", line 192, in <module>
    quiver(dados, documento, tipo_seguradora=TIPO_SEGURADORA['chubb'])
    ~~~~~~^^^^^^^^^^^^^^^^^^^^^^^^^^^^^^^^^^^^^^^^^^^^^^^^^^^^^^^^^^^^
  File "c:\Users\ESTAGIARIO\Desktop\bots\Bot-Faturas\src\services\web_automation.py", line 232, in quiver
    campo_proposta.send_keys(dados[2])
    ~~~~~~~~~~~~~~~~~~~~~~~~^^^^^^^^^^
  File "C:\Users\ESTAGIARIO\AppData\Roaming\Python\Python313\site-packages\selenium\webdriver\remote\webelement.py", line 302, in send_keys
    Command.SEND_KEYS_TO_ELEMENT, {"text": "".join(keys_to_typing(value)), "value": keys_to_typing(value)}
                                                   ~~~~~~~~~~~~~~^^^^^^^
  File "C:\Users\ESTAGIARIO\AppData\Roaming\Python\Python313\site-packages\selenium\webdriver\common\utils.py", line 137, in keys_to_typing
    characters.extend(val)
    ~~~~~~~~~~~~~~~~~^^^^^
TypeError: 'NoneType' object is not iterable
2025-03-11 14:32:48 - fatura_bot - INFO - Processando documento: endosso de fatura e boleto - jgp pavanelli transporte - rctr-c - janeiro - 2025.pdf
2025-03-11 14:32:48 - fatura_bot - INFO - Processando documento: endosso de fatura e boleto - jgp pavanelli transporte - rctr-c - janeiro - 2025.pdf
2025-03-11 14:32:48 - fatura_bot - INFO - Processando documento: endosso de fatura e boleto - jgp pavanelli transporte - rctr-c - janeiro - 2025.pdf
